[2024-10-08 07:49:12Z INFO HostContext] No proxy settings were found based on environmental variables (http_proxy/https_proxy/HTTP_PROXY/HTTPS_PROXY)
[2024-10-08 07:49:12Z INFO HostContext] Well known directory 'Bin': 'C:\Users\kunjm\OneDrive\Desktop\Project\CI-CD Pipeline\actions-runner\actions-runner-win-x64-2.320.0\bin'
[2024-10-08 07:49:12Z INFO HostContext] Well known directory 'Root': 'C:\Users\kunjm\OneDrive\Desktop\Project\CI-CD Pipeline\actions-runner\actions-runner-win-x64-2.320.0'
[2024-10-08 07:49:12Z INFO HostContext] Well known config file 'Credentials': 'C:\Users\kunjm\OneDrive\Desktop\Project\CI-CD Pipeline\actions-runner\actions-runner-win-x64-2.320.0\.credentials'
[2024-10-08 07:49:12Z INFO HostContext] Well known directory 'Bin': 'C:\Users\kunjm\OneDrive\Desktop\Project\CI-CD Pipeline\actions-runner\actions-runner-win-x64-2.320.0\bin'
[2024-10-08 07:49:12Z INFO HostContext] Well known directory 'Root': 'C:\Users\kunjm\OneDrive\Desktop\Project\CI-CD Pipeline\actions-runner\actions-runner-win-x64-2.320.0'
[2024-10-08 07:49:12Z INFO HostContext] Well known config file 'Runner': 'C:\Users\kunjm\OneDrive\Desktop\Project\CI-CD Pipeline\actions-runner\actions-runner-win-x64-2.320.0\.runner'
[2024-10-08 07:49:12Z INFO Listener] Runner is built for Windows (X64) - win-x64.
[2024-10-08 07:49:12Z INFO Listener] RuntimeInformation: Microsoft Windows 10.0.22631.
[2024-10-08 07:49:12Z INFO Listener] Version: 2.320.0
[2024-10-08 07:49:12Z INFO Listener] Commit: 78f21670b4a58aff19b5189207f54eb2bee324d1
[2024-10-08 07:49:12Z INFO Listener] Culture: en-US
[2024-10-08 07:49:12Z INFO Listener] UI Culture: en-US
[2024-10-08 07:49:12Z INFO HostContext] Well known directory 'Bin': 'C:\Users\kunjm\OneDrive\Desktop\Project\CI-CD Pipeline\actions-runner\actions-runner-win-x64-2.320.0\bin'
[2024-10-08 07:49:12Z INFO HostContext] Well known directory 'Root': 'C:\Users\kunjm\OneDrive\Desktop\Project\CI-CD Pipeline\actions-runner\actions-runner-win-x64-2.320.0'
[2024-10-08 07:49:12Z INFO Listener] Validating directory permissions for: 'C:\Users\kunjm\OneDrive\Desktop\Project\CI-CD Pipeline\actions-runner\actions-runner-win-x64-2.320.0'
[2024-10-08 07:49:12Z INFO CommandLineParser] Parse
[2024-10-08 07:49:12Z INFO CommandLineParser] Parsing 1 args
[2024-10-08 07:49:12Z INFO CommandLineParser] parsing argument
[2024-10-08 07:49:12Z INFO CommandLineParser] HasArgs: False
[2024-10-08 07:49:12Z INFO CommandLineParser] Adding Command: run
[2024-10-08 07:49:12Z INFO Listener] Arguments parsed
[2024-10-08 07:49:12Z INFO Runner] ExecuteCommand
[2024-10-08 07:49:12Z INFO ConfigurationStore] currentAssemblyLocation: C:\Users\kunjm\OneDrive\Desktop\Project\CI-CD Pipeline\actions-runner\actions-runner-win-x64-2.320.0\bin\Runner.Listener.dll
[2024-10-08 07:49:12Z INFO HostContext] Well known directory 'Bin': 'C:\Users\kunjm\OneDrive\Desktop\Project\CI-CD Pipeline\actions-runner\actions-runner-win-x64-2.320.0\bin'
[2024-10-08 07:49:12Z INFO ConfigurationStore] binPath: C:\Users\kunjm\OneDrive\Desktop\Project\CI-CD Pipeline\actions-runner\actions-runner-win-x64-2.320.0\bin
[2024-10-08 07:49:12Z INFO HostContext] Well known directory 'Bin': 'C:\Users\kunjm\OneDrive\Desktop\Project\CI-CD Pipeline\actions-runner\actions-runner-win-x64-2.320.0\bin'
[2024-10-08 07:49:12Z INFO HostContext] Well known directory 'Root': 'C:\Users\kunjm\OneDrive\Desktop\Project\CI-CD Pipeline\actions-runner\actions-runner-win-x64-2.320.0'
[2024-10-08 07:49:12Z INFO ConfigurationStore] RootFolder: C:\Users\kunjm\OneDrive\Desktop\Project\CI-CD Pipeline\actions-runner\actions-runner-win-x64-2.320.0
[2024-10-08 07:49:12Z INFO HostContext] Well known directory 'Bin': 'C:\Users\kunjm\OneDrive\Desktop\Project\CI-CD Pipeline\actions-runner\actions-runner-win-x64-2.320.0\bin'
[2024-10-08 07:49:12Z INFO HostContext] Well known directory 'Root': 'C:\Users\kunjm\OneDrive\Desktop\Project\CI-CD Pipeline\actions-runner\actions-runner-win-x64-2.320.0'
[2024-10-08 07:49:12Z INFO HostContext] Well known config file 'Runner': 'C:\Users\kunjm\OneDrive\Desktop\Project\CI-CD Pipeline\actions-runner\actions-runner-win-x64-2.320.0\.runner'
[2024-10-08 07:49:12Z INFO ConfigurationStore] ConfigFilePath: C:\Users\kunjm\OneDrive\Desktop\Project\CI-CD Pipeline\actions-runner\actions-runner-win-x64-2.320.0\.runner
[2024-10-08 07:49:12Z INFO HostContext] Well known directory 'Bin': 'C:\Users\kunjm\OneDrive\Desktop\Project\CI-CD Pipeline\actions-runner\actions-runner-win-x64-2.320.0\bin'
[2024-10-08 07:49:12Z INFO HostContext] Well known directory 'Root': 'C:\Users\kunjm\OneDrive\Desktop\Project\CI-CD Pipeline\actions-runner\actions-runner-win-x64-2.320.0'
[2024-10-08 07:49:12Z INFO HostContext] Well known config file 'Credentials': 'C:\Users\kunjm\OneDrive\Desktop\Project\CI-CD Pipeline\actions-runner\actions-runner-win-x64-2.320.0\.credentials'
[2024-10-08 07:49:12Z INFO ConfigurationStore] CredFilePath: C:\Users\kunjm\OneDrive\Desktop\Project\CI-CD Pipeline\actions-runner\actions-runner-win-x64-2.320.0\.credentials
[2024-10-08 07:49:12Z INFO HostContext] Well known directory 'Bin': 'C:\Users\kunjm\OneDrive\Desktop\Project\CI-CD Pipeline\actions-runner\actions-runner-win-x64-2.320.0\bin'
[2024-10-08 07:49:12Z INFO HostContext] Well known directory 'Root': 'C:\Users\kunjm\OneDrive\Desktop\Project\CI-CD Pipeline\actions-runner\actions-runner-win-x64-2.320.0'
[2024-10-08 07:49:12Z INFO HostContext] Well known config file 'MigratedCredentials': 'C:\Users\kunjm\OneDrive\Desktop\Project\CI-CD Pipeline\actions-runner\actions-runner-win-x64-2.320.0\.credentials_migrated'
[2024-10-08 07:49:12Z INFO ConfigurationStore] MigratedCredFilePath: C:\Users\kunjm\OneDrive\Desktop\Project\CI-CD Pipeline\actions-runner\actions-runner-win-x64-2.320.0\.credentials_migrated
[2024-10-08 07:49:12Z INFO HostContext] Well known directory 'Bin': 'C:\Users\kunjm\OneDrive\Desktop\Project\CI-CD Pipeline\actions-runner\actions-runner-win-x64-2.320.0\bin'
[2024-10-08 07:49:12Z INFO HostContext] Well known directory 'Root': 'C:\Users\kunjm\OneDrive\Desktop\Project\CI-CD Pipeline\actions-runner\actions-runner-win-x64-2.320.0'
[2024-10-08 07:49:12Z INFO HostContext] Well known config file 'Service': 'C:\Users\kunjm\OneDrive\Desktop\Project\CI-CD Pipeline\actions-runner\actions-runner-win-x64-2.320.0\.service'
[2024-10-08 07:49:12Z INFO ConfigurationStore] ServiceConfigFilePath: C:\Users\kunjm\OneDrive\Desktop\Project\CI-CD Pipeline\actions-runner\actions-runner-win-x64-2.320.0\.service
[2024-10-08 07:49:12Z INFO CommandSettings] Flag 'help': 'False'
[2024-10-08 07:49:12Z INFO CommandSettings] Flag 'version': 'False'
[2024-10-08 07:49:12Z INFO CommandSettings] Flag 'commit': 'False'
[2024-10-08 07:49:12Z INFO CommandSettings] Flag 'check': 'False'
[2024-10-08 07:49:12Z INFO CommandSettings] Command 'configure': 'False'
[2024-10-08 07:49:12Z INFO CommandSettings] Command 'remove': 'False'
[2024-10-08 07:49:12Z INFO CommandSettings] Command 'warmup': 'False'
[2024-10-08 07:49:12Z INFO ConfigurationManager] LoadSettings
[2024-10-08 07:49:12Z INFO ConfigurationStore] IsConfigured()
[2024-10-08 07:49:12Z INFO ConfigurationStore] IsConfigured: True
[2024-10-08 07:49:12Z INFO ConfigurationManager] Is configured: True
[2024-10-08 07:49:12Z INFO ConfigurationStore] Read setting file: 302 chars
[2024-10-08 07:49:12Z INFO ConfigurationManager] Settings Loaded
[2024-10-08 07:49:12Z INFO ConfigurationStore] IsServiceConfigured()
[2024-10-08 07:49:12Z INFO ConfigurationStore] IsServiceConfigured: False
[2024-10-08 07:49:12Z INFO CommandSettings] Command 'run': 'True'
[2024-10-08 07:49:12Z INFO ConfigurationStore] IsConfigured()
[2024-10-08 07:49:12Z INFO ConfigurationStore] IsConfigured: True
[2024-10-08 07:49:12Z INFO ConfigurationManager] Is configured: True
[2024-10-08 07:49:12Z INFO Runner] Could not parse the argument value '' for StartupType. Defaulting to Manual
[2024-10-08 07:49:12Z INFO Runner] Set runner startup type - Manual
[2024-10-08 07:49:12Z INFO CommandSettings] Flag 'once': 'False'
[2024-10-08 07:49:12Z INFO CommandSettings] Flag 'once': 'False'
[2024-10-08 07:49:12Z INFO Runner] RunAsync
[2024-10-08 07:49:12Z INFO ConfigurationManager] LoadSettings
[2024-10-08 07:49:12Z INFO ConfigurationStore] IsConfigured()
[2024-10-08 07:49:12Z INFO ConfigurationStore] IsConfigured: True
[2024-10-08 07:49:12Z INFO ConfigurationManager] Is configured: True
[2024-10-08 07:49:12Z INFO ConfigurationManager] Settings Loaded
[2024-10-08 07:49:12Z INFO MessageListener] {
  "AgentId": 2,
  "AgentName": "KUNJ",
  "PoolId": 1,
  "PoolName": "Default",
  "ServerUrl": "https://pipelinesghubeus3.actions.githubusercontent.com/cMIS5mXhHSWRVrPhTKq1oMYrX5NahzhHpp1yins7Qw9TqExS1R/",
  "GitHubUrl": "https://github.com/Kunj-Mori/MERN-DashBoard",
  "WorkFolder": "_work"
}
[2024-10-08 07:49:12Z INFO MessageListener] Loading Credentials
[2024-10-08 07:49:12Z INFO ConfigurationStore] HasCredentials()
[2024-10-08 07:49:12Z INFO ConfigurationStore] stored True
[2024-10-08 07:49:12Z INFO CredentialManager] GetCredentialProvider
[2024-10-08 07:49:12Z INFO CredentialManager] Creating type OAuth
[2024-10-08 07:49:12Z INFO CredentialManager] Creating credential type: OAuth
[2024-10-08 07:49:12Z INFO HostContext] Well known directory 'Bin': 'C:\Users\kunjm\OneDrive\Desktop\Project\CI-CD Pipeline\actions-runner\actions-runner-win-x64-2.320.0\bin'
[2024-10-08 07:49:12Z INFO HostContext] Well known directory 'Root': 'C:\Users\kunjm\OneDrive\Desktop\Project\CI-CD Pipeline\actions-runner\actions-runner-win-x64-2.320.0'
[2024-10-08 07:49:12Z INFO HostContext] Well known config file 'RSACredentials': 'C:\Users\kunjm\OneDrive\Desktop\Project\CI-CD Pipeline\actions-runner\actions-runner-win-x64-2.320.0\.credentials_rsaparams'
[2024-10-08 07:49:12Z INFO RSAEncryptedFileKeyManager] Loading RSA key parameters from file C:\Users\kunjm\OneDrive\Desktop\Project\CI-CD Pipeline\actions-runner\actions-runner-win-x64-2.320.0\.credentials_rsaparams
[2024-10-08 07:49:12Z INFO MessageListener] Attempt to create session.
[2024-10-08 07:49:12Z INFO MessageListener] Connecting to the Runner Server...
[2024-10-08 07:49:12Z INFO RunnerServer] EstablishVssConnection
[2024-10-08 07:49:12Z INFO RunnerServer] Establish connection with 100 seconds timeout.
[2024-10-08 07:49:12Z INFO GitHubActionsService] Starting operation Location.GetConnectionData
[2024-10-08 07:49:12Z INFO RunnerServer] EstablishVssConnection
[2024-10-08 07:49:12Z INFO RunnerServer] Establish connection with 60 seconds timeout.
[2024-10-08 07:49:12Z INFO GitHubActionsService] Starting operation Location.GetConnectionData
[2024-10-08 07:49:12Z INFO RunnerServer] EstablishVssConnection
[2024-10-08 07:49:12Z INFO RunnerServer] Establish connection with 60 seconds timeout.
[2024-10-08 07:49:12Z INFO GitHubActionsService] Starting operation Location.GetConnectionData
[2024-10-08 07:49:13Z INFO GitHubActionsService] Finished operation Location.GetConnectionData
[2024-10-08 07:49:13Z INFO GitHubActionsService] Finished operation Location.GetConnectionData
[2024-10-08 07:49:13Z INFO GitHubActionsService] Finished operation Location.GetConnectionData
[2024-10-08 07:49:14Z INFO GitHubActionsService] Starting operation Location.GetConnectionData
[2024-10-08 07:49:15Z INFO GitHubActionsService] Finished operation Location.GetConnectionData
[2024-10-08 07:49:15Z INFO GitHubActionsService] Starting operation Location.GetConnectionData
[2024-10-08 07:49:15Z INFO GitHubActionsService] Finished operation Location.GetConnectionData
[2024-10-08 07:49:15Z INFO GitHubActionsService] Starting operation Location.GetConnectionData
[2024-10-08 07:49:17Z INFO GitHubActionsService] Finished operation Location.GetConnectionData
[2024-10-08 07:49:17Z INFO MessageListener] VssConnection created
[2024-10-08 07:49:17Z INFO Terminal] WRITE LINE: 
[2024-10-08 07:49:17Z INFO Terminal] WRITE LINE: 
[2024-10-08 07:49:17Z INFO RSAEncryptedFileKeyManager] Loading RSA key parameters from file C:\Users\kunjm\OneDrive\Desktop\Project\CI-CD Pipeline\actions-runner\actions-runner-win-x64-2.320.0\.credentials_rsaparams
[2024-10-08 07:49:17Z INFO RSAEncryptedFileKeyManager] Loading RSA key parameters from file C:\Users\kunjm\OneDrive\Desktop\Project\CI-CD Pipeline\actions-runner\actions-runner-win-x64-2.320.0\.credentials_rsaparams
[2024-10-08 07:49:18Z INFO GitHubActionsService] AAD Correlation ID for this token request: Unknown
[2024-10-08 07:49:19Z INFO MessageListener] Session created.
[2024-10-08 07:49:19Z INFO Terminal] WRITE LINE: Current runner version: '2.320.0'
[2024-10-08 07:49:19Z INFO Terminal] WRITE LINE: 2024-10-08 07:49:19Z: Listening for Jobs
[2024-10-08 07:49:19Z INFO JobDispatcher] Set runner/worker IPC timeout to 30 seconds.
[2024-10-08 07:49:19Z INFO MessageListener] BrokerMigration message received. Polling Broker for messages...
[2024-10-08 07:49:19Z INFO RSAEncryptedFileKeyManager] Loading RSA key parameters from file C:\Users\kunjm\OneDrive\Desktop\Project\CI-CD Pipeline\actions-runner\actions-runner-win-x64-2.320.0\.credentials_rsaparams
[2024-10-08 07:49:20Z INFO GitHubActionsService] AAD Correlation ID for this token request: Unknown
[2024-10-08 07:49:23Z INFO MessageListener] Message '3159892549507785111' received from session '34423688-4021-490b-8368-42ac3bc5a0f7'.
[2024-10-08 07:49:23Z INFO ConfigurationStore] HasCredentials()
[2024-10-08 07:49:23Z INFO ConfigurationStore] stored True
[2024-10-08 07:49:23Z INFO CredentialManager] GetCredentialProvider
[2024-10-08 07:49:23Z INFO CredentialManager] Creating type OAuth
[2024-10-08 07:49:23Z INFO CredentialManager] Creating credential type: OAuth
[2024-10-08 07:49:23Z INFO RSAEncryptedFileKeyManager] Loading RSA key parameters from file C:\Users\kunjm\OneDrive\Desktop\Project\CI-CD Pipeline\actions-runner\actions-runner-win-x64-2.320.0\.credentials_rsaparams
[2024-10-08 07:49:23Z INFO ActionsRunServer] EstablishVssConnection
[2024-10-08 07:49:23Z INFO ActionsRunServer] Establish connection with 100 seconds timeout.
[2024-10-08 07:49:23Z INFO GitHubActionsService] Starting operation Location.GetConnectionData
[2024-10-08 07:49:24Z INFO GitHubActionsService] Finished operation Location.GetConnectionData
[2024-10-08 07:49:24Z INFO RSAEncryptedFileKeyManager] Loading RSA key parameters from file C:\Users\kunjm\OneDrive\Desktop\Project\CI-CD Pipeline\actions-runner\actions-runner-win-x64-2.320.0\.credentials_rsaparams
[2024-10-08 07:49:24Z INFO RSAEncryptedFileKeyManager] Loading RSA key parameters from file C:\Users\kunjm\OneDrive\Desktop\Project\CI-CD Pipeline\actions-runner\actions-runner-win-x64-2.320.0\.credentials_rsaparams
[2024-10-08 07:49:26Z INFO GitHubActionsService] AAD Correlation ID for this token request: Unknown
[2024-10-08 07:49:26Z INFO JobDispatcher] Job request 3 for plan 5452fb3f-ada3-41d3-91ea-79234cd78e99 job e07742bd-189a-5079-918b-43f8b2f94b89 received.
[2024-10-08 07:49:26Z INFO JobDispatcher] Pull OrchestrationId 5452fb3f-ada3-41d3-91ea-79234cd78e99.deploy.__default from JWT claims
[2024-10-08 07:49:26Z INFO MessageListener] Received job status event. JobState: Busy
[2024-10-08 07:49:26Z INFO MessageListener] _getMessagesTokenSource is already disposed.
[2024-10-08 07:49:26Z INFO Terminal] WRITE LINE: 2024-10-08 07:49:26Z: Running job: deploy
[2024-10-08 07:49:26Z INFO JobDispatcher] Start renew job request 3 for job e07742bd-189a-5079-918b-43f8b2f94b89.
[2024-10-08 07:49:27Z INFO JobDispatcher] Successfully renew job request 3, job is valid till 10/8/2024 7:59:25 AM
[2024-10-08 07:49:27Z INFO HostContext] Well known directory 'Bin': 'C:\Users\kunjm\OneDrive\Desktop\Project\CI-CD Pipeline\actions-runner\actions-runner-win-x64-2.320.0\bin'
[2024-10-08 07:49:27Z INFO ProcessInvokerWrapper] Starting process:
[2024-10-08 07:49:27Z INFO ProcessInvokerWrapper]   File name: 'C:\Users\kunjm\OneDrive\Desktop\Project\CI-CD Pipeline\actions-runner\actions-runner-win-x64-2.320.0\bin\Runner.Worker.exe'
[2024-10-08 07:49:27Z INFO ProcessInvokerWrapper]   Arguments: 'spawnclient 2372 2392'
[2024-10-08 07:49:27Z INFO ProcessInvokerWrapper]   Working directory: 'C:\Users\kunjm\OneDrive\Desktop\Project\CI-CD Pipeline\actions-runner\actions-runner-win-x64-2.320.0\bin'
[2024-10-08 07:49:27Z INFO ProcessInvokerWrapper]   Require exit code zero: 'False'
[2024-10-08 07:49:27Z INFO ProcessInvokerWrapper]   Encoding web name:  ; code page: ''
[2024-10-08 07:49:27Z INFO ProcessInvokerWrapper]   Force kill process on cancellation: 'True'
[2024-10-08 07:49:27Z INFO ProcessInvokerWrapper]   Redirected STDIN: 'False'
[2024-10-08 07:49:27Z INFO ProcessInvokerWrapper]   Persist current code page: 'False'
[2024-10-08 07:49:27Z INFO ProcessInvokerWrapper]   Keep redirected STDIN open: 'False'
[2024-10-08 07:49:27Z INFO ProcessInvokerWrapper]   High priority process: 'True'
[2024-10-08 07:49:27Z INFO ProcessInvokerWrapper] Process started with process id 41156, waiting for process exit.
[2024-10-08 07:49:27Z INFO JobDispatcher] Send job request message to worker for job e07742bd-189a-5079-918b-43f8b2f94b89.
[2024-10-08 07:49:27Z INFO ProcessChannel] Sending message of length 26035, with hash '0ba12a15734cf10cda058b3ccd8d99053773d2b44a2bc3adda208b3fcff49901'
[2024-10-08 07:49:27Z INFO JobNotification] Entering JobStarted Notification
[2024-10-08 07:49:27Z INFO JobNotification] Entering StartMonitor
[2024-10-08 07:49:28Z INFO MessageListener] BrokerMigration message received. Polling Broker for messages...
[2024-10-08 07:49:48Z INFO ProcessInvokerWrapper] STDOUT/STDERR stream read finished.
[2024-10-08 07:49:48Z INFO ProcessInvokerWrapper] STDOUT/STDERR stream read finished.
[2024-10-08 07:49:48Z INFO ProcessInvokerWrapper] Finished process 41156 with exit code 102, and elapsed time 00:00:21.6544497.
[2024-10-08 07:49:48Z INFO JobDispatcher] Worker finished for job e07742bd-189a-5079-918b-43f8b2f94b89. Code: 102
[2024-10-08 07:49:48Z INFO JobDispatcher] finish job request for job e07742bd-189a-5079-918b-43f8b2f94b89 with result: Failed
[2024-10-08 07:49:48Z INFO Terminal] WRITE LINE: 2024-10-08 07:49:48Z: Job deploy completed with result: Failed
[2024-10-08 07:49:48Z INFO JobDispatcher] Stop renew job request for job e07742bd-189a-5079-918b-43f8b2f94b89.
[2024-10-08 07:49:48Z INFO JobDispatcher] job renew has been cancelled, stop renew job request 3.
[2024-10-08 07:49:48Z INFO JobNotification] Entering JobCompleted Notification
[2024-10-08 07:49:48Z INFO JobNotification] Entering EndMonitor
[2024-10-08 07:49:48Z INFO MessageListener] Received job status event. JobState: Online
[2024-10-08 07:50:18Z INFO MessageListener] BrokerMigration message received. Polling Broker for messages...
[2024-10-08 07:51:09Z INFO MessageListener] BrokerMigration message received. Polling Broker for messages...
[2024-10-08 07:52:00Z INFO MessageListener] BrokerMigration message received. Polling Broker for messages...
[2024-10-08 07:52:51Z INFO MessageListener] BrokerMigration message received. Polling Broker for messages...
[2024-10-08 07:52:53Z INFO MessageListener] Message '7962667664576284406' received from session '34423688-4021-490b-8368-42ac3bc5a0f7'.
[2024-10-08 07:52:53Z INFO ConfigurationStore] HasCredentials()
[2024-10-08 07:52:53Z INFO ConfigurationStore] stored True
[2024-10-08 07:52:53Z INFO CredentialManager] GetCredentialProvider
[2024-10-08 07:52:53Z INFO CredentialManager] Creating type OAuth
[2024-10-08 07:52:53Z INFO CredentialManager] Creating credential type: OAuth
[2024-10-08 07:52:53Z INFO RSAEncryptedFileKeyManager] Loading RSA key parameters from file C:\Users\kunjm\OneDrive\Desktop\Project\CI-CD Pipeline\actions-runner\actions-runner-win-x64-2.320.0\.credentials_rsaparams
[2024-10-08 07:52:53Z INFO ActionsRunServer] EstablishVssConnection
[2024-10-08 07:52:53Z INFO ActionsRunServer] Establish connection with 100 seconds timeout.
[2024-10-08 07:52:53Z INFO GitHubActionsService] Starting operation Location.GetConnectionData
[2024-10-08 07:52:54Z INFO GitHubActionsService] Finished operation Location.GetConnectionData
[2024-10-08 07:52:55Z INFO RSAEncryptedFileKeyManager] Loading RSA key parameters from file C:\Users\kunjm\OneDrive\Desktop\Project\CI-CD Pipeline\actions-runner\actions-runner-win-x64-2.320.0\.credentials_rsaparams
[2024-10-08 07:52:55Z INFO RSAEncryptedFileKeyManager] Loading RSA key parameters from file C:\Users\kunjm\OneDrive\Desktop\Project\CI-CD Pipeline\actions-runner\actions-runner-win-x64-2.320.0\.credentials_rsaparams
[2024-10-08 07:52:56Z INFO GitHubActionsService] AAD Correlation ID for this token request: Unknown
[2024-10-08 07:52:57Z INFO JobDispatcher] Job request 4 for plan b7849fc7-ca54-461c-904b-6d986a5889b8 job e07742bd-189a-5079-918b-43f8b2f94b89 received.
[2024-10-08 07:52:57Z INFO JobDispatcher] Pull OrchestrationId b7849fc7-ca54-461c-904b-6d986a5889b8.deploy.__default from JWT claims
[2024-10-08 07:52:57Z INFO MessageListener] Received job status event. JobState: Busy
[2024-10-08 07:52:57Z INFO MessageListener] _getMessagesTokenSource is already disposed.
[2024-10-08 07:52:57Z INFO JobDispatcher] Job request e07742bd-189a-5079-918b-43f8b2f94b89 processed succeed.
[2024-10-08 07:52:57Z INFO Terminal] WRITE LINE: 2024-10-08 07:52:57Z: Running job: deploy
[2024-10-08 07:52:57Z INFO JobDispatcher] Start renew job request 4 for job e07742bd-189a-5079-918b-43f8b2f94b89.
[2024-10-08 07:52:58Z INFO JobDispatcher] Successfully renew job request 4, job is valid till 10/8/2024 8:02:57 AM
[2024-10-08 07:52:58Z INFO HostContext] Well known directory 'Bin': 'C:\Users\kunjm\OneDrive\Desktop\Project\CI-CD Pipeline\actions-runner\actions-runner-win-x64-2.320.0\bin'
[2024-10-08 07:52:58Z INFO ProcessInvokerWrapper] Starting process:
[2024-10-08 07:52:58Z INFO ProcessInvokerWrapper]   File name: 'C:\Users\kunjm\OneDrive\Desktop\Project\CI-CD Pipeline\actions-runner\actions-runner-win-x64-2.320.0\bin\Runner.Worker.exe'
[2024-10-08 07:52:58Z INFO ProcessInvokerWrapper]   Arguments: 'spawnclient 2500 2512'
[2024-10-08 07:52:58Z INFO ProcessInvokerWrapper]   Working directory: 'C:\Users\kunjm\OneDrive\Desktop\Project\CI-CD Pipeline\actions-runner\actions-runner-win-x64-2.320.0\bin'
[2024-10-08 07:52:58Z INFO ProcessInvokerWrapper]   Require exit code zero: 'False'
[2024-10-08 07:52:58Z INFO ProcessInvokerWrapper]   Encoding web name:  ; code page: ''
[2024-10-08 07:52:58Z INFO ProcessInvokerWrapper]   Force kill process on cancellation: 'True'
[2024-10-08 07:52:58Z INFO ProcessInvokerWrapper]   Redirected STDIN: 'False'
[2024-10-08 07:52:58Z INFO ProcessInvokerWrapper]   Persist current code page: 'False'
[2024-10-08 07:52:58Z INFO ProcessInvokerWrapper]   Keep redirected STDIN open: 'False'
[2024-10-08 07:52:58Z INFO ProcessInvokerWrapper]   High priority process: 'True'
[2024-10-08 07:52:58Z INFO ProcessInvokerWrapper] Process started with process id 45744, waiting for process exit.
[2024-10-08 07:52:58Z INFO JobDispatcher] Send job request message to worker for job e07742bd-189a-5079-918b-43f8b2f94b89.
[2024-10-08 07:52:58Z INFO ProcessChannel] Sending message of length 26275, with hash '33b661a2e34e397f2fd2a92dee6ecb8b68cf3f5e1d18f965240781abf4e04875'
[2024-10-08 07:52:58Z INFO JobNotification] Entering JobStarted Notification
[2024-10-08 07:52:58Z INFO JobNotification] Entering StartMonitor
[2024-10-08 07:52:59Z INFO MessageListener] BrokerMigration message received. Polling Broker for messages...
[2024-10-08 07:53:02Z INFO Terminal] WRITE LINE: Exiting...
[2024-10-08 07:53:02Z INFO ConfigurationStore] IsServiceConfigured()
[2024-10-08 07:53:02Z INFO ConfigurationStore] IsServiceConfigured: False
[2024-10-08 07:53:02Z INFO HostContext] Runner will be shutdown for UserCancelled
[2024-10-08 07:53:02Z WARN GitHubActionsService] GET request to https://broker.actions.githubusercontent.com/message?sessionId=34423688-4021-490b-8368-42ac3bc5a0f7&status=Busy&runnerVersion=2.320.0&os=Windows&architecture=X64&disableUpdate=false has been cancelled.
[2024-10-08 07:53:02Z ERR  BrokerServer] Catch exception during request
[2024-10-08 07:53:02Z ERR  BrokerServer] System.Threading.Tasks.TaskCanceledException: The operation was canceled.
 ---> System.IO.IOException: Unable to read data from the transport connection: The I/O operation has been aborted because of either a thread exit or an application request..
 ---> System.Net.Sockets.SocketException (995): The I/O operation has been aborted because of either a thread exit or an application request.
   --- End of inner exception stack trace ---
   at System.Net.Sockets.Socket.AwaitableSocketAsyncEventArgs.ThrowException(SocketError error, CancellationToken cancellationToken)
   at System.Net.Sockets.Socket.AwaitableSocketAsyncEventArgs.System.Threading.Tasks.Sources.IValueTaskSource<System.Int32>.GetResult(Int16 token)
   at System.Net.Security.SslStream.EnsureFullTlsFrameAsync[TIOAdapter](TIOAdapter adapter)
   at System.Net.Security.SslStream.ReadAsyncInternal[TIOAdapter](TIOAdapter adapter, Memory`1 buffer)
   at System.Net.Http.HttpConnection.SendAsyncCore(HttpRequestMessage request, Boolean async, CancellationToken cancellationToken)
   --- End of inner exception stack trace ---
   at System.Net.Http.HttpClient.HandleFailure(Exception e, Boolean telemetryStarted, HttpResponseMessage response, CancellationTokenSource cts, CancellationToken cancellationToken, CancellationTokenSource pendingRequestsCts)
   at System.Net.Http.HttpClient.<SendAsync>g__Core|83_0(HttpRequestMessage request, HttpCompletionOption completionOption, CancellationTokenSource cts, Boolean disposeCts, CancellationTokenSource pendingRequestsCts, CancellationToken originalCancellationToken)
   at Sdk.WebApi.WebApi.RawHttpClientBase.SendAsync(HttpRequestMessage message, HttpCompletionOption completionOption, Object userState, CancellationToken cancellationToken)
   at Sdk.WebApi.WebApi.RawHttpClientBase.SendAsync[T](HttpRequestMessage message, Boolean readErrorBody, Object userState, CancellationToken cancellationToken)
   at Sdk.WebApi.WebApi.RawHttpClientBase.SendAsync[T](HttpMethod method, IEnumerable`1 additionalHeaders, Uri requestUri, HttpContent content, IEnumerable`1 queryParameters, Boolean readErrorBody, Object userState, CancellationToken cancellationToken)
   at GitHub.Actions.RunService.WebApi.BrokerHttpClient.GetRunnerMessageAsync(Nullable`1 sessionId, String runnerVersion, Nullable`1 status, String os, String architecture, Nullable`1 disableUpdate, CancellationToken cancellationToken)
   at GitHub.Runner.Common.BrokerServer.<>c__DisplayClass7_0.<<GetRunnerMessageAsync>b__0>d.MoveNext()
--- End of stack trace from previous location ---
   at GitHub.Runner.Common.RunnerService.RetryRequest[T](Func`1 func, CancellationToken cancellationToken, Int32 maxRetryAttemptsCount, Func`2 shouldRetry)
[2024-10-08 07:53:02Z ERR  BrokerServer] #####################################################
[2024-10-08 07:53:02Z ERR  BrokerServer] System.IO.IOException: Unable to read data from the transport connection: The I/O operation has been aborted because of either a thread exit or an application request..
 ---> System.Net.Sockets.SocketException (995): The I/O operation has been aborted because of either a thread exit or an application request.
   --- End of inner exception stack trace ---
   at System.Net.Sockets.Socket.AwaitableSocketAsyncEventArgs.ThrowException(SocketError error, CancellationToken cancellationToken)
   at System.Net.Sockets.Socket.AwaitableSocketAsyncEventArgs.System.Threading.Tasks.Sources.IValueTaskSource<System.Int32>.GetResult(Int16 token)
   at System.Net.Security.SslStream.EnsureFullTlsFrameAsync[TIOAdapter](TIOAdapter adapter)
   at System.Net.Security.SslStream.ReadAsyncInternal[TIOAdapter](TIOAdapter adapter, Memory`1 buffer)
   at System.Net.Http.HttpConnection.SendAsyncCore(HttpRequestMessage request, Boolean async, CancellationToken cancellationToken)
[2024-10-08 07:53:02Z ERR  BrokerServer] #####################################################
[2024-10-08 07:53:02Z ERR  BrokerServer] System.Net.Sockets.SocketException (995): The I/O operation has been aborted because of either a thread exit or an application request.
[2024-10-08 07:53:02Z WARN BrokerServer] Back off 9.5 seconds before next retry. 4 attempt left.
[2024-10-08 07:53:02Z INFO MessageListener] Get next message has been cancelled.
[2024-10-08 07:53:02Z INFO JobDispatcher] Shutting down JobDispatcher. Make sure all WorkerDispatcher has finished.
[2024-10-08 07:53:02Z INFO JobDispatcher] Ensure WorkerDispatcher for job e07742bd-189a-5079-918b-43f8b2f94b89 run to finish, cancel any running job.
[2024-10-08 07:53:02Z INFO JobDispatcher] Send job cancellation message to worker for job e07742bd-189a-5079-918b-43f8b2f94b89.
[2024-10-08 07:53:02Z INFO ProcessChannel] Sending message of length 0, with hash 'e3b0c44298fc1c149afbf4c8996fb92427ae41e4649b934ca495991b7852b855'
[2024-10-08 07:53:10Z INFO ProcessInvokerWrapper] STDOUT/STDERR stream read finished.
[2024-10-08 07:53:10Z INFO ProcessInvokerWrapper] STDOUT/STDERR stream read finished.
[2024-10-08 07:53:10Z INFO ProcessInvokerWrapper] Finished process 45744 with exit code 103, and elapsed time 00:00:12.0350933.
[2024-10-08 07:53:10Z INFO JobDispatcher] finish job request for job e07742bd-189a-5079-918b-43f8b2f94b89 with result: Canceled
[2024-10-08 07:53:10Z INFO Terminal] WRITE LINE: 2024-10-08 07:53:10Z: Job deploy completed with result: Canceled
[2024-10-08 07:53:10Z INFO JobDispatcher] Stop renew job request for job e07742bd-189a-5079-918b-43f8b2f94b89.
[2024-10-08 07:53:10Z INFO JobDispatcher] job renew has been cancelled, stop renew job request 4.
[2024-10-08 07:53:10Z INFO JobNotification] Entering JobCompleted Notification
[2024-10-08 07:53:10Z INFO JobNotification] Entering EndMonitor
[2024-10-08 07:53:10Z INFO Runner] Deleting Runner Session...
[2024-10-08 07:53:10Z INFO Listener] Runner execution been cancelled.
