[2024-10-08 08:19:03Z INFO HostContext] No proxy settings were found based on environmental variables (http_proxy/https_proxy/HTTP_PROXY/HTTPS_PROXY)
[2024-10-08 08:19:03Z INFO HostContext] Well known directory 'Bin': 'C:\Users\kunjm\OneDrive\Desktop\Project\CI-CD Pipeline\actions-runner\actions-runner-win-x64-2.320.0\bin'
[2024-10-08 08:19:03Z INFO HostContext] Well known directory 'Root': 'C:\Users\kunjm\OneDrive\Desktop\Project\CI-CD Pipeline\actions-runner\actions-runner-win-x64-2.320.0'
[2024-10-08 08:19:03Z INFO HostContext] Well known config file 'Credentials': 'C:\Users\kunjm\OneDrive\Desktop\Project\CI-CD Pipeline\actions-runner\actions-runner-win-x64-2.320.0\.credentials'
[2024-10-08 08:19:04Z INFO HostContext] Well known directory 'Bin': 'C:\Users\kunjm\OneDrive\Desktop\Project\CI-CD Pipeline\actions-runner\actions-runner-win-x64-2.320.0\bin'
[2024-10-08 08:19:04Z INFO HostContext] Well known directory 'Root': 'C:\Users\kunjm\OneDrive\Desktop\Project\CI-CD Pipeline\actions-runner\actions-runner-win-x64-2.320.0'
[2024-10-08 08:19:04Z INFO HostContext] Well known config file 'Runner': 'C:\Users\kunjm\OneDrive\Desktop\Project\CI-CD Pipeline\actions-runner\actions-runner-win-x64-2.320.0\.runner'
[2024-10-08 08:19:04Z INFO Listener] Runner is built for Windows (X64) - win-x64.
[2024-10-08 08:19:04Z INFO Listener] RuntimeInformation: Microsoft Windows 10.0.22631.
[2024-10-08 08:19:04Z INFO Listener] Version: 2.320.0
[2024-10-08 08:19:04Z INFO Listener] Commit: 78f21670b4a58aff19b5189207f54eb2bee324d1
[2024-10-08 08:19:04Z INFO Listener] Culture: en-US
[2024-10-08 08:19:04Z INFO Listener] UI Culture: en-US
[2024-10-08 08:19:04Z INFO HostContext] Well known directory 'Bin': 'C:\Users\kunjm\OneDrive\Desktop\Project\CI-CD Pipeline\actions-runner\actions-runner-win-x64-2.320.0\bin'
[2024-10-08 08:19:04Z INFO HostContext] Well known directory 'Root': 'C:\Users\kunjm\OneDrive\Desktop\Project\CI-CD Pipeline\actions-runner\actions-runner-win-x64-2.320.0'
[2024-10-08 08:19:04Z INFO Listener] Validating directory permissions for: 'C:\Users\kunjm\OneDrive\Desktop\Project\CI-CD Pipeline\actions-runner\actions-runner-win-x64-2.320.0'
[2024-10-08 08:19:04Z INFO CommandLineParser] Parse
[2024-10-08 08:19:04Z INFO CommandLineParser] Parsing 1 args
[2024-10-08 08:19:04Z INFO CommandLineParser] parsing argument
[2024-10-08 08:19:04Z INFO CommandLineParser] HasArgs: False
[2024-10-08 08:19:04Z INFO CommandLineParser] Adding Command: remove
[2024-10-08 08:19:04Z INFO Listener] Arguments parsed
[2024-10-08 08:19:04Z INFO Runner] ExecuteCommand
[2024-10-08 08:19:04Z INFO ConfigurationStore] currentAssemblyLocation: C:\Users\kunjm\OneDrive\Desktop\Project\CI-CD Pipeline\actions-runner\actions-runner-win-x64-2.320.0\bin\Runner.Listener.dll
[2024-10-08 08:19:04Z INFO HostContext] Well known directory 'Bin': 'C:\Users\kunjm\OneDrive\Desktop\Project\CI-CD Pipeline\actions-runner\actions-runner-win-x64-2.320.0\bin'
[2024-10-08 08:19:04Z INFO ConfigurationStore] binPath: C:\Users\kunjm\OneDrive\Desktop\Project\CI-CD Pipeline\actions-runner\actions-runner-win-x64-2.320.0\bin
[2024-10-08 08:19:04Z INFO HostContext] Well known directory 'Bin': 'C:\Users\kunjm\OneDrive\Desktop\Project\CI-CD Pipeline\actions-runner\actions-runner-win-x64-2.320.0\bin'
[2024-10-08 08:19:04Z INFO HostContext] Well known directory 'Root': 'C:\Users\kunjm\OneDrive\Desktop\Project\CI-CD Pipeline\actions-runner\actions-runner-win-x64-2.320.0'
[2024-10-08 08:19:04Z INFO ConfigurationStore] RootFolder: C:\Users\kunjm\OneDrive\Desktop\Project\CI-CD Pipeline\actions-runner\actions-runner-win-x64-2.320.0
[2024-10-08 08:19:04Z INFO HostContext] Well known directory 'Bin': 'C:\Users\kunjm\OneDrive\Desktop\Project\CI-CD Pipeline\actions-runner\actions-runner-win-x64-2.320.0\bin'
[2024-10-08 08:19:04Z INFO HostContext] Well known directory 'Root': 'C:\Users\kunjm\OneDrive\Desktop\Project\CI-CD Pipeline\actions-runner\actions-runner-win-x64-2.320.0'
[2024-10-08 08:19:04Z INFO HostContext] Well known config file 'Runner': 'C:\Users\kunjm\OneDrive\Desktop\Project\CI-CD Pipeline\actions-runner\actions-runner-win-x64-2.320.0\.runner'
[2024-10-08 08:19:04Z INFO ConfigurationStore] ConfigFilePath: C:\Users\kunjm\OneDrive\Desktop\Project\CI-CD Pipeline\actions-runner\actions-runner-win-x64-2.320.0\.runner
[2024-10-08 08:19:04Z INFO HostContext] Well known directory 'Bin': 'C:\Users\kunjm\OneDrive\Desktop\Project\CI-CD Pipeline\actions-runner\actions-runner-win-x64-2.320.0\bin'
[2024-10-08 08:19:04Z INFO HostContext] Well known directory 'Root': 'C:\Users\kunjm\OneDrive\Desktop\Project\CI-CD Pipeline\actions-runner\actions-runner-win-x64-2.320.0'
[2024-10-08 08:19:04Z INFO HostContext] Well known config file 'Credentials': 'C:\Users\kunjm\OneDrive\Desktop\Project\CI-CD Pipeline\actions-runner\actions-runner-win-x64-2.320.0\.credentials'
[2024-10-08 08:19:04Z INFO ConfigurationStore] CredFilePath: C:\Users\kunjm\OneDrive\Desktop\Project\CI-CD Pipeline\actions-runner\actions-runner-win-x64-2.320.0\.credentials
[2024-10-08 08:19:04Z INFO HostContext] Well known directory 'Bin': 'C:\Users\kunjm\OneDrive\Desktop\Project\CI-CD Pipeline\actions-runner\actions-runner-win-x64-2.320.0\bin'
[2024-10-08 08:19:04Z INFO HostContext] Well known directory 'Root': 'C:\Users\kunjm\OneDrive\Desktop\Project\CI-CD Pipeline\actions-runner\actions-runner-win-x64-2.320.0'
[2024-10-08 08:19:04Z INFO HostContext] Well known config file 'MigratedCredentials': 'C:\Users\kunjm\OneDrive\Desktop\Project\CI-CD Pipeline\actions-runner\actions-runner-win-x64-2.320.0\.credentials_migrated'
[2024-10-08 08:19:04Z INFO ConfigurationStore] MigratedCredFilePath: C:\Users\kunjm\OneDrive\Desktop\Project\CI-CD Pipeline\actions-runner\actions-runner-win-x64-2.320.0\.credentials_migrated
[2024-10-08 08:19:04Z INFO HostContext] Well known directory 'Bin': 'C:\Users\kunjm\OneDrive\Desktop\Project\CI-CD Pipeline\actions-runner\actions-runner-win-x64-2.320.0\bin'
[2024-10-08 08:19:04Z INFO HostContext] Well known directory 'Root': 'C:\Users\kunjm\OneDrive\Desktop\Project\CI-CD Pipeline\actions-runner\actions-runner-win-x64-2.320.0'
[2024-10-08 08:19:04Z INFO HostContext] Well known config file 'Service': 'C:\Users\kunjm\OneDrive\Desktop\Project\CI-CD Pipeline\actions-runner\actions-runner-win-x64-2.320.0\.service'
[2024-10-08 08:19:04Z INFO ConfigurationStore] ServiceConfigFilePath: C:\Users\kunjm\OneDrive\Desktop\Project\CI-CD Pipeline\actions-runner\actions-runner-win-x64-2.320.0\.service
[2024-10-08 08:19:04Z INFO CommandSettings] Flag 'help': 'False'
[2024-10-08 08:19:04Z INFO CommandSettings] Flag 'version': 'False'
[2024-10-08 08:19:04Z INFO CommandSettings] Flag 'commit': 'False'
[2024-10-08 08:19:04Z INFO CommandSettings] Flag 'check': 'False'
[2024-10-08 08:19:04Z INFO CommandSettings] Command 'configure': 'False'
[2024-10-08 08:19:04Z INFO CommandSettings] Command 'remove': 'True'
[2024-10-08 08:19:04Z INFO CommandSettings] Flag 'local': 'False'
[2024-10-08 08:19:04Z INFO ConfigurationStore] IsServiceConfigured()
[2024-10-08 08:19:04Z INFO ConfigurationStore] IsServiceConfigured: False
[2024-10-08 08:19:04Z INFO ConfigurationStore] IsConfigured()
[2024-10-08 08:19:04Z INFO ConfigurationStore] IsConfigured: True
[2024-10-08 08:19:04Z INFO ConfigurationStore] HasCredentials()
[2024-10-08 08:19:04Z INFO ConfigurationStore] stored True
[2024-10-08 08:19:04Z INFO ConfigurationStore] Read setting file: 302 chars
[2024-10-08 08:19:04Z INFO CommandSettings] Arg 'token': ''
[2024-10-08 08:19:04Z INFO CommandSettings] Flag 'unattended': 'False'
[2024-10-08 08:19:04Z INFO PromptManager] ReadValue
[2024-10-08 08:19:04Z INFO Terminal] WRITE: Enter runner remove token: 
[2024-10-08 08:19:04Z INFO Terminal] READ SECRET
[2024-10-08 08:19:10Z INFO Terminal] Read value: ''
[2024-10-08 08:19:10Z INFO Terminal] WRITE: Enter runner remove token: 
[2024-10-08 08:19:10Z INFO Terminal] READ SECRET
[2024-10-08 08:19:11Z INFO Terminal] Read value: ''
[2024-10-08 08:19:11Z INFO Terminal] WRITE: Enter runner remove token: 
[2024-10-08 08:19:11Z INFO Terminal] READ SECRET
[2024-10-08 08:19:20Z INFO Terminal] Read value: '***'
[2024-10-08 08:19:20Z INFO ConfigurationManager] Http response code: OK from 'POST https://api.github.com/actions/runner-registration' (C8D7:191DCA:5C17DA:6279E2:6704EB07)
[2024-10-08 08:19:20Z INFO ConfigurationManager] cred retrieved via GitHub auth
[2024-10-08 08:19:20Z INFO RunnerServer] EstablishVssConnection
[2024-10-08 08:19:20Z INFO RunnerServer] Establish connection with 100 seconds timeout.
[2024-10-08 08:19:20Z INFO GitHubActionsService] Starting operation Location.GetConnectionData
[2024-10-08 08:19:20Z INFO RunnerServer] EstablishVssConnection
[2024-10-08 08:19:20Z INFO RunnerServer] Establish connection with 60 seconds timeout.
[2024-10-08 08:19:20Z INFO GitHubActionsService] Starting operation Location.GetConnectionData
[2024-10-08 08:19:20Z INFO RunnerServer] EstablishVssConnection
[2024-10-08 08:19:20Z INFO RunnerServer] Establish connection with 60 seconds timeout.
[2024-10-08 08:19:20Z INFO GitHubActionsService] Starting operation Location.GetConnectionData
[2024-10-08 08:19:21Z INFO GitHubActionsService] Finished operation Location.GetConnectionData
[2024-10-08 08:19:21Z INFO GitHubActionsService] Finished operation Location.GetConnectionData
[2024-10-08 08:19:21Z INFO GitHubActionsService] Finished operation Location.GetConnectionData
[2024-10-08 08:19:22Z INFO Terminal] WRITE LINE: Does not exist. Skipping Removing runner from the server
[2024-10-08 08:19:22Z INFO ConfigurationStore] IsConfigured()
[2024-10-08 08:19:22Z INFO ConfigurationStore] IsConfigured: True
[2024-10-08 08:19:22Z INFO ConfigurationStore] HasCredentials()
[2024-10-08 08:19:22Z INFO ConfigurationStore] stored True
[2024-10-08 08:19:22Z INFO HostContext] Well known directory 'Bin': 'C:\Users\kunjm\OneDrive\Desktop\Project\CI-CD Pipeline\actions-runner\actions-runner-win-x64-2.320.0\bin'
[2024-10-08 08:19:22Z INFO HostContext] Well known directory 'Root': 'C:\Users\kunjm\OneDrive\Desktop\Project\CI-CD Pipeline\actions-runner\actions-runner-win-x64-2.320.0'
[2024-10-08 08:19:22Z INFO HostContext] Well known config file 'RSACredentials': 'C:\Users\kunjm\OneDrive\Desktop\Project\CI-CD Pipeline\actions-runner\actions-runner-win-x64-2.320.0\.credentials_rsaparams'
[2024-10-08 08:19:22Z INFO RSAEncryptedFileKeyManager] Deleting RSA key parameters file C:\Users\kunjm\OneDrive\Desktop\Project\CI-CD Pipeline\actions-runner\actions-runner-win-x64-2.320.0\.credentials_rsaparams
[2024-10-08 08:19:22Z INFO Terminal] WRITE LINE: 
[2024-10-08 08:19:22Z INFO Listener] Runner execution has finished with return code 0
