[2024-10-08 09:45:53Z INFO HostContext] No proxy settings were found based on environmental variables (http_proxy/https_proxy/HTTP_PROXY/HTTPS_PROXY)
[2024-10-08 09:45:53Z INFO HostContext] Well known directory 'Bin': 'C:\CI-CD Pipeline\actions-runner\actions-runner-win-x64-2.320.0\bin'
[2024-10-08 09:45:53Z INFO HostContext] Well known directory 'Root': 'C:\CI-CD Pipeline\actions-runner\actions-runner-win-x64-2.320.0'
[2024-10-08 09:45:53Z INFO HostContext] Well known config file 'Credentials': 'C:\CI-CD Pipeline\actions-runner\actions-runner-win-x64-2.320.0\.credentials'
[2024-10-08 09:45:53Z INFO HostContext] Well known directory 'Bin': 'C:\CI-CD Pipeline\actions-runner\actions-runner-win-x64-2.320.0\bin'
[2024-10-08 09:45:53Z INFO HostContext] Well known directory 'Root': 'C:\CI-CD Pipeline\actions-runner\actions-runner-win-x64-2.320.0'
[2024-10-08 09:45:53Z INFO HostContext] Well known config file 'Runner': 'C:\CI-CD Pipeline\actions-runner\actions-runner-win-x64-2.320.0\.runner'
[2024-10-08 09:45:53Z INFO Listener] Runner is built for Windows (X64) - win-x64.
[2024-10-08 09:45:53Z INFO Listener] RuntimeInformation: Microsoft Windows 10.0.22631.
[2024-10-08 09:45:53Z INFO Listener] Version: 2.320.0
[2024-10-08 09:45:53Z INFO Listener] Commit: 78f21670b4a58aff19b5189207f54eb2bee324d1
[2024-10-08 09:45:53Z INFO Listener] Culture: en-US
[2024-10-08 09:45:53Z INFO Listener] UI Culture: en-US
[2024-10-08 09:45:53Z INFO HostContext] Well known directory 'Bin': 'C:\CI-CD Pipeline\actions-runner\actions-runner-win-x64-2.320.0\bin'
[2024-10-08 09:45:53Z INFO HostContext] Well known directory 'Root': 'C:\CI-CD Pipeline\actions-runner\actions-runner-win-x64-2.320.0'
[2024-10-08 09:45:53Z INFO Listener] Validating directory permissions for: 'C:\CI-CD Pipeline\actions-runner\actions-runner-win-x64-2.320.0'
[2024-10-08 09:45:53Z INFO CommandLineParser] Parse
[2024-10-08 09:45:53Z INFO CommandLineParser] Parsing 1 args
[2024-10-08 09:45:53Z INFO CommandLineParser] parsing argument
[2024-10-08 09:45:53Z INFO CommandLineParser] HasArgs: False
[2024-10-08 09:45:53Z INFO CommandLineParser] Adding Command: run
[2024-10-08 09:45:53Z INFO Listener] Arguments parsed
[2024-10-08 09:45:53Z INFO Runner] ExecuteCommand
[2024-10-08 09:45:53Z INFO ConfigurationStore] currentAssemblyLocation: C:\CI-CD Pipeline\actions-runner\actions-runner-win-x64-2.320.0\bin\Runner.Listener.dll
[2024-10-08 09:45:53Z INFO HostContext] Well known directory 'Bin': 'C:\CI-CD Pipeline\actions-runner\actions-runner-win-x64-2.320.0\bin'
[2024-10-08 09:45:53Z INFO ConfigurationStore] binPath: C:\CI-CD Pipeline\actions-runner\actions-runner-win-x64-2.320.0\bin
[2024-10-08 09:45:53Z INFO HostContext] Well known directory 'Bin': 'C:\CI-CD Pipeline\actions-runner\actions-runner-win-x64-2.320.0\bin'
[2024-10-08 09:45:53Z INFO HostContext] Well known directory 'Root': 'C:\CI-CD Pipeline\actions-runner\actions-runner-win-x64-2.320.0'
[2024-10-08 09:45:53Z INFO ConfigurationStore] RootFolder: C:\CI-CD Pipeline\actions-runner\actions-runner-win-x64-2.320.0
[2024-10-08 09:45:53Z INFO HostContext] Well known directory 'Bin': 'C:\CI-CD Pipeline\actions-runner\actions-runner-win-x64-2.320.0\bin'
[2024-10-08 09:45:53Z INFO HostContext] Well known directory 'Root': 'C:\CI-CD Pipeline\actions-runner\actions-runner-win-x64-2.320.0'
[2024-10-08 09:45:53Z INFO HostContext] Well known config file 'Runner': 'C:\CI-CD Pipeline\actions-runner\actions-runner-win-x64-2.320.0\.runner'
[2024-10-08 09:45:53Z INFO ConfigurationStore] ConfigFilePath: C:\CI-CD Pipeline\actions-runner\actions-runner-win-x64-2.320.0\.runner
[2024-10-08 09:45:53Z INFO HostContext] Well known directory 'Bin': 'C:\CI-CD Pipeline\actions-runner\actions-runner-win-x64-2.320.0\bin'
[2024-10-08 09:45:53Z INFO HostContext] Well known directory 'Root': 'C:\CI-CD Pipeline\actions-runner\actions-runner-win-x64-2.320.0'
[2024-10-08 09:45:53Z INFO HostContext] Well known config file 'Credentials': 'C:\CI-CD Pipeline\actions-runner\actions-runner-win-x64-2.320.0\.credentials'
[2024-10-08 09:45:53Z INFO ConfigurationStore] CredFilePath: C:\CI-CD Pipeline\actions-runner\actions-runner-win-x64-2.320.0\.credentials
[2024-10-08 09:45:53Z INFO HostContext] Well known directory 'Bin': 'C:\CI-CD Pipeline\actions-runner\actions-runner-win-x64-2.320.0\bin'
[2024-10-08 09:45:53Z INFO HostContext] Well known directory 'Root': 'C:\CI-CD Pipeline\actions-runner\actions-runner-win-x64-2.320.0'
[2024-10-08 09:45:53Z INFO HostContext] Well known config file 'MigratedCredentials': 'C:\CI-CD Pipeline\actions-runner\actions-runner-win-x64-2.320.0\.credentials_migrated'
[2024-10-08 09:45:53Z INFO ConfigurationStore] MigratedCredFilePath: C:\CI-CD Pipeline\actions-runner\actions-runner-win-x64-2.320.0\.credentials_migrated
[2024-10-08 09:45:53Z INFO HostContext] Well known directory 'Bin': 'C:\CI-CD Pipeline\actions-runner\actions-runner-win-x64-2.320.0\bin'
[2024-10-08 09:45:53Z INFO HostContext] Well known directory 'Root': 'C:\CI-CD Pipeline\actions-runner\actions-runner-win-x64-2.320.0'
[2024-10-08 09:45:53Z INFO HostContext] Well known config file 'Service': 'C:\CI-CD Pipeline\actions-runner\actions-runner-win-x64-2.320.0\.service'
[2024-10-08 09:45:53Z INFO ConfigurationStore] ServiceConfigFilePath: C:\CI-CD Pipeline\actions-runner\actions-runner-win-x64-2.320.0\.service
[2024-10-08 09:45:53Z INFO CommandSettings] Flag 'help': 'False'
[2024-10-08 09:45:53Z INFO CommandSettings] Flag 'version': 'False'
[2024-10-08 09:45:53Z INFO CommandSettings] Flag 'commit': 'False'
[2024-10-08 09:45:53Z INFO CommandSettings] Flag 'check': 'False'
[2024-10-08 09:45:53Z INFO CommandSettings] Command 'configure': 'False'
[2024-10-08 09:45:53Z INFO CommandSettings] Command 'remove': 'False'
[2024-10-08 09:45:53Z INFO CommandSettings] Command 'warmup': 'False'
[2024-10-08 09:45:53Z INFO ConfigurationManager] LoadSettings
[2024-10-08 09:45:53Z INFO ConfigurationStore] IsConfigured()
[2024-10-08 09:45:53Z INFO ConfigurationStore] IsConfigured: True
[2024-10-08 09:45:53Z INFO ConfigurationManager] Is configured: True
[2024-10-08 09:45:53Z INFO ConfigurationStore] Read setting file: 302 chars
[2024-10-08 09:45:53Z INFO ConfigurationManager] Settings Loaded
[2024-10-08 09:45:53Z INFO ConfigurationStore] IsServiceConfigured()
[2024-10-08 09:45:53Z INFO ConfigurationStore] IsServiceConfigured: False
[2024-10-08 09:45:53Z INFO CommandSettings] Command 'run': 'True'
[2024-10-08 09:45:53Z INFO ConfigurationStore] IsConfigured()
[2024-10-08 09:45:53Z INFO ConfigurationStore] IsConfigured: True
[2024-10-08 09:45:53Z INFO ConfigurationManager] Is configured: True
[2024-10-08 09:45:53Z INFO Runner] Could not parse the argument value '' for StartupType. Defaulting to Manual
[2024-10-08 09:45:53Z INFO Runner] Set runner startup type - Manual
[2024-10-08 09:45:53Z INFO CommandSettings] Flag 'once': 'False'
[2024-10-08 09:45:53Z INFO CommandSettings] Flag 'once': 'False'
[2024-10-08 09:45:53Z INFO Runner] RunAsync
[2024-10-08 09:45:53Z INFO ConfigurationManager] LoadSettings
[2024-10-08 09:45:53Z INFO ConfigurationStore] IsConfigured()
[2024-10-08 09:45:53Z INFO ConfigurationStore] IsConfigured: True
[2024-10-08 09:45:53Z INFO ConfigurationManager] Is configured: True
[2024-10-08 09:45:53Z INFO ConfigurationManager] Settings Loaded
[2024-10-08 09:45:54Z INFO MessageListener] {
  "AgentId": 2,
  "AgentName": "KUNJ",
  "PoolId": 1,
  "PoolName": "Default",
  "ServerUrl": "https://pipelinesghubeus3.actions.githubusercontent.com/ZRwtjmtxfnb4jhhNH6YyOlUntRxVHBfOhApglqOFvs76bUYiMU/",
  "GitHubUrl": "https://github.com/Kunj-Mori/MERN_DashBoard",
  "WorkFolder": "_work"
}
[2024-10-08 09:45:54Z INFO MessageListener] Loading Credentials
[2024-10-08 09:45:54Z INFO ConfigurationStore] HasCredentials()
[2024-10-08 09:45:54Z INFO ConfigurationStore] stored True
[2024-10-08 09:45:54Z INFO CredentialManager] GetCredentialProvider
[2024-10-08 09:45:54Z INFO CredentialManager] Creating type OAuth
[2024-10-08 09:45:54Z INFO CredentialManager] Creating credential type: OAuth
[2024-10-08 09:45:54Z INFO HostContext] Well known directory 'Bin': 'C:\CI-CD Pipeline\actions-runner\actions-runner-win-x64-2.320.0\bin'
[2024-10-08 09:45:54Z INFO HostContext] Well known directory 'Root': 'C:\CI-CD Pipeline\actions-runner\actions-runner-win-x64-2.320.0'
[2024-10-08 09:45:54Z INFO HostContext] Well known config file 'RSACredentials': 'C:\CI-CD Pipeline\actions-runner\actions-runner-win-x64-2.320.0\.credentials_rsaparams'
[2024-10-08 09:45:54Z INFO RSAEncryptedFileKeyManager] Loading RSA key parameters from file C:\CI-CD Pipeline\actions-runner\actions-runner-win-x64-2.320.0\.credentials_rsaparams
[2024-10-08 09:45:54Z INFO MessageListener] Attempt to create session.
[2024-10-08 09:45:54Z INFO MessageListener] Connecting to the Runner Server...
[2024-10-08 09:45:54Z INFO RunnerServer] EstablishVssConnection
[2024-10-08 09:45:54Z INFO RunnerServer] Establish connection with 100 seconds timeout.
[2024-10-08 09:45:54Z INFO GitHubActionsService] Starting operation Location.GetConnectionData
[2024-10-08 09:45:54Z INFO RunnerServer] EstablishVssConnection
[2024-10-08 09:45:54Z INFO RunnerServer] Establish connection with 60 seconds timeout.
[2024-10-08 09:45:54Z INFO GitHubActionsService] Starting operation Location.GetConnectionData
[2024-10-08 09:45:54Z INFO RunnerServer] EstablishVssConnection
[2024-10-08 09:45:54Z INFO RunnerServer] Establish connection with 60 seconds timeout.
[2024-10-08 09:45:54Z INFO GitHubActionsService] Starting operation Location.GetConnectionData
[2024-10-08 09:45:55Z INFO GitHubActionsService] Finished operation Location.GetConnectionData
[2024-10-08 09:45:55Z INFO GitHubActionsService] Finished operation Location.GetConnectionData
[2024-10-08 09:45:55Z INFO GitHubActionsService] Finished operation Location.GetConnectionData
[2024-10-08 09:45:55Z INFO MessageListener] VssConnection created
[2024-10-08 09:45:55Z INFO Terminal] WRITE LINE: 
[2024-10-08 09:45:55Z INFO Terminal] WRITE LINE: 
[2024-10-08 09:45:56Z INFO RSAEncryptedFileKeyManager] Loading RSA key parameters from file C:\CI-CD Pipeline\actions-runner\actions-runner-win-x64-2.320.0\.credentials_rsaparams
[2024-10-08 09:45:56Z INFO RSAEncryptedFileKeyManager] Loading RSA key parameters from file C:\CI-CD Pipeline\actions-runner\actions-runner-win-x64-2.320.0\.credentials_rsaparams
[2024-10-08 09:45:57Z INFO GitHubActionsService] AAD Correlation ID for this token request: Unknown
[2024-10-08 09:45:58Z INFO MessageListener] Session created.
[2024-10-08 09:45:58Z INFO Terminal] WRITE LINE: Current runner version: '2.320.0'
[2024-10-08 09:45:58Z INFO Terminal] WRITE LINE: 2024-10-08 09:45:58Z: Listening for Jobs
[2024-10-08 09:45:58Z INFO JobDispatcher] Set runner/worker IPC timeout to 30 seconds.
[2024-10-08 09:45:58Z INFO MessageListener] BrokerMigration message received. Polling Broker for messages...
[2024-10-08 09:45:58Z INFO RSAEncryptedFileKeyManager] Loading RSA key parameters from file C:\CI-CD Pipeline\actions-runner\actions-runner-win-x64-2.320.0\.credentials_rsaparams
[2024-10-08 09:46:00Z INFO GitHubActionsService] AAD Correlation ID for this token request: Unknown
[2024-10-08 09:46:03Z INFO MessageListener] Message '6643513849191677862' received from session 'e3345b1f-e081-44c0-9863-99a5bb73e89e'.
[2024-10-08 09:46:03Z INFO ConfigurationStore] HasCredentials()
[2024-10-08 09:46:03Z INFO ConfigurationStore] stored True
[2024-10-08 09:46:03Z INFO CredentialManager] GetCredentialProvider
[2024-10-08 09:46:03Z INFO CredentialManager] Creating type OAuth
[2024-10-08 09:46:03Z INFO CredentialManager] Creating credential type: OAuth
[2024-10-08 09:46:03Z INFO RSAEncryptedFileKeyManager] Loading RSA key parameters from file C:\CI-CD Pipeline\actions-runner\actions-runner-win-x64-2.320.0\.credentials_rsaparams
[2024-10-08 09:46:03Z INFO ActionsRunServer] EstablishVssConnection
[2024-10-08 09:46:03Z INFO ActionsRunServer] Establish connection with 100 seconds timeout.
[2024-10-08 09:46:03Z INFO GitHubActionsService] Starting operation Location.GetConnectionData
[2024-10-08 09:46:04Z INFO GitHubActionsService] Finished operation Location.GetConnectionData
[2024-10-08 09:46:04Z INFO RSAEncryptedFileKeyManager] Loading RSA key parameters from file C:\CI-CD Pipeline\actions-runner\actions-runner-win-x64-2.320.0\.credentials_rsaparams
[2024-10-08 09:46:04Z INFO RSAEncryptedFileKeyManager] Loading RSA key parameters from file C:\CI-CD Pipeline\actions-runner\actions-runner-win-x64-2.320.0\.credentials_rsaparams
[2024-10-08 09:46:06Z INFO GitHubActionsService] AAD Correlation ID for this token request: Unknown
[2024-10-08 09:46:07Z INFO JobDispatcher] Job request 3 for plan 4da2830a-2de8-4f68-bbf3-741f966ec6b6 job e07742bd-189a-5079-918b-43f8b2f94b89 received.
[2024-10-08 09:46:07Z INFO JobDispatcher] Pull OrchestrationId 4da2830a-2de8-4f68-bbf3-741f966ec6b6.deploy.__default from JWT claims
[2024-10-08 09:46:07Z INFO MessageListener] Received job status event. JobState: Busy
[2024-10-08 09:46:07Z INFO MessageListener] _getMessagesTokenSource is already disposed.
[2024-10-08 09:46:07Z INFO Terminal] WRITE LINE: 2024-10-08 09:46:07Z: Running job: deploy
[2024-10-08 09:46:07Z INFO JobDispatcher] Start renew job request 3 for job e07742bd-189a-5079-918b-43f8b2f94b89.
[2024-10-08 09:46:07Z INFO JobDispatcher] Successfully renew job request 3, job is valid till 10/8/2024 9:56:06 AM
[2024-10-08 09:46:07Z INFO HostContext] Well known directory 'Bin': 'C:\CI-CD Pipeline\actions-runner\actions-runner-win-x64-2.320.0\bin'
[2024-10-08 09:46:07Z INFO ProcessInvokerWrapper] Starting process:
[2024-10-08 09:46:07Z INFO ProcessInvokerWrapper]   File name: 'C:\CI-CD Pipeline\actions-runner\actions-runner-win-x64-2.320.0\bin\Runner.Worker.exe'
[2024-10-08 09:46:07Z INFO ProcessInvokerWrapper]   Arguments: 'spawnclient 2356 2364'
[2024-10-08 09:46:07Z INFO ProcessInvokerWrapper]   Working directory: 'C:\CI-CD Pipeline\actions-runner\actions-runner-win-x64-2.320.0\bin'
[2024-10-08 09:46:07Z INFO ProcessInvokerWrapper]   Require exit code zero: 'False'
[2024-10-08 09:46:07Z INFO ProcessInvokerWrapper]   Encoding web name:  ; code page: ''
[2024-10-08 09:46:07Z INFO ProcessInvokerWrapper]   Force kill process on cancellation: 'True'
[2024-10-08 09:46:07Z INFO ProcessInvokerWrapper]   Redirected STDIN: 'False'
[2024-10-08 09:46:07Z INFO ProcessInvokerWrapper]   Persist current code page: 'False'
[2024-10-08 09:46:07Z INFO ProcessInvokerWrapper]   Keep redirected STDIN open: 'False'
[2024-10-08 09:46:07Z INFO ProcessInvokerWrapper]   High priority process: 'True'
[2024-10-08 09:46:07Z INFO ProcessInvokerWrapper] Process started with process id 17412, waiting for process exit.
[2024-10-08 09:46:07Z INFO JobDispatcher] Send job request message to worker for job e07742bd-189a-5079-918b-43f8b2f94b89.
[2024-10-08 09:46:07Z INFO ProcessChannel] Sending message of length 24660, with hash '0204d061c0f2c5de8eaa7396e9289ad7bb3964f4bd8e4588061ca1077769cbc4'
[2024-10-08 09:46:08Z INFO JobNotification] Entering JobStarted Notification
[2024-10-08 09:46:08Z INFO JobNotification] Entering StartMonitor
[2024-10-08 09:46:09Z INFO MessageListener] BrokerMigration message received. Polling Broker for messages...
[2024-10-08 09:46:59Z INFO MessageListener] BrokerMigration message received. Polling Broker for messages...
[2024-10-08 09:47:08Z INFO JobDispatcher] Successfully renew job request 3, job is valid till 10/8/2024 9:57:06 AM
[2024-10-08 09:47:50Z INFO MessageListener] BrokerMigration message received. Polling Broker for messages...
[2024-10-08 09:48:08Z INFO JobDispatcher] Successfully renew job request 3, job is valid till 10/8/2024 9:58:07 AM
[2024-10-08 09:48:41Z INFO MessageListener] BrokerMigration message received. Polling Broker for messages...
[2024-10-08 09:49:08Z INFO JobDispatcher] Successfully renew job request 3, job is valid till 10/8/2024 9:59:07 AM
[2024-10-08 09:49:32Z INFO MessageListener] BrokerMigration message received. Polling Broker for messages...
[2024-10-08 09:50:09Z INFO JobDispatcher] Successfully renew job request 3, job is valid till 10/8/2024 10:00:07 AM
[2024-10-08 09:50:23Z INFO MessageListener] BrokerMigration message received. Polling Broker for messages...
[2024-10-08 09:51:09Z INFO JobDispatcher] Successfully renew job request 3, job is valid till 10/8/2024 10:01:08 AM
[2024-10-08 09:51:22Z INFO MessageListener] BrokerMigration message received. Polling Broker for messages...
[2024-10-08 09:52:09Z INFO JobDispatcher] Successfully renew job request 3, job is valid till 10/8/2024 10:02:08 AM
[2024-10-08 09:52:12Z INFO MessageListener] BrokerMigration message received. Polling Broker for messages...
[2024-10-08 09:53:03Z INFO MessageListener] BrokerMigration message received. Polling Broker for messages...
[2024-10-08 09:53:10Z INFO JobDispatcher] Successfully renew job request 3, job is valid till 10/8/2024 10:03:09 AM
[2024-10-08 09:53:54Z INFO MessageListener] BrokerMigration message received. Polling Broker for messages...
[2024-10-08 09:54:10Z INFO JobDispatcher] Successfully renew job request 3, job is valid till 10/8/2024 10:04:09 AM
[2024-10-08 09:54:49Z INFO MessageListener] BrokerMigration message received. Polling Broker for messages...
[2024-10-08 09:55:11Z INFO JobDispatcher] Successfully renew job request 3, job is valid till 10/8/2024 10:05:10 AM
[2024-10-08 09:55:40Z INFO MessageListener] BrokerMigration message received. Polling Broker for messages...
[2024-10-08 09:56:11Z INFO JobDispatcher] Successfully renew job request 3, job is valid till 10/8/2024 10:06:10 AM
[2024-10-08 09:56:31Z INFO MessageListener] BrokerMigration message received. Polling Broker for messages...
[2024-10-08 09:57:11Z INFO JobDispatcher] Successfully renew job request 3, job is valid till 10/8/2024 10:07:10 AM
[2024-10-08 09:57:22Z INFO MessageListener] BrokerMigration message received. Polling Broker for messages...
[2024-10-08 09:57:40Z INFO ProcessInvokerWrapper] STDOUT/STDERR stream read finished.
[2024-10-08 09:57:40Z INFO ProcessInvokerWrapper] STDOUT/STDERR stream read finished.
[2024-10-08 09:57:40Z INFO ProcessInvokerWrapper] Finished process 17412 with exit code 102, and elapsed time 00:11:33.0647679.
[2024-10-08 09:57:40Z INFO JobDispatcher] Worker finished for job e07742bd-189a-5079-918b-43f8b2f94b89. Code: 102
[2024-10-08 09:57:40Z INFO JobDispatcher] finish job request for job e07742bd-189a-5079-918b-43f8b2f94b89 with result: Failed
[2024-10-08 09:57:40Z INFO Terminal] WRITE LINE: 2024-10-08 09:57:40Z: Job deploy completed with result: Failed
[2024-10-08 09:57:40Z INFO JobDispatcher] Stop renew job request for job e07742bd-189a-5079-918b-43f8b2f94b89.
[2024-10-08 09:57:40Z INFO JobDispatcher] job renew has been cancelled, stop renew job request 3.
[2024-10-08 09:57:40Z INFO JobNotification] Entering JobCompleted Notification
[2024-10-08 09:57:40Z INFO JobNotification] Entering EndMonitor
[2024-10-08 09:57:40Z INFO MessageListener] Received job status event. JobState: Online
[2024-10-08 09:58:13Z INFO MessageListener] BrokerMigration message received. Polling Broker for messages...
[2024-10-08 09:59:03Z INFO MessageListener] BrokerMigration message received. Polling Broker for messages...
[2024-10-08 09:59:54Z INFO MessageListener] BrokerMigration message received. Polling Broker for messages...
[2024-10-08 10:00:45Z INFO MessageListener] BrokerMigration message received. Polling Broker for messages...
[2024-10-08 10:01:36Z INFO MessageListener] BrokerMigration message received. Polling Broker for messages...
[2024-10-08 10:02:29Z INFO MessageListener] BrokerMigration message received. Polling Broker for messages...
[2024-10-08 10:03:21Z INFO MessageListener] BrokerMigration message received. Polling Broker for messages...
[2024-10-08 10:04:12Z INFO MessageListener] BrokerMigration message received. Polling Broker for messages...
[2024-10-08 10:05:02Z INFO MessageListener] BrokerMigration message received. Polling Broker for messages...
[2024-10-08 10:05:53Z INFO MessageListener] BrokerMigration message received. Polling Broker for messages...
[2024-10-08 10:06:56Z WARN GitHubActionsService] Attempt 1 of GET request to https://pipelinesghubeus3.actions.githubusercontent.com/ZRwtjmtxfnb4jhhNH6YyOlUntRxVHBfOhApglqOFvs76bUYiMU/_apis/distributedtask/pools/1/messages?sessionId=e3345b1f-e081-44c0-9863-99a5bb73e89e&lastMessageId=6643513849191677862&status=Online&runnerVersion=2.320.0&os=Windows&architecture=X64&disableUpdate=false failed (Socket Error: ConnectionReset). The operation will be retried in 10.905 seconds.
[2024-10-08 10:07:08Z INFO MessageListener] BrokerMigration message received. Polling Broker for messages...
[2024-10-08 10:07:59Z INFO MessageListener] BrokerMigration message received. Polling Broker for messages...
[2024-10-08 10:08:17Z INFO MessageListener] Message '2327201675187780499' received from session 'e3345b1f-e081-44c0-9863-99a5bb73e89e'.
[2024-10-08 10:08:17Z INFO ConfigurationStore] HasCredentials()
[2024-10-08 10:08:17Z INFO ConfigurationStore] stored True
[2024-10-08 10:08:17Z INFO CredentialManager] GetCredentialProvider
[2024-10-08 10:08:17Z INFO CredentialManager] Creating type OAuth
[2024-10-08 10:08:17Z INFO CredentialManager] Creating credential type: OAuth
[2024-10-08 10:08:17Z INFO RSAEncryptedFileKeyManager] Loading RSA key parameters from file C:\CI-CD Pipeline\actions-runner\actions-runner-win-x64-2.320.0\.credentials_rsaparams
[2024-10-08 10:08:17Z INFO ActionsRunServer] EstablishVssConnection
[2024-10-08 10:08:17Z INFO ActionsRunServer] Establish connection with 100 seconds timeout.
[2024-10-08 10:08:17Z INFO GitHubActionsService] Starting operation Location.GetConnectionData
[2024-10-08 10:08:18Z INFO GitHubActionsService] Finished operation Location.GetConnectionData
[2024-10-08 10:08:19Z INFO RSAEncryptedFileKeyManager] Loading RSA key parameters from file C:\CI-CD Pipeline\actions-runner\actions-runner-win-x64-2.320.0\.credentials_rsaparams
[2024-10-08 10:08:19Z INFO RSAEncryptedFileKeyManager] Loading RSA key parameters from file C:\CI-CD Pipeline\actions-runner\actions-runner-win-x64-2.320.0\.credentials_rsaparams
[2024-10-08 10:08:21Z INFO GitHubActionsService] AAD Correlation ID for this token request: Unknown
[2024-10-08 10:08:22Z INFO JobDispatcher] Job request 4 for plan 3fbabee0-022b-47db-99a6-4acd42b5058d job e07742bd-189a-5079-918b-43f8b2f94b89 received.
[2024-10-08 10:08:22Z INFO JobDispatcher] Pull OrchestrationId 3fbabee0-022b-47db-99a6-4acd42b5058d.deploy.__default from JWT claims
[2024-10-08 10:08:22Z INFO MessageListener] Received job status event. JobState: Busy
[2024-10-08 10:08:22Z INFO MessageListener] _getMessagesTokenSource is already disposed.
[2024-10-08 10:08:22Z INFO JobDispatcher] Job request e07742bd-189a-5079-918b-43f8b2f94b89 processed succeed.
[2024-10-08 10:08:22Z INFO Terminal] WRITE LINE: 2024-10-08 10:08:22Z: Running job: deploy
[2024-10-08 10:08:22Z INFO JobDispatcher] Start renew job request 4 for job e07742bd-189a-5079-918b-43f8b2f94b89.
[2024-10-08 10:08:23Z INFO JobDispatcher] Successfully renew job request 4, job is valid till 10/8/2024 10:18:22 AM
[2024-10-08 10:08:23Z INFO HostContext] Well known directory 'Bin': 'C:\CI-CD Pipeline\actions-runner\actions-runner-win-x64-2.320.0\bin'
[2024-10-08 10:08:23Z INFO ProcessInvokerWrapper] Starting process:
[2024-10-08 10:08:23Z INFO ProcessInvokerWrapper]   File name: 'C:\CI-CD Pipeline\actions-runner\actions-runner-win-x64-2.320.0\bin\Runner.Worker.exe'
[2024-10-08 10:08:23Z INFO ProcessInvokerWrapper]   Arguments: 'spawnclient 2644 2704'
[2024-10-08 10:08:23Z INFO ProcessInvokerWrapper]   Working directory: 'C:\CI-CD Pipeline\actions-runner\actions-runner-win-x64-2.320.0\bin'
[2024-10-08 10:08:23Z INFO ProcessInvokerWrapper]   Require exit code zero: 'False'
[2024-10-08 10:08:23Z INFO ProcessInvokerWrapper]   Encoding web name:  ; code page: ''
[2024-10-08 10:08:23Z INFO ProcessInvokerWrapper]   Force kill process on cancellation: 'True'
[2024-10-08 10:08:23Z INFO ProcessInvokerWrapper]   Redirected STDIN: 'False'
[2024-10-08 10:08:23Z INFO ProcessInvokerWrapper]   Persist current code page: 'False'
[2024-10-08 10:08:23Z INFO ProcessInvokerWrapper]   Keep redirected STDIN open: 'False'
[2024-10-08 10:08:23Z INFO ProcessInvokerWrapper]   High priority process: 'True'
[2024-10-08 10:08:23Z INFO ProcessInvokerWrapper] Process started with process id 48948, waiting for process exit.
[2024-10-08 10:08:23Z INFO JobDispatcher] Send job request message to worker for job e07742bd-189a-5079-918b-43f8b2f94b89.
[2024-10-08 10:08:23Z INFO ProcessChannel] Sending message of length 24644, with hash '6c0c48caae79b1a8448c8c63b54c9918bcbc1d6742a9e22271bd87c85eacd464'
[2024-10-08 10:08:24Z INFO MessageListener] BrokerMigration message received. Polling Broker for messages...
[2024-10-08 10:08:24Z INFO JobNotification] Entering JobStarted Notification
[2024-10-08 10:08:24Z INFO JobNotification] Entering StartMonitor
[2024-10-08 10:09:14Z INFO MessageListener] BrokerMigration message received. Polling Broker for messages...
[2024-10-08 10:09:24Z INFO JobDispatcher] Successfully renew job request 4, job is valid till 10/8/2024 10:19:22 AM
[2024-10-08 10:10:03Z INFO ProcessInvokerWrapper] STDOUT/STDERR stream read finished.
[2024-10-08 10:10:03Z INFO ProcessInvokerWrapper] STDOUT/STDERR stream read finished.
[2024-10-08 10:10:03Z INFO ProcessInvokerWrapper] Finished process 48948 with exit code 102, and elapsed time 00:01:40.2222327.
[2024-10-08 10:10:03Z INFO JobDispatcher] Worker finished for job e07742bd-189a-5079-918b-43f8b2f94b89. Code: 102
[2024-10-08 10:10:03Z INFO JobDispatcher] finish job request for job e07742bd-189a-5079-918b-43f8b2f94b89 with result: Failed
[2024-10-08 10:10:03Z INFO Terminal] WRITE LINE: 2024-10-08 10:10:03Z: Job deploy completed with result: Failed
[2024-10-08 10:10:03Z INFO JobDispatcher] Stop renew job request for job e07742bd-189a-5079-918b-43f8b2f94b89.
[2024-10-08 10:10:03Z INFO JobDispatcher] job renew has been cancelled, stop renew job request 4.
[2024-10-08 10:10:03Z INFO JobNotification] Entering JobCompleted Notification
[2024-10-08 10:10:03Z INFO JobNotification] Entering EndMonitor
[2024-10-08 10:10:03Z INFO MessageListener] Received job status event. JobState: Online
[2024-10-08 10:10:05Z INFO MessageListener] BrokerMigration message received. Polling Broker for messages...
[2024-10-08 10:10:56Z INFO MessageListener] BrokerMigration message received. Polling Broker for messages...
[2024-10-08 10:11:47Z INFO MessageListener] BrokerMigration message received. Polling Broker for messages...
[2024-10-08 10:12:37Z INFO MessageListener] BrokerMigration message received. Polling Broker for messages...
[2024-10-08 10:13:28Z INFO MessageListener] BrokerMigration message received. Polling Broker for messages...
[2024-10-08 10:14:19Z INFO MessageListener] BrokerMigration message received. Polling Broker for messages...
[2024-10-08 10:15:09Z INFO MessageListener] BrokerMigration message received. Polling Broker for messages...
[2024-10-08 10:16:00Z INFO MessageListener] BrokerMigration message received. Polling Broker for messages...
[2024-10-08 10:16:51Z INFO MessageListener] BrokerMigration message received. Polling Broker for messages...
[2024-10-08 10:17:42Z INFO MessageListener] BrokerMigration message received. Polling Broker for messages...
[2024-10-08 10:18:32Z INFO MessageListener] BrokerMigration message received. Polling Broker for messages...
[2024-10-08 10:19:23Z INFO MessageListener] BrokerMigration message received. Polling Broker for messages...
[2024-10-08 10:20:14Z INFO MessageListener] BrokerMigration message received. Polling Broker for messages...
[2024-10-08 10:21:04Z INFO MessageListener] BrokerMigration message received. Polling Broker for messages...
[2024-10-08 10:21:58Z INFO MessageListener] BrokerMigration message received. Polling Broker for messages...
[2024-10-08 10:22:49Z INFO MessageListener] BrokerMigration message received. Polling Broker for messages...
[2024-10-08 10:23:39Z INFO MessageListener] BrokerMigration message received. Polling Broker for messages...
[2024-10-08 10:24:30Z INFO MessageListener] BrokerMigration message received. Polling Broker for messages...
[2024-10-08 10:25:21Z INFO MessageListener] BrokerMigration message received. Polling Broker for messages...
[2024-10-08 10:26:11Z INFO MessageListener] BrokerMigration message received. Polling Broker for messages...
[2024-10-08 10:27:02Z INFO MessageListener] BrokerMigration message received. Polling Broker for messages...
[2024-10-08 10:27:53Z INFO MessageListener] BrokerMigration message received. Polling Broker for messages...
[2024-10-08 10:28:44Z INFO MessageListener] BrokerMigration message received. Polling Broker for messages...
[2024-10-08 10:29:34Z INFO MessageListener] BrokerMigration message received. Polling Broker for messages...
[2024-10-08 10:30:25Z INFO MessageListener] BrokerMigration message received. Polling Broker for messages...
[2024-10-08 10:31:16Z INFO MessageListener] BrokerMigration message received. Polling Broker for messages...
[2024-10-08 10:32:06Z INFO MessageListener] BrokerMigration message received. Polling Broker for messages...
[2024-10-08 10:32:57Z INFO MessageListener] BrokerMigration message received. Polling Broker for messages...
[2024-10-08 10:33:48Z INFO MessageListener] BrokerMigration message received. Polling Broker for messages...
[2024-10-08 10:34:38Z INFO MessageListener] BrokerMigration message received. Polling Broker for messages...
[2024-10-08 10:35:29Z INFO MessageListener] BrokerMigration message received. Polling Broker for messages...
[2024-10-08 10:36:20Z INFO MessageListener] BrokerMigration message received. Polling Broker for messages...
[2024-10-08 10:36:20Z INFO RSAEncryptedFileKeyManager] Loading RSA key parameters from file C:\CI-CD Pipeline\actions-runner\actions-runner-win-x64-2.320.0\.credentials_rsaparams
[2024-10-08 10:36:21Z INFO GitHubActionsService] AAD Correlation ID for this token request: Unknown
[2024-10-08 10:37:12Z INFO MessageListener] BrokerMigration message received. Polling Broker for messages...
[2024-10-08 10:38:03Z INFO MessageListener] BrokerMigration message received. Polling Broker for messages...
[2024-10-08 10:38:53Z INFO MessageListener] No message retrieved from session 'e3345b1f-e081-44c0-9863-99a5bb73e89e' within last 30 minutes.
[2024-10-08 10:38:53Z INFO MessageListener] BrokerMigration message received. Polling Broker for messages...
[2024-10-08 10:39:44Z INFO MessageListener] BrokerMigration message received. Polling Broker for messages...
[2024-10-08 10:40:35Z INFO MessageListener] BrokerMigration message received. Polling Broker for messages...
[2024-10-08 10:41:26Z INFO RSAEncryptedFileKeyManager] Loading RSA key parameters from file C:\CI-CD Pipeline\actions-runner\actions-runner-win-x64-2.320.0\.credentials_rsaparams
[2024-10-08 10:41:27Z INFO GitHubActionsService] AAD Correlation ID for this token request: Unknown
[2024-10-08 10:41:27Z INFO MessageListener] BrokerMigration message received. Polling Broker for messages...
[2024-10-08 10:42:18Z INFO MessageListener] BrokerMigration message received. Polling Broker for messages...
[2024-10-08 10:43:09Z INFO MessageListener] BrokerMigration message received. Polling Broker for messages...
[2024-10-08 10:43:59Z INFO MessageListener] BrokerMigration message received. Polling Broker for messages...
[2024-10-08 10:44:50Z INFO MessageListener] BrokerMigration message received. Polling Broker for messages...
[2024-10-08 10:45:41Z INFO MessageListener] BrokerMigration message received. Polling Broker for messages...
[2024-10-08 10:46:32Z INFO MessageListener] BrokerMigration message received. Polling Broker for messages...
[2024-10-08 10:47:22Z INFO MessageListener] BrokerMigration message received. Polling Broker for messages...
[2024-10-08 10:48:13Z INFO MessageListener] BrokerMigration message received. Polling Broker for messages...
[2024-10-08 10:49:04Z INFO MessageListener] BrokerMigration message received. Polling Broker for messages...
[2024-10-08 10:49:54Z INFO MessageListener] BrokerMigration message received. Polling Broker for messages...
[2024-10-08 10:50:45Z INFO MessageListener] BrokerMigration message received. Polling Broker for messages...
[2024-10-08 10:51:36Z INFO MessageListener] BrokerMigration message received. Polling Broker for messages...
[2024-10-08 10:52:26Z INFO MessageListener] BrokerMigration message received. Polling Broker for messages...
[2024-10-08 10:53:17Z INFO MessageListener] BrokerMigration message received. Polling Broker for messages...
[2024-10-08 10:54:08Z INFO MessageListener] BrokerMigration message received. Polling Broker for messages...
[2024-10-08 10:54:59Z INFO MessageListener] BrokerMigration message received. Polling Broker for messages...
[2024-10-08 10:55:52Z INFO MessageListener] BrokerMigration message received. Polling Broker for messages...
[2024-10-08 10:56:44Z INFO MessageListener] BrokerMigration message received. Polling Broker for messages...
[2024-10-08 10:57:36Z INFO MessageListener] BrokerMigration message received. Polling Broker for messages...
[2024-10-08 10:58:26Z INFO MessageListener] BrokerMigration message received. Polling Broker for messages...
[2024-10-08 10:59:17Z INFO MessageListener] BrokerMigration message received. Polling Broker for messages...
[2024-10-08 11:00:07Z INFO MessageListener] BrokerMigration message received. Polling Broker for messages...
[2024-10-08 11:00:58Z INFO MessageListener] BrokerMigration message received. Polling Broker for messages...
[2024-10-08 11:01:49Z INFO MessageListener] BrokerMigration message received. Polling Broker for messages...
[2024-10-08 11:02:40Z INFO MessageListener] BrokerMigration message received. Polling Broker for messages...
[2024-10-08 11:03:30Z INFO MessageListener] BrokerMigration message received. Polling Broker for messages...
[2024-10-08 11:04:21Z INFO MessageListener] BrokerMigration message received. Polling Broker for messages...
[2024-10-08 11:05:11Z INFO Terminal] WRITE LINE: Exiting...
[2024-10-08 11:05:11Z INFO ConfigurationStore] IsServiceConfigured()
[2024-10-08 11:05:11Z INFO ConfigurationStore] IsServiceConfigured: False
[2024-10-08 11:05:11Z INFO HostContext] Runner will be shutdown for UserCancelled
[2024-10-08 11:05:11Z WARN GitHubActionsService] GET request to https://broker.actions.githubusercontent.com/message?sessionId=e3345b1f-e081-44c0-9863-99a5bb73e89e&status=Online&runnerVersion=2.320.0&os=Windows&architecture=X64&disableUpdate=false has been cancelled.
[2024-10-08 11:05:11Z ERR  BrokerServer] Catch exception during request
[2024-10-08 11:05:11Z ERR  BrokerServer] System.Threading.Tasks.TaskCanceledException: The operation was canceled.
 ---> System.IO.IOException: Unable to read data from the transport connection: The I/O operation has been aborted because of either a thread exit or an application request..
 ---> System.Net.Sockets.SocketException (995): The I/O operation has been aborted because of either a thread exit or an application request.
   --- End of inner exception stack trace ---
   at System.Net.Sockets.Socket.AwaitableSocketAsyncEventArgs.ThrowException(SocketError error, CancellationToken cancellationToken)
   at System.Net.Sockets.Socket.AwaitableSocketAsyncEventArgs.System.Threading.Tasks.Sources.IValueTaskSource<System.Int32>.GetResult(Int16 token)
   at System.Net.Security.SslStream.EnsureFullTlsFrameAsync[TIOAdapter](TIOAdapter adapter)
   at System.Net.Security.SslStream.ReadAsyncInternal[TIOAdapter](TIOAdapter adapter, Memory`1 buffer)
   at System.Net.Http.HttpConnection.SendAsyncCore(HttpRequestMessage request, Boolean async, CancellationToken cancellationToken)
   --- End of inner exception stack trace ---
   at System.Net.Http.HttpClient.HandleFailure(Exception e, Boolean telemetryStarted, HttpResponseMessage response, CancellationTokenSource cts, CancellationToken cancellationToken, CancellationTokenSource pendingRequestsCts)
   at System.Net.Http.HttpClient.<SendAsync>g__Core|83_0(HttpRequestMessage request, HttpCompletionOption completionOption, CancellationTokenSource cts, Boolean disposeCts, CancellationTokenSource pendingRequestsCts, CancellationToken originalCancellationToken)
   at Sdk.WebApi.WebApi.RawHttpClientBase.SendAsync(HttpRequestMessage message, HttpCompletionOption completionOption, Object userState, CancellationToken cancellationToken)
   at Sdk.WebApi.WebApi.RawHttpClientBase.SendAsync[T](HttpRequestMessage message, Boolean readErrorBody, Object userState, CancellationToken cancellationToken)
   at Sdk.WebApi.WebApi.RawHttpClientBase.SendAsync[T](HttpMethod method, IEnumerable`1 additionalHeaders, Uri requestUri, HttpContent content, IEnumerable`1 queryParameters, Boolean readErrorBody, Object userState, CancellationToken cancellationToken)
   at GitHub.Actions.RunService.WebApi.BrokerHttpClient.GetRunnerMessageAsync(Nullable`1 sessionId, String runnerVersion, Nullable`1 status, String os, String architecture, Nullable`1 disableUpdate, CancellationToken cancellationToken)
   at GitHub.Runner.Common.BrokerServer.<>c__DisplayClass7_0.<<GetRunnerMessageAsync>b__0>d.MoveNext()
--- End of stack trace from previous location ---
   at GitHub.Runner.Common.RunnerService.RetryRequest[T](Func`1 func, CancellationToken cancellationToken, Int32 maxRetryAttemptsCount, Func`2 shouldRetry)
[2024-10-08 11:05:11Z ERR  BrokerServer] #####################################################
[2024-10-08 11:05:11Z ERR  BrokerServer] System.IO.IOException: Unable to read data from the transport connection: The I/O operation has been aborted because of either a thread exit or an application request..
 ---> System.Net.Sockets.SocketException (995): The I/O operation has been aborted because of either a thread exit or an application request.
   --- End of inner exception stack trace ---
   at System.Net.Sockets.Socket.AwaitableSocketAsyncEventArgs.ThrowException(SocketError error, CancellationToken cancellationToken)
   at System.Net.Sockets.Socket.AwaitableSocketAsyncEventArgs.System.Threading.Tasks.Sources.IValueTaskSource<System.Int32>.GetResult(Int16 token)
   at System.Net.Security.SslStream.EnsureFullTlsFrameAsync[TIOAdapter](TIOAdapter adapter)
   at System.Net.Security.SslStream.ReadAsyncInternal[TIOAdapter](TIOAdapter adapter, Memory`1 buffer)
   at System.Net.Http.HttpConnection.SendAsyncCore(HttpRequestMessage request, Boolean async, CancellationToken cancellationToken)
[2024-10-08 11:05:11Z ERR  BrokerServer] #####################################################
[2024-10-08 11:05:11Z ERR  BrokerServer] System.Net.Sockets.SocketException (995): The I/O operation has been aborted because of either a thread exit or an application request.
[2024-10-08 11:05:11Z WARN BrokerServer] Back off 13.464 seconds before next retry. 4 attempt left.
[2024-10-08 11:05:11Z INFO MessageListener] Get next message has been cancelled.
[2024-10-08 11:05:11Z INFO JobDispatcher] Shutting down JobDispatcher. Make sure all WorkerDispatcher has finished.
[2024-10-08 11:05:11Z INFO JobDispatcher] Ensure WorkerDispatcher for job e07742bd-189a-5079-918b-43f8b2f94b89 run to finish, cancel any running job.
[2024-10-08 11:05:11Z INFO JobDispatcher] Job request e07742bd-189a-5079-918b-43f8b2f94b89 processed succeed.
[2024-10-08 11:05:11Z INFO Runner] Deleting Runner Session...
[2024-10-08 11:05:11Z INFO Listener] Runner execution been cancelled.
