[2024-10-08 07:23:18Z INFO HostContext] No proxy settings were found based on environmental variables (http_proxy/https_proxy/HTTP_PROXY/HTTPS_PROXY)
[2024-10-08 07:23:18Z INFO HostContext] Well known directory 'Bin': 'C:\Users\kunjm\Downloads\actions-runner-win-x64-2.320.0\bin'
[2024-10-08 07:23:18Z INFO HostContext] Well known directory 'Root': 'C:\Users\kunjm\Downloads\actions-runner-win-x64-2.320.0'
[2024-10-08 07:23:18Z INFO HostContext] Well known config file 'Credentials': 'C:\Users\kunjm\Downloads\actions-runner-win-x64-2.320.0\.credentials'
[2024-10-08 07:23:18Z INFO HostContext] Well known directory 'Bin': 'C:\Users\kunjm\Downloads\actions-runner-win-x64-2.320.0\bin'
[2024-10-08 07:23:18Z INFO HostContext] Well known directory 'Root': 'C:\Users\kunjm\Downloads\actions-runner-win-x64-2.320.0'
[2024-10-08 07:23:18Z INFO HostContext] Well known config file 'Runner': 'C:\Users\kunjm\Downloads\actions-runner-win-x64-2.320.0\.runner'
[2024-10-08 07:23:18Z INFO Listener] Runner is built for Windows (X64) - win-x64.
[2024-10-08 07:23:18Z INFO Listener] RuntimeInformation: Microsoft Windows 10.0.22631.
[2024-10-08 07:23:18Z INFO Listener] Version: 2.320.0
[2024-10-08 07:23:18Z INFO Listener] Commit: 78f21670b4a58aff19b5189207f54eb2bee324d1
[2024-10-08 07:23:18Z INFO Listener] Culture: en-US
[2024-10-08 07:23:18Z INFO Listener] UI Culture: en-US
[2024-10-08 07:23:18Z INFO HostContext] Well known directory 'Bin': 'C:\Users\kunjm\Downloads\actions-runner-win-x64-2.320.0\bin'
[2024-10-08 07:23:18Z INFO HostContext] Well known directory 'Root': 'C:\Users\kunjm\Downloads\actions-runner-win-x64-2.320.0'
[2024-10-08 07:23:18Z INFO Listener] Validating directory permissions for: 'C:\Users\kunjm\Downloads\actions-runner-win-x64-2.320.0'
[2024-10-08 07:23:18Z INFO CommandLineParser] Parse
[2024-10-08 07:23:18Z INFO CommandLineParser] Parsing 1 args
[2024-10-08 07:23:18Z INFO CommandLineParser] parsing argument
[2024-10-08 07:23:18Z INFO CommandLineParser] HasArgs: False
[2024-10-08 07:23:18Z INFO CommandLineParser] Adding Command: configure
[2024-10-08 07:23:18Z INFO Listener] Arguments parsed
[2024-10-08 07:23:18Z INFO Runner] ExecuteCommand
[2024-10-08 07:23:18Z INFO ConfigurationStore] currentAssemblyLocation: C:\Users\kunjm\Downloads\actions-runner-win-x64-2.320.0\bin\Runner.Listener.dll
[2024-10-08 07:23:18Z INFO HostContext] Well known directory 'Bin': 'C:\Users\kunjm\Downloads\actions-runner-win-x64-2.320.0\bin'
[2024-10-08 07:23:18Z INFO ConfigurationStore] binPath: C:\Users\kunjm\Downloads\actions-runner-win-x64-2.320.0\bin
[2024-10-08 07:23:18Z INFO HostContext] Well known directory 'Bin': 'C:\Users\kunjm\Downloads\actions-runner-win-x64-2.320.0\bin'
[2024-10-08 07:23:18Z INFO HostContext] Well known directory 'Root': 'C:\Users\kunjm\Downloads\actions-runner-win-x64-2.320.0'
[2024-10-08 07:23:18Z INFO ConfigurationStore] RootFolder: C:\Users\kunjm\Downloads\actions-runner-win-x64-2.320.0
[2024-10-08 07:23:18Z INFO HostContext] Well known directory 'Bin': 'C:\Users\kunjm\Downloads\actions-runner-win-x64-2.320.0\bin'
[2024-10-08 07:23:18Z INFO HostContext] Well known directory 'Root': 'C:\Users\kunjm\Downloads\actions-runner-win-x64-2.320.0'
[2024-10-08 07:23:18Z INFO HostContext] Well known config file 'Runner': 'C:\Users\kunjm\Downloads\actions-runner-win-x64-2.320.0\.runner'
[2024-10-08 07:23:18Z INFO ConfigurationStore] ConfigFilePath: C:\Users\kunjm\Downloads\actions-runner-win-x64-2.320.0\.runner
[2024-10-08 07:23:18Z INFO HostContext] Well known directory 'Bin': 'C:\Users\kunjm\Downloads\actions-runner-win-x64-2.320.0\bin'
[2024-10-08 07:23:18Z INFO HostContext] Well known directory 'Root': 'C:\Users\kunjm\Downloads\actions-runner-win-x64-2.320.0'
[2024-10-08 07:23:18Z INFO HostContext] Well known config file 'Credentials': 'C:\Users\kunjm\Downloads\actions-runner-win-x64-2.320.0\.credentials'
[2024-10-08 07:23:18Z INFO ConfigurationStore] CredFilePath: C:\Users\kunjm\Downloads\actions-runner-win-x64-2.320.0\.credentials
[2024-10-08 07:23:18Z INFO HostContext] Well known directory 'Bin': 'C:\Users\kunjm\Downloads\actions-runner-win-x64-2.320.0\bin'
[2024-10-08 07:23:18Z INFO HostContext] Well known directory 'Root': 'C:\Users\kunjm\Downloads\actions-runner-win-x64-2.320.0'
[2024-10-08 07:23:18Z INFO HostContext] Well known config file 'MigratedCredentials': 'C:\Users\kunjm\Downloads\actions-runner-win-x64-2.320.0\.credentials_migrated'
[2024-10-08 07:23:18Z INFO ConfigurationStore] MigratedCredFilePath: C:\Users\kunjm\Downloads\actions-runner-win-x64-2.320.0\.credentials_migrated
[2024-10-08 07:23:18Z INFO HostContext] Well known directory 'Bin': 'C:\Users\kunjm\Downloads\actions-runner-win-x64-2.320.0\bin'
[2024-10-08 07:23:18Z INFO HostContext] Well known directory 'Root': 'C:\Users\kunjm\Downloads\actions-runner-win-x64-2.320.0'
[2024-10-08 07:23:18Z INFO HostContext] Well known config file 'Service': 'C:\Users\kunjm\Downloads\actions-runner-win-x64-2.320.0\.service'
[2024-10-08 07:23:18Z INFO ConfigurationStore] ServiceConfigFilePath: C:\Users\kunjm\Downloads\actions-runner-win-x64-2.320.0\.service
[2024-10-08 07:23:18Z INFO CommandSettings] Flag 'help': 'False'
[2024-10-08 07:23:18Z INFO CommandSettings] Flag 'version': 'False'
[2024-10-08 07:23:18Z INFO CommandSettings] Flag 'commit': 'False'
[2024-10-08 07:23:18Z INFO CommandSettings] Flag 'check': 'False'
[2024-10-08 07:23:18Z INFO CommandSettings] Command 'configure': 'True'
[2024-10-08 07:23:18Z INFO Terminal] WRITE LINE: 
[2024-10-08 07:23:18Z INFO Terminal] WRITE LINE: --------------------------------------------------------------------------------
[2024-10-08 07:23:18Z INFO Terminal] WRITE LINE: |        ____ _ _   _   _       _          _        _   _                      |
[2024-10-08 07:23:18Z INFO Terminal] WRITE LINE: |       / ___(_) |_| | | |_   _| |__      / \   ___| |_(_) ___  _ __  ___      |
[2024-10-08 07:23:18Z INFO Terminal] WRITE LINE: |      | |  _| | __| |_| | | | | '_ \    / _ \ / __| __| |/ _ \| '_ \/ __|     |
[2024-10-08 07:23:18Z INFO Terminal] WRITE LINE: |      | |_| | | |_|  _  | |_| | |_) |  / ___ \ (__| |_| | (_) | | | \__ \     |
[2024-10-08 07:23:18Z INFO Terminal] WRITE LINE: |       \____|_|\__|_| |_|\__,_|_.__/  /_/   \_\___|\__|_|\___/|_| |_|___/     |
[2024-10-08 07:23:18Z INFO Terminal] WRITE LINE: |                                                                              |
[2024-10-08 07:23:18Z INFO Terminal] WRITE: |                       
[2024-10-08 07:23:18Z INFO Terminal] WRITE: Self-hosted runner registration
[2024-10-08 07:23:18Z INFO Terminal] WRITE LINE:                         |
[2024-10-08 07:23:18Z INFO Terminal] WRITE LINE: |                                                                              |
[2024-10-08 07:23:18Z INFO Terminal] WRITE LINE: --------------------------------------------------------------------------------
[2024-10-08 07:23:18Z INFO ConfigurationManager] ConfigureAsync
[2024-10-08 07:23:18Z INFO CommandSettings] Flag 'generateServiceConfig': 'False'
[2024-10-08 07:23:18Z INFO ConfigurationStore] IsConfigured()
[2024-10-08 07:23:18Z INFO ConfigurationStore] IsConfigured: False
[2024-10-08 07:23:18Z INFO ConfigurationManager] Is configured: False
[2024-10-08 07:23:18Z INFO CommandSettings] Arg 'url': ''
[2024-10-08 07:23:18Z INFO CommandSettings] Flag 'unattended': 'False'
[2024-10-08 07:23:18Z INFO PromptManager] ReadValue
[2024-10-08 07:23:18Z INFO Terminal] WRITE: What is the URL of your repository? 
[2024-10-08 07:23:18Z INFO Terminal] READ LINE
