[2024-10-08 08:19:31Z INFO HostContext] No proxy settings were found based on environmental variables (http_proxy/https_proxy/HTTP_PROXY/HTTPS_PROXY)
[2024-10-08 08:19:31Z INFO HostContext] Well known directory 'Bin': 'C:\Users\kunjm\OneDrive\Desktop\Project\CI-CD Pipeline\actions-runner\actions-runner-win-x64-2.320.0\bin'
[2024-10-08 08:19:31Z INFO HostContext] Well known directory 'Root': 'C:\Users\kunjm\OneDrive\Desktop\Project\CI-CD Pipeline\actions-runner\actions-runner-win-x64-2.320.0'
[2024-10-08 08:19:31Z INFO HostContext] Well known config file 'Credentials': 'C:\Users\kunjm\OneDrive\Desktop\Project\CI-CD Pipeline\actions-runner\actions-runner-win-x64-2.320.0\.credentials'
[2024-10-08 08:19:31Z INFO HostContext] Well known directory 'Bin': 'C:\Users\kunjm\OneDrive\Desktop\Project\CI-CD Pipeline\actions-runner\actions-runner-win-x64-2.320.0\bin'
[2024-10-08 08:19:31Z INFO HostContext] Well known directory 'Root': 'C:\Users\kunjm\OneDrive\Desktop\Project\CI-CD Pipeline\actions-runner\actions-runner-win-x64-2.320.0'
[2024-10-08 08:19:31Z INFO HostContext] Well known config file 'Runner': 'C:\Users\kunjm\OneDrive\Desktop\Project\CI-CD Pipeline\actions-runner\actions-runner-win-x64-2.320.0\.runner'
[2024-10-08 08:19:31Z INFO Listener] Runner is built for Windows (X64) - win-x64.
[2024-10-08 08:19:31Z INFO Listener] RuntimeInformation: Microsoft Windows 10.0.22631.
[2024-10-08 08:19:31Z INFO Listener] Version: 2.320.0
[2024-10-08 08:19:31Z INFO Listener] Commit: 78f21670b4a58aff19b5189207f54eb2bee324d1
[2024-10-08 08:19:31Z INFO Listener] Culture: en-US
[2024-10-08 08:19:31Z INFO Listener] UI Culture: en-US
[2024-10-08 08:19:31Z INFO HostContext] Well known directory 'Bin': 'C:\Users\kunjm\OneDrive\Desktop\Project\CI-CD Pipeline\actions-runner\actions-runner-win-x64-2.320.0\bin'
[2024-10-08 08:19:31Z INFO HostContext] Well known directory 'Root': 'C:\Users\kunjm\OneDrive\Desktop\Project\CI-CD Pipeline\actions-runner\actions-runner-win-x64-2.320.0'
[2024-10-08 08:19:31Z INFO Listener] Validating directory permissions for: 'C:\Users\kunjm\OneDrive\Desktop\Project\CI-CD Pipeline\actions-runner\actions-runner-win-x64-2.320.0'
[2024-10-08 08:19:31Z INFO CommandLineParser] Parse
[2024-10-08 08:19:31Z INFO CommandLineParser] Parsing 5 args
[2024-10-08 08:19:31Z INFO CommandLineParser] parsing argument
[2024-10-08 08:19:31Z INFO CommandLineParser] HasArgs: False
[2024-10-08 08:19:31Z INFO CommandLineParser] Adding Command: configure
[2024-10-08 08:19:31Z INFO CommandLineParser] parsing argument
[2024-10-08 08:19:31Z INFO CommandLineParser] HasArgs: True
[2024-10-08 08:19:31Z INFO CommandLineParser] arg: url
[2024-10-08 08:19:31Z INFO CommandLineParser] parsing argument
[2024-10-08 08:19:31Z INFO CommandLineParser] HasArgs: True
[2024-10-08 08:19:31Z INFO CommandLineParser] Adding option 'url': 'https://github.com/Kunj-Mori/MERN-DashBoard'
[2024-10-08 08:19:31Z INFO CommandLineParser] parsing argument
[2024-10-08 08:19:31Z INFO CommandLineParser] HasArgs: True
[2024-10-08 08:19:31Z INFO CommandLineParser] arg: token
[2024-10-08 08:19:31Z INFO CommandLineParser] parsing argument
[2024-10-08 08:19:31Z INFO CommandLineParser] HasArgs: True
[2024-10-08 08:19:31Z INFO CommandLineParser] Adding option 'token': '***'
[2024-10-08 08:19:31Z INFO Listener] Arguments parsed
[2024-10-08 08:19:31Z INFO Runner] ExecuteCommand
[2024-10-08 08:19:31Z INFO ConfigurationStore] currentAssemblyLocation: C:\Users\kunjm\OneDrive\Desktop\Project\CI-CD Pipeline\actions-runner\actions-runner-win-x64-2.320.0\bin\Runner.Listener.dll
[2024-10-08 08:19:31Z INFO HostContext] Well known directory 'Bin': 'C:\Users\kunjm\OneDrive\Desktop\Project\CI-CD Pipeline\actions-runner\actions-runner-win-x64-2.320.0\bin'
[2024-10-08 08:19:31Z INFO ConfigurationStore] binPath: C:\Users\kunjm\OneDrive\Desktop\Project\CI-CD Pipeline\actions-runner\actions-runner-win-x64-2.320.0\bin
[2024-10-08 08:19:31Z INFO HostContext] Well known directory 'Bin': 'C:\Users\kunjm\OneDrive\Desktop\Project\CI-CD Pipeline\actions-runner\actions-runner-win-x64-2.320.0\bin'
[2024-10-08 08:19:31Z INFO HostContext] Well known directory 'Root': 'C:\Users\kunjm\OneDrive\Desktop\Project\CI-CD Pipeline\actions-runner\actions-runner-win-x64-2.320.0'
[2024-10-08 08:19:31Z INFO ConfigurationStore] RootFolder: C:\Users\kunjm\OneDrive\Desktop\Project\CI-CD Pipeline\actions-runner\actions-runner-win-x64-2.320.0
[2024-10-08 08:19:31Z INFO HostContext] Well known directory 'Bin': 'C:\Users\kunjm\OneDrive\Desktop\Project\CI-CD Pipeline\actions-runner\actions-runner-win-x64-2.320.0\bin'
[2024-10-08 08:19:31Z INFO HostContext] Well known directory 'Root': 'C:\Users\kunjm\OneDrive\Desktop\Project\CI-CD Pipeline\actions-runner\actions-runner-win-x64-2.320.0'
[2024-10-08 08:19:31Z INFO HostContext] Well known config file 'Runner': 'C:\Users\kunjm\OneDrive\Desktop\Project\CI-CD Pipeline\actions-runner\actions-runner-win-x64-2.320.0\.runner'
[2024-10-08 08:19:31Z INFO ConfigurationStore] ConfigFilePath: C:\Users\kunjm\OneDrive\Desktop\Project\CI-CD Pipeline\actions-runner\actions-runner-win-x64-2.320.0\.runner
[2024-10-08 08:19:31Z INFO HostContext] Well known directory 'Bin': 'C:\Users\kunjm\OneDrive\Desktop\Project\CI-CD Pipeline\actions-runner\actions-runner-win-x64-2.320.0\bin'
[2024-10-08 08:19:31Z INFO HostContext] Well known directory 'Root': 'C:\Users\kunjm\OneDrive\Desktop\Project\CI-CD Pipeline\actions-runner\actions-runner-win-x64-2.320.0'
[2024-10-08 08:19:31Z INFO HostContext] Well known config file 'Credentials': 'C:\Users\kunjm\OneDrive\Desktop\Project\CI-CD Pipeline\actions-runner\actions-runner-win-x64-2.320.0\.credentials'
[2024-10-08 08:19:31Z INFO ConfigurationStore] CredFilePath: C:\Users\kunjm\OneDrive\Desktop\Project\CI-CD Pipeline\actions-runner\actions-runner-win-x64-2.320.0\.credentials
[2024-10-08 08:19:31Z INFO HostContext] Well known directory 'Bin': 'C:\Users\kunjm\OneDrive\Desktop\Project\CI-CD Pipeline\actions-runner\actions-runner-win-x64-2.320.0\bin'
[2024-10-08 08:19:31Z INFO HostContext] Well known directory 'Root': 'C:\Users\kunjm\OneDrive\Desktop\Project\CI-CD Pipeline\actions-runner\actions-runner-win-x64-2.320.0'
[2024-10-08 08:19:31Z INFO HostContext] Well known config file 'MigratedCredentials': 'C:\Users\kunjm\OneDrive\Desktop\Project\CI-CD Pipeline\actions-runner\actions-runner-win-x64-2.320.0\.credentials_migrated'
[2024-10-08 08:19:31Z INFO ConfigurationStore] MigratedCredFilePath: C:\Users\kunjm\OneDrive\Desktop\Project\CI-CD Pipeline\actions-runner\actions-runner-win-x64-2.320.0\.credentials_migrated
[2024-10-08 08:19:31Z INFO HostContext] Well known directory 'Bin': 'C:\Users\kunjm\OneDrive\Desktop\Project\CI-CD Pipeline\actions-runner\actions-runner-win-x64-2.320.0\bin'
[2024-10-08 08:19:31Z INFO HostContext] Well known directory 'Root': 'C:\Users\kunjm\OneDrive\Desktop\Project\CI-CD Pipeline\actions-runner\actions-runner-win-x64-2.320.0'
[2024-10-08 08:19:31Z INFO HostContext] Well known config file 'Service': 'C:\Users\kunjm\OneDrive\Desktop\Project\CI-CD Pipeline\actions-runner\actions-runner-win-x64-2.320.0\.service'
[2024-10-08 08:19:31Z INFO ConfigurationStore] ServiceConfigFilePath: C:\Users\kunjm\OneDrive\Desktop\Project\CI-CD Pipeline\actions-runner\actions-runner-win-x64-2.320.0\.service
[2024-10-08 08:19:31Z INFO CommandSettings] Flag 'help': 'False'
[2024-10-08 08:19:31Z INFO CommandSettings] Flag 'version': 'False'
[2024-10-08 08:19:31Z INFO CommandSettings] Flag 'commit': 'False'
[2024-10-08 08:19:31Z INFO CommandSettings] Flag 'check': 'False'
[2024-10-08 08:19:31Z INFO CommandSettings] Command 'configure': 'True'
[2024-10-08 08:19:31Z INFO Terminal] WRITE LINE: 
[2024-10-08 08:19:31Z INFO Terminal] WRITE LINE: --------------------------------------------------------------------------------
[2024-10-08 08:19:31Z INFO Terminal] WRITE LINE: |        ____ _ _   _   _       _          _        _   _                      |
[2024-10-08 08:19:31Z INFO Terminal] WRITE LINE: |       / ___(_) |_| | | |_   _| |__      / \   ___| |_(_) ___  _ __  ___      |
[2024-10-08 08:19:31Z INFO Terminal] WRITE LINE: |      | |  _| | __| |_| | | | | '_ \    / _ \ / __| __| |/ _ \| '_ \/ __|     |
[2024-10-08 08:19:31Z INFO Terminal] WRITE LINE: |      | |_| | | |_|  _  | |_| | |_) |  / ___ \ (__| |_| | (_) | | | \__ \     |
[2024-10-08 08:19:31Z INFO Terminal] WRITE LINE: |       \____|_|\__|_| |_|\__,_|_.__/  /_/   \_\___|\__|_|\___/|_| |_|___/     |
[2024-10-08 08:19:31Z INFO Terminal] WRITE LINE: |                                                                              |
[2024-10-08 08:19:31Z INFO Terminal] WRITE: |                       
[2024-10-08 08:19:31Z INFO Terminal] WRITE: Self-hosted runner registration
[2024-10-08 08:19:31Z INFO Terminal] WRITE LINE:                         |
[2024-10-08 08:19:31Z INFO Terminal] WRITE LINE: |                                                                              |
[2024-10-08 08:19:31Z INFO Terminal] WRITE LINE: --------------------------------------------------------------------------------
[2024-10-08 08:19:31Z INFO ConfigurationManager] ConfigureAsync
[2024-10-08 08:19:31Z INFO CommandSettings] Flag 'generateServiceConfig': 'False'
[2024-10-08 08:19:31Z INFO ConfigurationStore] IsConfigured()
[2024-10-08 08:19:31Z INFO ConfigurationStore] IsConfigured: False
[2024-10-08 08:19:31Z INFO ConfigurationManager] Is configured: False
[2024-10-08 08:19:31Z INFO CommandSettings] Arg 'url': 'https://github.com/Kunj-Mori/MERN-DashBoard'
[2024-10-08 08:19:31Z INFO CommandSettings] Remove url from Arg dictionary.
[2024-10-08 08:19:31Z INFO CommandSettings] Arg 'token': '***'
[2024-10-08 08:19:31Z INFO CommandSettings] Remove token from Arg dictionary.
[2024-10-08 08:19:32Z INFO ConfigurationManager] Http response code: OK from 'POST https://api.github.com/actions/runner-registration' (C8DB:18D309:615CDE:67BEBD:6704EB13)
[2024-10-08 08:19:32Z INFO ConfigurationManager] Using V2 flow: False
[2024-10-08 08:19:32Z INFO ConfigurationManager] cred retrieved via GitHub auth
[2024-10-08 08:19:32Z INFO RunnerServer] EstablishVssConnection
[2024-10-08 08:19:32Z INFO RunnerServer] Establish connection with 100 seconds timeout.
[2024-10-08 08:19:32Z INFO GitHubActionsService] Starting operation Location.GetConnectionData
[2024-10-08 08:19:32Z INFO RunnerServer] EstablishVssConnection
[2024-10-08 08:19:32Z INFO RunnerServer] Establish connection with 60 seconds timeout.
[2024-10-08 08:19:32Z INFO GitHubActionsService] Starting operation Location.GetConnectionData
[2024-10-08 08:19:32Z INFO RunnerServer] EstablishVssConnection
[2024-10-08 08:19:32Z INFO RunnerServer] Establish connection with 60 seconds timeout.
[2024-10-08 08:19:32Z INFO GitHubActionsService] Starting operation Location.GetConnectionData
[2024-10-08 08:19:33Z INFO GitHubActionsService] Finished operation Location.GetConnectionData
[2024-10-08 08:19:33Z INFO GitHubActionsService] Finished operation Location.GetConnectionData
[2024-10-08 08:19:33Z INFO GitHubActionsService] Finished operation Location.GetConnectionData
[2024-10-08 08:19:33Z INFO Terminal] WRITE LINE: 
[2024-10-08 08:19:33Z INFO ConfigurationManager] Test Connection complete.
[2024-10-08 08:19:33Z INFO HostContext] Well known directory 'Bin': 'C:\Users\kunjm\OneDrive\Desktop\Project\CI-CD Pipeline\actions-runner\actions-runner-win-x64-2.320.0\bin'
[2024-10-08 08:19:33Z INFO HostContext] Well known directory 'Root': 'C:\Users\kunjm\OneDrive\Desktop\Project\CI-CD Pipeline\actions-runner\actions-runner-win-x64-2.320.0'
[2024-10-08 08:19:33Z INFO HostContext] Well known config file 'RSACredentials': 'C:\Users\kunjm\OneDrive\Desktop\Project\CI-CD Pipeline\actions-runner\actions-runner-win-x64-2.320.0\.credentials_rsaparams'
[2024-10-08 08:19:33Z INFO RSAEncryptedFileKeyManager] Creating new RSA key using 2048-bit key length
[2024-10-08 08:19:33Z INFO RSAEncryptedFileKeyManager] Successfully saved RSA key parameters to file C:\Users\kunjm\OneDrive\Desktop\Project\CI-CD Pipeline\actions-runner\actions-runner-win-x64-2.320.0\.credentials_rsaparams
[2024-10-08 08:19:34Z INFO CommandSettings] Arg 'runnergroup': ''
[2024-10-08 08:19:34Z INFO CommandSettings] Flag 'unattended': 'False'
[2024-10-08 08:19:34Z INFO PromptManager] ReadValue
[2024-10-08 08:19:34Z INFO Terminal] WRITE: Enter the name of the runner group to add this runner to: 
[2024-10-08 08:19:34Z INFO Terminal] WRITE: [press Enter for Default] 
[2024-10-08 08:19:34Z INFO Terminal] READ LINE
[2024-10-08 08:19:36Z INFO Terminal] Read value: ''
[2024-10-08 08:19:36Z INFO PromptManager] Falling back to the default: 'Default'
[2024-10-08 08:19:36Z INFO Terminal] WRITE LINE: 
[2024-10-08 08:19:36Z INFO ConfigurationManager] Found a self-hosted runner group with id 1 and name Default
[2024-10-08 08:19:36Z INFO CommandSettings] Flag 'disableupdate': 'False'
[2024-10-08 08:19:36Z INFO CommandSettings] Flag 'ephemeral': 'False'
[2024-10-08 08:19:36Z INFO CommandSettings] Arg 'name': ''
[2024-10-08 08:19:36Z INFO CommandSettings] Flag 'unattended': 'False'
[2024-10-08 08:19:36Z INFO PromptManager] ReadValue
[2024-10-08 08:19:36Z INFO Terminal] WRITE: Enter the name of runner: 
[2024-10-08 08:19:36Z INFO Terminal] WRITE: [press Enter for KUNJ] 
[2024-10-08 08:19:36Z INFO Terminal] READ LINE
[2024-10-08 08:19:37Z INFO Terminal] Read value: ''
[2024-10-08 08:19:37Z INFO PromptManager] Falling back to the default: 'KUNJ'
[2024-10-08 08:19:37Z INFO Terminal] WRITE LINE: 
[2024-10-08 08:19:37Z INFO CommandSettings] Arg 'labels': ''
[2024-10-08 08:19:37Z INFO CommandSettings] Flag 'unattended': 'False'
[2024-10-08 08:19:37Z INFO PromptManager] ReadValue
[2024-10-08 08:19:37Z INFO Terminal] WRITE: This runner will have the following labels: 'self-hosted', 'Windows', 'X64' 
Enter any additional labels (ex. label-1,label-2): 
[2024-10-08 08:19:37Z INFO Terminal] WRITE: [press Enter to skip] 
[2024-10-08 08:19:37Z INFO Terminal] READ LINE
[2024-10-08 08:19:38Z INFO Terminal] Read value: ''
[2024-10-08 08:19:38Z INFO Terminal] WRITE LINE: 
[2024-10-08 08:19:39Z INFO CommandSettings] Flag 'disableupdate': 'False'
[2024-10-08 08:19:39Z INFO CommandSettings] Flag 'no-default-labels': 'False'
[2024-10-08 08:19:39Z INFO CommandSettings] Flag 'disableupdate': 'False'
[2024-10-08 08:19:39Z INFO CommandSettings] Flag 'ephemeral': 'False'
[2024-10-08 08:19:39Z INFO ConfigurationStore] Saving OAuth credential @ C:\Users\kunjm\OneDrive\Desktop\Project\CI-CD Pipeline\actions-runner\actions-runner-win-x64-2.320.0\.credentials
[2024-10-08 08:19:39Z INFO ConfigurationStore] Credentials Saved.
[2024-10-08 08:19:39Z INFO ConfigurationStore] HasCredentials()
[2024-10-08 08:19:39Z INFO ConfigurationStore] stored True
[2024-10-08 08:19:39Z INFO CredentialManager] GetCredentialProvider
[2024-10-08 08:19:39Z INFO CredentialManager] Creating type OAuth
[2024-10-08 08:19:39Z INFO CredentialManager] Creating credential type: OAuth
[2024-10-08 08:19:39Z INFO RSAEncryptedFileKeyManager] Loading RSA key parameters from file C:\Users\kunjm\OneDrive\Desktop\Project\CI-CD Pipeline\actions-runner\actions-runner-win-x64-2.320.0\.credentials_rsaparams
[2024-10-08 08:19:39Z INFO RunnerServer] EstablishVssConnection
[2024-10-08 08:19:39Z INFO RunnerServer] Establish connection with 100 seconds timeout.
[2024-10-08 08:19:39Z INFO GitHubActionsService] Starting operation Location.GetConnectionData
[2024-10-08 08:19:39Z INFO RunnerServer] EstablishVssConnection
[2024-10-08 08:19:39Z INFO RunnerServer] Establish connection with 60 seconds timeout.
[2024-10-08 08:19:39Z INFO GitHubActionsService] Starting operation Location.GetConnectionData
[2024-10-08 08:19:39Z INFO RunnerServer] EstablishVssConnection
[2024-10-08 08:19:39Z INFO RunnerServer] Establish connection with 60 seconds timeout.
[2024-10-08 08:19:39Z INFO GitHubActionsService] Starting operation Location.GetConnectionData
[2024-10-08 08:19:40Z INFO GitHubActionsService] Finished operation Location.GetConnectionData
[2024-10-08 08:19:40Z INFO GitHubActionsService] Finished operation Location.GetConnectionData
[2024-10-08 08:19:40Z INFO GitHubActionsService] Finished operation Location.GetConnectionData
[2024-10-08 08:19:41Z INFO RSAEncryptedFileKeyManager] Loading RSA key parameters from file C:\Users\kunjm\OneDrive\Desktop\Project\CI-CD Pipeline\actions-runner\actions-runner-win-x64-2.320.0\.credentials_rsaparams
[2024-10-08 08:19:41Z INFO RSAEncryptedFileKeyManager] Loading RSA key parameters from file C:\Users\kunjm\OneDrive\Desktop\Project\CI-CD Pipeline\actions-runner\actions-runner-win-x64-2.320.0\.credentials_rsaparams
[2024-10-08 08:19:42Z INFO GitHubActionsService] AAD Correlation ID for this token request: Unknown
[2024-10-08 08:19:42Z INFO CommandSettings] Arg 'work': ''
[2024-10-08 08:19:42Z INFO CommandSettings] Flag 'unattended': 'False'
[2024-10-08 08:19:42Z INFO PromptManager] ReadValue
[2024-10-08 08:19:42Z INFO Terminal] WRITE: Enter name of work folder: 
[2024-10-08 08:19:42Z INFO Terminal] WRITE: [press Enter for _work] 
[2024-10-08 08:19:42Z INFO Terminal] READ LINE
[2024-10-08 08:20:35Z INFO Terminal] Read value: ''
[2024-10-08 08:20:35Z INFO PromptManager] Falling back to the default: '_work'
[2024-10-08 08:20:35Z INFO ConfigurationStore] Saving runner settings.
[2024-10-08 08:20:35Z INFO ConfigurationStore] Settings Saved.
[2024-10-08 08:20:35Z INFO Terminal] WRITE LINE: 
[2024-10-08 08:20:35Z INFO Terminal] WRITE LINE: 
[2024-10-08 08:20:35Z INFO CommandSettings] Flag 'runasservice': 'False'
[2024-10-08 08:20:35Z INFO CommandSettings] Flag 'unattended': 'False'
[2024-10-08 08:20:35Z INFO PromptManager] ReadValue
[2024-10-08 08:20:35Z INFO Terminal] WRITE: Would you like to run the runner as service? (Y/N) 
[2024-10-08 08:20:35Z INFO Terminal] WRITE: [press Enter for N] 
[2024-10-08 08:20:35Z INFO Terminal] READ LINE
[2024-10-08 08:20:38Z INFO Terminal] Read value: ''
[2024-10-08 08:20:38Z INFO PromptManager] Falling back to the default: 'N'
[2024-10-08 08:20:38Z INFO Listener] Runner execution has finished with return code 0
