[2024-10-08 08:15:28Z INFO HostContext] No proxy settings were found based on environmental variables (http_proxy/https_proxy/HTTP_PROXY/HTTPS_PROXY)
[2024-10-08 08:15:28Z INFO HostContext] Well known directory 'Bin': 'C:\Users\kunjm\OneDrive\Desktop\Project\CI-CD Pipeline\actions-runner\actions-runner-win-x64-2.320.0\bin'
[2024-10-08 08:15:28Z INFO HostContext] Well known directory 'Root': 'C:\Users\kunjm\OneDrive\Desktop\Project\CI-CD Pipeline\actions-runner\actions-runner-win-x64-2.320.0'
[2024-10-08 08:15:28Z INFO HostContext] Well known config file 'Credentials': 'C:\Users\kunjm\OneDrive\Desktop\Project\CI-CD Pipeline\actions-runner\actions-runner-win-x64-2.320.0\.credentials'
[2024-10-08 08:15:28Z INFO HostContext] Well known directory 'Bin': 'C:\Users\kunjm\OneDrive\Desktop\Project\CI-CD Pipeline\actions-runner\actions-runner-win-x64-2.320.0\bin'
[2024-10-08 08:15:28Z INFO HostContext] Well known directory 'Root': 'C:\Users\kunjm\OneDrive\Desktop\Project\CI-CD Pipeline\actions-runner\actions-runner-win-x64-2.320.0'
[2024-10-08 08:15:28Z INFO HostContext] Well known config file 'Runner': 'C:\Users\kunjm\OneDrive\Desktop\Project\CI-CD Pipeline\actions-runner\actions-runner-win-x64-2.320.0\.runner'
[2024-10-08 08:15:28Z INFO Listener] Runner is built for Windows (X64) - win-x64.
[2024-10-08 08:15:28Z INFO Listener] RuntimeInformation: Microsoft Windows 10.0.22631.
[2024-10-08 08:15:28Z INFO Listener] Version: 2.320.0
[2024-10-08 08:15:28Z INFO Listener] Commit: 78f21670b4a58aff19b5189207f54eb2bee324d1
[2024-10-08 08:15:28Z INFO Listener] Culture: en-US
[2024-10-08 08:15:28Z INFO Listener] UI Culture: en-US
[2024-10-08 08:15:28Z INFO HostContext] Well known directory 'Bin': 'C:\Users\kunjm\OneDrive\Desktop\Project\CI-CD Pipeline\actions-runner\actions-runner-win-x64-2.320.0\bin'
[2024-10-08 08:15:28Z INFO HostContext] Well known directory 'Root': 'C:\Users\kunjm\OneDrive\Desktop\Project\CI-CD Pipeline\actions-runner\actions-runner-win-x64-2.320.0'
[2024-10-08 08:15:28Z INFO Listener] Validating directory permissions for: 'C:\Users\kunjm\OneDrive\Desktop\Project\CI-CD Pipeline\actions-runner\actions-runner-win-x64-2.320.0'
[2024-10-08 08:15:28Z INFO CommandLineParser] Parse
[2024-10-08 08:15:28Z INFO CommandLineParser] Parsing 1 args
[2024-10-08 08:15:28Z INFO CommandLineParser] parsing argument
[2024-10-08 08:15:28Z INFO CommandLineParser] HasArgs: False
[2024-10-08 08:15:28Z INFO CommandLineParser] Adding Command: run
[2024-10-08 08:15:28Z INFO Listener] Arguments parsed
[2024-10-08 08:15:28Z INFO Runner] ExecuteCommand
[2024-10-08 08:15:28Z INFO ConfigurationStore] currentAssemblyLocation: C:\Users\kunjm\OneDrive\Desktop\Project\CI-CD Pipeline\actions-runner\actions-runner-win-x64-2.320.0\bin\Runner.Listener.dll
[2024-10-08 08:15:28Z INFO HostContext] Well known directory 'Bin': 'C:\Users\kunjm\OneDrive\Desktop\Project\CI-CD Pipeline\actions-runner\actions-runner-win-x64-2.320.0\bin'
[2024-10-08 08:15:28Z INFO ConfigurationStore] binPath: C:\Users\kunjm\OneDrive\Desktop\Project\CI-CD Pipeline\actions-runner\actions-runner-win-x64-2.320.0\bin
[2024-10-08 08:15:28Z INFO HostContext] Well known directory 'Bin': 'C:\Users\kunjm\OneDrive\Desktop\Project\CI-CD Pipeline\actions-runner\actions-runner-win-x64-2.320.0\bin'
[2024-10-08 08:15:28Z INFO HostContext] Well known directory 'Root': 'C:\Users\kunjm\OneDrive\Desktop\Project\CI-CD Pipeline\actions-runner\actions-runner-win-x64-2.320.0'
[2024-10-08 08:15:28Z INFO ConfigurationStore] RootFolder: C:\Users\kunjm\OneDrive\Desktop\Project\CI-CD Pipeline\actions-runner\actions-runner-win-x64-2.320.0
[2024-10-08 08:15:28Z INFO HostContext] Well known directory 'Bin': 'C:\Users\kunjm\OneDrive\Desktop\Project\CI-CD Pipeline\actions-runner\actions-runner-win-x64-2.320.0\bin'
[2024-10-08 08:15:28Z INFO HostContext] Well known directory 'Root': 'C:\Users\kunjm\OneDrive\Desktop\Project\CI-CD Pipeline\actions-runner\actions-runner-win-x64-2.320.0'
[2024-10-08 08:15:28Z INFO HostContext] Well known config file 'Runner': 'C:\Users\kunjm\OneDrive\Desktop\Project\CI-CD Pipeline\actions-runner\actions-runner-win-x64-2.320.0\.runner'
[2024-10-08 08:15:28Z INFO ConfigurationStore] ConfigFilePath: C:\Users\kunjm\OneDrive\Desktop\Project\CI-CD Pipeline\actions-runner\actions-runner-win-x64-2.320.0\.runner
[2024-10-08 08:15:28Z INFO HostContext] Well known directory 'Bin': 'C:\Users\kunjm\OneDrive\Desktop\Project\CI-CD Pipeline\actions-runner\actions-runner-win-x64-2.320.0\bin'
[2024-10-08 08:15:28Z INFO HostContext] Well known directory 'Root': 'C:\Users\kunjm\OneDrive\Desktop\Project\CI-CD Pipeline\actions-runner\actions-runner-win-x64-2.320.0'
[2024-10-08 08:15:28Z INFO HostContext] Well known config file 'Credentials': 'C:\Users\kunjm\OneDrive\Desktop\Project\CI-CD Pipeline\actions-runner\actions-runner-win-x64-2.320.0\.credentials'
[2024-10-08 08:15:28Z INFO ConfigurationStore] CredFilePath: C:\Users\kunjm\OneDrive\Desktop\Project\CI-CD Pipeline\actions-runner\actions-runner-win-x64-2.320.0\.credentials
[2024-10-08 08:15:28Z INFO HostContext] Well known directory 'Bin': 'C:\Users\kunjm\OneDrive\Desktop\Project\CI-CD Pipeline\actions-runner\actions-runner-win-x64-2.320.0\bin'
[2024-10-08 08:15:28Z INFO HostContext] Well known directory 'Root': 'C:\Users\kunjm\OneDrive\Desktop\Project\CI-CD Pipeline\actions-runner\actions-runner-win-x64-2.320.0'
[2024-10-08 08:15:28Z INFO HostContext] Well known config file 'MigratedCredentials': 'C:\Users\kunjm\OneDrive\Desktop\Project\CI-CD Pipeline\actions-runner\actions-runner-win-x64-2.320.0\.credentials_migrated'
[2024-10-08 08:15:28Z INFO ConfigurationStore] MigratedCredFilePath: C:\Users\kunjm\OneDrive\Desktop\Project\CI-CD Pipeline\actions-runner\actions-runner-win-x64-2.320.0\.credentials_migrated
[2024-10-08 08:15:28Z INFO HostContext] Well known directory 'Bin': 'C:\Users\kunjm\OneDrive\Desktop\Project\CI-CD Pipeline\actions-runner\actions-runner-win-x64-2.320.0\bin'
[2024-10-08 08:15:28Z INFO HostContext] Well known directory 'Root': 'C:\Users\kunjm\OneDrive\Desktop\Project\CI-CD Pipeline\actions-runner\actions-runner-win-x64-2.320.0'
[2024-10-08 08:15:28Z INFO HostContext] Well known config file 'Service': 'C:\Users\kunjm\OneDrive\Desktop\Project\CI-CD Pipeline\actions-runner\actions-runner-win-x64-2.320.0\.service'
[2024-10-08 08:15:28Z INFO ConfigurationStore] ServiceConfigFilePath: C:\Users\kunjm\OneDrive\Desktop\Project\CI-CD Pipeline\actions-runner\actions-runner-win-x64-2.320.0\.service
[2024-10-08 08:15:28Z INFO CommandSettings] Flag 'help': 'False'
[2024-10-08 08:15:28Z INFO CommandSettings] Flag 'version': 'False'
[2024-10-08 08:15:28Z INFO CommandSettings] Flag 'commit': 'False'
[2024-10-08 08:15:28Z INFO CommandSettings] Flag 'check': 'False'
[2024-10-08 08:15:28Z INFO CommandSettings] Command 'configure': 'False'
[2024-10-08 08:15:28Z INFO CommandSettings] Command 'remove': 'False'
[2024-10-08 08:15:28Z INFO CommandSettings] Command 'warmup': 'False'
[2024-10-08 08:15:28Z INFO ConfigurationManager] LoadSettings
[2024-10-08 08:15:28Z INFO ConfigurationStore] IsConfigured()
[2024-10-08 08:15:28Z INFO ConfigurationStore] IsConfigured: True
[2024-10-08 08:15:28Z INFO ConfigurationManager] Is configured: True
[2024-10-08 08:15:28Z INFO ConfigurationStore] Read setting file: 302 chars
[2024-10-08 08:15:28Z INFO ConfigurationManager] Settings Loaded
[2024-10-08 08:15:28Z INFO ConfigurationStore] IsServiceConfigured()
[2024-10-08 08:15:28Z INFO ConfigurationStore] IsServiceConfigured: False
[2024-10-08 08:15:28Z INFO CommandSettings] Command 'run': 'True'
[2024-10-08 08:15:28Z INFO ConfigurationStore] IsConfigured()
[2024-10-08 08:15:28Z INFO ConfigurationStore] IsConfigured: True
[2024-10-08 08:15:28Z INFO ConfigurationManager] Is configured: True
[2024-10-08 08:15:28Z INFO Runner] Could not parse the argument value '' for StartupType. Defaulting to Manual
[2024-10-08 08:15:28Z INFO Runner] Set runner startup type - Manual
[2024-10-08 08:15:28Z INFO CommandSettings] Flag 'once': 'False'
[2024-10-08 08:15:28Z INFO CommandSettings] Flag 'once': 'False'
[2024-10-08 08:15:28Z INFO Runner] RunAsync
[2024-10-08 08:15:28Z INFO ConfigurationManager] LoadSettings
[2024-10-08 08:15:28Z INFO ConfigurationStore] IsConfigured()
[2024-10-08 08:15:28Z INFO ConfigurationStore] IsConfigured: True
[2024-10-08 08:15:28Z INFO ConfigurationManager] Is configured: True
[2024-10-08 08:15:28Z INFO ConfigurationManager] Settings Loaded
[2024-10-08 08:15:28Z INFO MessageListener] {
  "AgentId": 2,
  "AgentName": "KUNJ",
  "PoolId": 1,
  "PoolName": "Default",
  "ServerUrl": "https://pipelinesghubeus3.actions.githubusercontent.com/cMIS5mXhHSWRVrPhTKq1oMYrX5NahzhHpp1yins7Qw9TqExS1R/",
  "GitHubUrl": "https://github.com/Kunj-Mori/MERN-DashBoard",
  "WorkFolder": "_work"
}
[2024-10-08 08:15:28Z INFO MessageListener] Loading Credentials
[2024-10-08 08:15:28Z INFO ConfigurationStore] HasCredentials()
[2024-10-08 08:15:28Z INFO ConfigurationStore] stored True
[2024-10-08 08:15:28Z INFO CredentialManager] GetCredentialProvider
[2024-10-08 08:15:28Z INFO CredentialManager] Creating type OAuth
[2024-10-08 08:15:28Z INFO CredentialManager] Creating credential type: OAuth
[2024-10-08 08:15:28Z INFO HostContext] Well known directory 'Bin': 'C:\Users\kunjm\OneDrive\Desktop\Project\CI-CD Pipeline\actions-runner\actions-runner-win-x64-2.320.0\bin'
[2024-10-08 08:15:28Z INFO HostContext] Well known directory 'Root': 'C:\Users\kunjm\OneDrive\Desktop\Project\CI-CD Pipeline\actions-runner\actions-runner-win-x64-2.320.0'
[2024-10-08 08:15:28Z INFO HostContext] Well known config file 'RSACredentials': 'C:\Users\kunjm\OneDrive\Desktop\Project\CI-CD Pipeline\actions-runner\actions-runner-win-x64-2.320.0\.credentials_rsaparams'
[2024-10-08 08:15:28Z INFO RSAEncryptedFileKeyManager] Loading RSA key parameters from file C:\Users\kunjm\OneDrive\Desktop\Project\CI-CD Pipeline\actions-runner\actions-runner-win-x64-2.320.0\.credentials_rsaparams
[2024-10-08 08:15:28Z INFO MessageListener] Attempt to create session.
[2024-10-08 08:15:28Z INFO MessageListener] Connecting to the Runner Server...
[2024-10-08 08:15:28Z INFO RunnerServer] EstablishVssConnection
[2024-10-08 08:15:28Z INFO RunnerServer] Establish connection with 100 seconds timeout.
[2024-10-08 08:15:28Z INFO GitHubActionsService] Starting operation Location.GetConnectionData
[2024-10-08 08:15:28Z INFO RunnerServer] EstablishVssConnection
[2024-10-08 08:15:28Z INFO RunnerServer] Establish connection with 60 seconds timeout.
[2024-10-08 08:15:28Z INFO GitHubActionsService] Starting operation Location.GetConnectionData
[2024-10-08 08:15:28Z INFO RunnerServer] EstablishVssConnection
[2024-10-08 08:15:28Z INFO RunnerServer] Establish connection with 60 seconds timeout.
[2024-10-08 08:15:28Z INFO GitHubActionsService] Starting operation Location.GetConnectionData
[2024-10-08 08:15:29Z INFO GitHubActionsService] Finished operation Location.GetConnectionData
[2024-10-08 08:15:29Z INFO GitHubActionsService] Finished operation Location.GetConnectionData
[2024-10-08 08:15:29Z INFO GitHubActionsService] Finished operation Location.GetConnectionData
[2024-10-08 08:15:29Z INFO MessageListener] VssConnection created
[2024-10-08 08:15:29Z INFO Terminal] WRITE LINE: 
[2024-10-08 08:15:29Z INFO Terminal] WRITE LINE: 
[2024-10-08 08:15:30Z INFO RSAEncryptedFileKeyManager] Loading RSA key parameters from file C:\Users\kunjm\OneDrive\Desktop\Project\CI-CD Pipeline\actions-runner\actions-runner-win-x64-2.320.0\.credentials_rsaparams
[2024-10-08 08:15:30Z INFO RSAEncryptedFileKeyManager] Loading RSA key parameters from file C:\Users\kunjm\OneDrive\Desktop\Project\CI-CD Pipeline\actions-runner\actions-runner-win-x64-2.320.0\.credentials_rsaparams
[2024-10-08 08:15:31Z INFO GitHubActionsService] AAD Correlation ID for this token request: Unknown
[2024-10-08 08:15:31Z INFO MessageListener] Session created.
[2024-10-08 08:15:31Z INFO Terminal] WRITE LINE: Current runner version: '2.320.0'
[2024-10-08 08:15:31Z INFO Terminal] WRITE LINE: 2024-10-08 08:15:31Z: Listening for Jobs
[2024-10-08 08:15:31Z INFO JobDispatcher] Set runner/worker IPC timeout to 30 seconds.
[2024-10-08 08:15:31Z INFO MessageListener] BrokerMigration message received. Polling Broker for messages...
[2024-10-08 08:15:32Z INFO RSAEncryptedFileKeyManager] Loading RSA key parameters from file C:\Users\kunjm\OneDrive\Desktop\Project\CI-CD Pipeline\actions-runner\actions-runner-win-x64-2.320.0\.credentials_rsaparams
[2024-10-08 08:15:33Z INFO GitHubActionsService] AAD Correlation ID for this token request: Unknown
[2024-10-08 08:15:34Z INFO Terminal] WRITE LINE: Exiting...
[2024-10-08 08:15:34Z INFO ConfigurationStore] IsServiceConfigured()
[2024-10-08 08:15:34Z INFO ConfigurationStore] IsServiceConfigured: False
[2024-10-08 08:15:34Z INFO HostContext] Runner will be shutdown for UserCancelled
[2024-10-08 08:15:34Z WARN GitHubActionsService] GET request to https://broker.actions.githubusercontent.com/message?sessionId=2fa3288e-0360-45a8-9ef9-839bac59a906&status=Online&runnerVersion=2.320.0&os=Windows&architecture=X64&disableUpdate=false has been cancelled.
[2024-10-08 08:15:34Z ERR  BrokerServer] Catch exception during request
[2024-10-08 08:15:34Z ERR  BrokerServer] System.Threading.Tasks.TaskCanceledException: The operation was canceled.
 ---> System.IO.IOException: Unable to read data from the transport connection: The I/O operation has been aborted because of either a thread exit or an application request..
 ---> System.Net.Sockets.SocketException (995): The I/O operation has been aborted because of either a thread exit or an application request.
   --- End of inner exception stack trace ---
   at System.Net.Sockets.Socket.AwaitableSocketAsyncEventArgs.ThrowException(SocketError error, CancellationToken cancellationToken)
   at System.Net.Sockets.Socket.AwaitableSocketAsyncEventArgs.System.Threading.Tasks.Sources.IValueTaskSource<System.Int32>.GetResult(Int16 token)
   at System.Net.Security.SslStream.EnsureFullTlsFrameAsync[TIOAdapter](TIOAdapter adapter)
   at System.Net.Security.SslStream.ReadAsyncInternal[TIOAdapter](TIOAdapter adapter, Memory`1 buffer)
   at System.Net.Http.HttpConnection.InitialFillAsync(Boolean async)
   at System.Net.Http.HttpConnection.SendAsyncCore(HttpRequestMessage request, Boolean async, CancellationToken cancellationToken)
   --- End of inner exception stack trace ---
   at System.Net.Http.HttpClient.HandleFailure(Exception e, Boolean telemetryStarted, HttpResponseMessage response, CancellationTokenSource cts, CancellationToken cancellationToken, CancellationTokenSource pendingRequestsCts)
   at System.Net.Http.HttpClient.<SendAsync>g__Core|83_0(HttpRequestMessage request, HttpCompletionOption completionOption, CancellationTokenSource cts, Boolean disposeCts, CancellationTokenSource pendingRequestsCts, CancellationToken originalCancellationToken)
   at Sdk.WebApi.WebApi.RawHttpClientBase.SendAsync(HttpRequestMessage message, HttpCompletionOption completionOption, Object userState, CancellationToken cancellationToken)
   at Sdk.WebApi.WebApi.RawHttpClientBase.SendAsync[T](HttpRequestMessage message, Boolean readErrorBody, Object userState, CancellationToken cancellationToken)
   at Sdk.WebApi.WebApi.RawHttpClientBase.SendAsync[T](HttpMethod method, IEnumerable`1 additionalHeaders, Uri requestUri, HttpContent content, IEnumerable`1 queryParameters, Boolean readErrorBody, Object userState, CancellationToken cancellationToken)
   at GitHub.Actions.RunService.WebApi.BrokerHttpClient.GetRunnerMessageAsync(Nullable`1 sessionId, String runnerVersion, Nullable`1 status, String os, String architecture, Nullable`1 disableUpdate, CancellationToken cancellationToken)
   at GitHub.Runner.Common.BrokerServer.<>c__DisplayClass7_0.<<GetRunnerMessageAsync>b__0>d.MoveNext()
--- End of stack trace from previous location ---
   at GitHub.Runner.Common.RunnerService.RetryRequest[T](Func`1 func, CancellationToken cancellationToken, Int32 maxRetryAttemptsCount, Func`2 shouldRetry)
[2024-10-08 08:15:34Z ERR  BrokerServer] #####################################################
[2024-10-08 08:15:34Z ERR  BrokerServer] System.IO.IOException: Unable to read data from the transport connection: The I/O operation has been aborted because of either a thread exit or an application request..
 ---> System.Net.Sockets.SocketException (995): The I/O operation has been aborted because of either a thread exit or an application request.
   --- End of inner exception stack trace ---
   at System.Net.Sockets.Socket.AwaitableSocketAsyncEventArgs.ThrowException(SocketError error, CancellationToken cancellationToken)
   at System.Net.Sockets.Socket.AwaitableSocketAsyncEventArgs.System.Threading.Tasks.Sources.IValueTaskSource<System.Int32>.GetResult(Int16 token)
   at System.Net.Security.SslStream.EnsureFullTlsFrameAsync[TIOAdapter](TIOAdapter adapter)
   at System.Net.Security.SslStream.ReadAsyncInternal[TIOAdapter](TIOAdapter adapter, Memory`1 buffer)
   at System.Net.Http.HttpConnection.InitialFillAsync(Boolean async)
   at System.Net.Http.HttpConnection.SendAsyncCore(HttpRequestMessage request, Boolean async, CancellationToken cancellationToken)
[2024-10-08 08:15:34Z ERR  BrokerServer] #####################################################
[2024-10-08 08:15:34Z ERR  BrokerServer] System.Net.Sockets.SocketException (995): The I/O operation has been aborted because of either a thread exit or an application request.
[2024-10-08 08:15:34Z WARN BrokerServer] Back off 8.791 seconds before next retry. 4 attempt left.
[2024-10-08 08:15:34Z INFO MessageListener] Get next message has been cancelled.
[2024-10-08 08:15:34Z INFO JobDispatcher] Shutting down JobDispatcher. Make sure all WorkerDispatcher has finished.
[2024-10-08 08:15:34Z INFO Runner] Deleting Runner Session...
[2024-10-08 08:15:34Z INFO Listener] Runner execution been cancelled.
