[2024-10-08 07:39:45Z INFO HostContext] No proxy settings were found based on environmental variables (http_proxy/https_proxy/HTTP_PROXY/HTTPS_PROXY)
[2024-10-08 07:39:45Z INFO HostContext] Well known directory 'Bin': 'C:\Users\kunjm\OneDrive\Desktop\Project\CI-CD Pipeline\actions-runner\actions-runner-win-x64-2.320.0\bin'
[2024-10-08 07:39:45Z INFO HostContext] Well known directory 'Root': 'C:\Users\kunjm\OneDrive\Desktop\Project\CI-CD Pipeline\actions-runner\actions-runner-win-x64-2.320.0'
[2024-10-08 07:39:45Z INFO HostContext] Well known config file 'Credentials': 'C:\Users\kunjm\OneDrive\Desktop\Project\CI-CD Pipeline\actions-runner\actions-runner-win-x64-2.320.0\.credentials'
[2024-10-08 07:39:46Z INFO HostContext] Well known directory 'Bin': 'C:\Users\kunjm\OneDrive\Desktop\Project\CI-CD Pipeline\actions-runner\actions-runner-win-x64-2.320.0\bin'
[2024-10-08 07:39:46Z INFO HostContext] Well known directory 'Root': 'C:\Users\kunjm\OneDrive\Desktop\Project\CI-CD Pipeline\actions-runner\actions-runner-win-x64-2.320.0'
[2024-10-08 07:39:46Z INFO HostContext] Well known config file 'Runner': 'C:\Users\kunjm\OneDrive\Desktop\Project\CI-CD Pipeline\actions-runner\actions-runner-win-x64-2.320.0\.runner'
[2024-10-08 07:39:46Z INFO Listener] Runner is built for Windows (X64) - win-x64.
[2024-10-08 07:39:46Z INFO Listener] RuntimeInformation: Microsoft Windows 10.0.22631.
[2024-10-08 07:39:46Z INFO Listener] Version: 2.320.0
[2024-10-08 07:39:46Z INFO Listener] Commit: 78f21670b4a58aff19b5189207f54eb2bee324d1
[2024-10-08 07:39:46Z INFO Listener] Culture: en-US
[2024-10-08 07:39:46Z INFO Listener] UI Culture: en-US
[2024-10-08 07:39:46Z INFO HostContext] Well known directory 'Bin': 'C:\Users\kunjm\OneDrive\Desktop\Project\CI-CD Pipeline\actions-runner\actions-runner-win-x64-2.320.0\bin'
[2024-10-08 07:39:46Z INFO HostContext] Well known directory 'Root': 'C:\Users\kunjm\OneDrive\Desktop\Project\CI-CD Pipeline\actions-runner\actions-runner-win-x64-2.320.0'
[2024-10-08 07:39:46Z INFO Listener] Validating directory permissions for: 'C:\Users\kunjm\OneDrive\Desktop\Project\CI-CD Pipeline\actions-runner\actions-runner-win-x64-2.320.0'
[2024-10-08 07:39:46Z INFO CommandLineParser] Parse
[2024-10-08 07:39:46Z INFO CommandLineParser] Parsing 1 args
[2024-10-08 07:39:46Z INFO CommandLineParser] parsing argument
[2024-10-08 07:39:46Z INFO CommandLineParser] HasArgs: False
[2024-10-08 07:39:46Z INFO CommandLineParser] Adding Command: run
[2024-10-08 07:39:46Z INFO Listener] Arguments parsed
[2024-10-08 07:39:46Z INFO Runner] ExecuteCommand
[2024-10-08 07:39:46Z INFO ConfigurationStore] currentAssemblyLocation: C:\Users\kunjm\OneDrive\Desktop\Project\CI-CD Pipeline\actions-runner\actions-runner-win-x64-2.320.0\bin\Runner.Listener.dll
[2024-10-08 07:39:46Z INFO HostContext] Well known directory 'Bin': 'C:\Users\kunjm\OneDrive\Desktop\Project\CI-CD Pipeline\actions-runner\actions-runner-win-x64-2.320.0\bin'
[2024-10-08 07:39:46Z INFO ConfigurationStore] binPath: C:\Users\kunjm\OneDrive\Desktop\Project\CI-CD Pipeline\actions-runner\actions-runner-win-x64-2.320.0\bin
[2024-10-08 07:39:46Z INFO HostContext] Well known directory 'Bin': 'C:\Users\kunjm\OneDrive\Desktop\Project\CI-CD Pipeline\actions-runner\actions-runner-win-x64-2.320.0\bin'
[2024-10-08 07:39:46Z INFO HostContext] Well known directory 'Root': 'C:\Users\kunjm\OneDrive\Desktop\Project\CI-CD Pipeline\actions-runner\actions-runner-win-x64-2.320.0'
[2024-10-08 07:39:46Z INFO ConfigurationStore] RootFolder: C:\Users\kunjm\OneDrive\Desktop\Project\CI-CD Pipeline\actions-runner\actions-runner-win-x64-2.320.0
[2024-10-08 07:39:46Z INFO HostContext] Well known directory 'Bin': 'C:\Users\kunjm\OneDrive\Desktop\Project\CI-CD Pipeline\actions-runner\actions-runner-win-x64-2.320.0\bin'
[2024-10-08 07:39:46Z INFO HostContext] Well known directory 'Root': 'C:\Users\kunjm\OneDrive\Desktop\Project\CI-CD Pipeline\actions-runner\actions-runner-win-x64-2.320.0'
[2024-10-08 07:39:46Z INFO HostContext] Well known config file 'Runner': 'C:\Users\kunjm\OneDrive\Desktop\Project\CI-CD Pipeline\actions-runner\actions-runner-win-x64-2.320.0\.runner'
[2024-10-08 07:39:46Z INFO ConfigurationStore] ConfigFilePath: C:\Users\kunjm\OneDrive\Desktop\Project\CI-CD Pipeline\actions-runner\actions-runner-win-x64-2.320.0\.runner
[2024-10-08 07:39:46Z INFO HostContext] Well known directory 'Bin': 'C:\Users\kunjm\OneDrive\Desktop\Project\CI-CD Pipeline\actions-runner\actions-runner-win-x64-2.320.0\bin'
[2024-10-08 07:39:46Z INFO HostContext] Well known directory 'Root': 'C:\Users\kunjm\OneDrive\Desktop\Project\CI-CD Pipeline\actions-runner\actions-runner-win-x64-2.320.0'
[2024-10-08 07:39:46Z INFO HostContext] Well known config file 'Credentials': 'C:\Users\kunjm\OneDrive\Desktop\Project\CI-CD Pipeline\actions-runner\actions-runner-win-x64-2.320.0\.credentials'
[2024-10-08 07:39:46Z INFO ConfigurationStore] CredFilePath: C:\Users\kunjm\OneDrive\Desktop\Project\CI-CD Pipeline\actions-runner\actions-runner-win-x64-2.320.0\.credentials
[2024-10-08 07:39:46Z INFO HostContext] Well known directory 'Bin': 'C:\Users\kunjm\OneDrive\Desktop\Project\CI-CD Pipeline\actions-runner\actions-runner-win-x64-2.320.0\bin'
[2024-10-08 07:39:46Z INFO HostContext] Well known directory 'Root': 'C:\Users\kunjm\OneDrive\Desktop\Project\CI-CD Pipeline\actions-runner\actions-runner-win-x64-2.320.0'
[2024-10-08 07:39:46Z INFO HostContext] Well known config file 'MigratedCredentials': 'C:\Users\kunjm\OneDrive\Desktop\Project\CI-CD Pipeline\actions-runner\actions-runner-win-x64-2.320.0\.credentials_migrated'
[2024-10-08 07:39:46Z INFO ConfigurationStore] MigratedCredFilePath: C:\Users\kunjm\OneDrive\Desktop\Project\CI-CD Pipeline\actions-runner\actions-runner-win-x64-2.320.0\.credentials_migrated
[2024-10-08 07:39:46Z INFO HostContext] Well known directory 'Bin': 'C:\Users\kunjm\OneDrive\Desktop\Project\CI-CD Pipeline\actions-runner\actions-runner-win-x64-2.320.0\bin'
[2024-10-08 07:39:46Z INFO HostContext] Well known directory 'Root': 'C:\Users\kunjm\OneDrive\Desktop\Project\CI-CD Pipeline\actions-runner\actions-runner-win-x64-2.320.0'
[2024-10-08 07:39:46Z INFO HostContext] Well known config file 'Service': 'C:\Users\kunjm\OneDrive\Desktop\Project\CI-CD Pipeline\actions-runner\actions-runner-win-x64-2.320.0\.service'
[2024-10-08 07:39:46Z INFO ConfigurationStore] ServiceConfigFilePath: C:\Users\kunjm\OneDrive\Desktop\Project\CI-CD Pipeline\actions-runner\actions-runner-win-x64-2.320.0\.service
[2024-10-08 07:39:46Z INFO CommandSettings] Flag 'help': 'False'
[2024-10-08 07:39:46Z INFO CommandSettings] Flag 'version': 'False'
[2024-10-08 07:39:46Z INFO CommandSettings] Flag 'commit': 'False'
[2024-10-08 07:39:46Z INFO CommandSettings] Flag 'check': 'False'
[2024-10-08 07:39:46Z INFO CommandSettings] Command 'configure': 'False'
[2024-10-08 07:39:46Z INFO CommandSettings] Command 'remove': 'False'
[2024-10-08 07:39:46Z INFO CommandSettings] Command 'warmup': 'False'
[2024-10-08 07:39:46Z INFO ConfigurationManager] LoadSettings
[2024-10-08 07:39:46Z INFO ConfigurationStore] IsConfigured()
[2024-10-08 07:39:46Z INFO ConfigurationStore] IsConfigured: True
[2024-10-08 07:39:46Z INFO ConfigurationManager] Is configured: True
[2024-10-08 07:39:46Z INFO ConfigurationStore] Read setting file: 302 chars
[2024-10-08 07:39:46Z INFO ConfigurationManager] Settings Loaded
[2024-10-08 07:39:46Z INFO ConfigurationStore] IsServiceConfigured()
[2024-10-08 07:39:46Z INFO ConfigurationStore] IsServiceConfigured: False
[2024-10-08 07:39:46Z INFO CommandSettings] Command 'run': 'True'
[2024-10-08 07:39:46Z INFO ConfigurationStore] IsConfigured()
[2024-10-08 07:39:46Z INFO ConfigurationStore] IsConfigured: True
[2024-10-08 07:39:46Z INFO ConfigurationManager] Is configured: True
[2024-10-08 07:39:46Z INFO Runner] Could not parse the argument value '' for StartupType. Defaulting to Manual
[2024-10-08 07:39:46Z INFO Runner] Set runner startup type - Manual
[2024-10-08 07:39:46Z INFO CommandSettings] Flag 'once': 'False'
[2024-10-08 07:39:46Z INFO CommandSettings] Flag 'once': 'False'
[2024-10-08 07:39:46Z INFO Runner] RunAsync
[2024-10-08 07:39:46Z INFO ConfigurationManager] LoadSettings
[2024-10-08 07:39:46Z INFO ConfigurationStore] IsConfigured()
[2024-10-08 07:39:46Z INFO ConfigurationStore] IsConfigured: True
[2024-10-08 07:39:46Z INFO ConfigurationManager] Is configured: True
[2024-10-08 07:39:46Z INFO ConfigurationManager] Settings Loaded
[2024-10-08 07:39:46Z INFO MessageListener] {
  "AgentId": 2,
  "AgentName": "KUNJ",
  "PoolId": 1,
  "PoolName": "Default",
  "ServerUrl": "https://pipelinesghubeus3.actions.githubusercontent.com/cMIS5mXhHSWRVrPhTKq1oMYrX5NahzhHpp1yins7Qw9TqExS1R/",
  "GitHubUrl": "https://github.com/Kunj-Mori/MERN-DashBoard",
  "WorkFolder": "_work"
}
[2024-10-08 07:39:46Z INFO MessageListener] Loading Credentials
[2024-10-08 07:39:46Z INFO ConfigurationStore] HasCredentials()
[2024-10-08 07:39:46Z INFO ConfigurationStore] stored True
[2024-10-08 07:39:46Z INFO CredentialManager] GetCredentialProvider
[2024-10-08 07:39:46Z INFO CredentialManager] Creating type OAuth
[2024-10-08 07:39:46Z INFO CredentialManager] Creating credential type: OAuth
[2024-10-08 07:39:46Z INFO HostContext] Well known directory 'Bin': 'C:\Users\kunjm\OneDrive\Desktop\Project\CI-CD Pipeline\actions-runner\actions-runner-win-x64-2.320.0\bin'
[2024-10-08 07:39:46Z INFO HostContext] Well known directory 'Root': 'C:\Users\kunjm\OneDrive\Desktop\Project\CI-CD Pipeline\actions-runner\actions-runner-win-x64-2.320.0'
[2024-10-08 07:39:46Z INFO HostContext] Well known config file 'RSACredentials': 'C:\Users\kunjm\OneDrive\Desktop\Project\CI-CD Pipeline\actions-runner\actions-runner-win-x64-2.320.0\.credentials_rsaparams'
[2024-10-08 07:39:46Z INFO RSAEncryptedFileKeyManager] Loading RSA key parameters from file C:\Users\kunjm\OneDrive\Desktop\Project\CI-CD Pipeline\actions-runner\actions-runner-win-x64-2.320.0\.credentials_rsaparams
[2024-10-08 07:39:46Z INFO MessageListener] Attempt to create session.
[2024-10-08 07:39:46Z INFO MessageListener] Connecting to the Runner Server...
[2024-10-08 07:39:46Z INFO RunnerServer] EstablishVssConnection
[2024-10-08 07:39:46Z INFO RunnerServer] Establish connection with 100 seconds timeout.
[2024-10-08 07:39:46Z INFO GitHubActionsService] Starting operation Location.GetConnectionData
[2024-10-08 07:39:46Z INFO RunnerServer] EstablishVssConnection
[2024-10-08 07:39:46Z INFO RunnerServer] Establish connection with 60 seconds timeout.
[2024-10-08 07:39:46Z INFO GitHubActionsService] Starting operation Location.GetConnectionData
[2024-10-08 07:39:46Z INFO RunnerServer] EstablishVssConnection
[2024-10-08 07:39:46Z INFO RunnerServer] Establish connection with 60 seconds timeout.
[2024-10-08 07:39:46Z INFO GitHubActionsService] Starting operation Location.GetConnectionData
[2024-10-08 07:39:47Z INFO GitHubActionsService] Finished operation Location.GetConnectionData
[2024-10-08 07:39:47Z INFO GitHubActionsService] Finished operation Location.GetConnectionData
[2024-10-08 07:39:47Z INFO GitHubActionsService] Finished operation Location.GetConnectionData
[2024-10-08 07:39:47Z INFO GitHubActionsService] Starting operation Location.GetConnectionData
[2024-10-08 07:39:48Z INFO GitHubActionsService] Finished operation Location.GetConnectionData
[2024-10-08 07:39:48Z INFO GitHubActionsService] Starting operation Location.GetConnectionData
[2024-10-08 07:39:50Z INFO GitHubActionsService] Finished operation Location.GetConnectionData
[2024-10-08 07:39:50Z INFO GitHubActionsService] Starting operation Location.GetConnectionData
[2024-10-08 07:39:51Z INFO GitHubActionsService] Finished operation Location.GetConnectionData
[2024-10-08 07:39:51Z INFO MessageListener] VssConnection created
[2024-10-08 07:39:51Z INFO Terminal] WRITE LINE: 
[2024-10-08 07:39:51Z INFO Terminal] WRITE LINE: 
[2024-10-08 07:39:51Z INFO RSAEncryptedFileKeyManager] Loading RSA key parameters from file C:\Users\kunjm\OneDrive\Desktop\Project\CI-CD Pipeline\actions-runner\actions-runner-win-x64-2.320.0\.credentials_rsaparams
[2024-10-08 07:39:51Z INFO RSAEncryptedFileKeyManager] Loading RSA key parameters from file C:\Users\kunjm\OneDrive\Desktop\Project\CI-CD Pipeline\actions-runner\actions-runner-win-x64-2.320.0\.credentials_rsaparams
[2024-10-08 07:39:52Z INFO GitHubActionsService] AAD Correlation ID for this token request: Unknown
[2024-10-08 07:39:53Z INFO MessageListener] Session created.
[2024-10-08 07:39:53Z INFO Terminal] WRITE LINE: Current runner version: '2.320.0'
[2024-10-08 07:39:53Z INFO Terminal] WRITE LINE: 2024-10-08 07:39:53Z: Listening for Jobs
[2024-10-08 07:39:53Z INFO JobDispatcher] Set runner/worker IPC timeout to 30 seconds.
[2024-10-08 07:39:53Z INFO MessageListener] BrokerMigration message received. Polling Broker for messages...
[2024-10-08 07:39:53Z INFO RSAEncryptedFileKeyManager] Loading RSA key parameters from file C:\Users\kunjm\OneDrive\Desktop\Project\CI-CD Pipeline\actions-runner\actions-runner-win-x64-2.320.0\.credentials_rsaparams
[2024-10-08 07:39:54Z INFO GitHubActionsService] AAD Correlation ID for this token request: Unknown
[2024-10-08 07:39:55Z INFO MessageListener] Message '5138657125465287417' received from session '95d519e4-856b-4f45-b33a-8fdcd9d0fdbc'.
[2024-10-08 07:39:55Z INFO ConfigurationStore] HasCredentials()
[2024-10-08 07:39:55Z INFO ConfigurationStore] stored True
[2024-10-08 07:39:55Z INFO CredentialManager] GetCredentialProvider
[2024-10-08 07:39:55Z INFO CredentialManager] Creating type OAuth
[2024-10-08 07:39:55Z INFO CredentialManager] Creating credential type: OAuth
[2024-10-08 07:39:55Z INFO RSAEncryptedFileKeyManager] Loading RSA key parameters from file C:\Users\kunjm\OneDrive\Desktop\Project\CI-CD Pipeline\actions-runner\actions-runner-win-x64-2.320.0\.credentials_rsaparams
[2024-10-08 07:39:55Z INFO ActionsRunServer] EstablishVssConnection
[2024-10-08 07:39:55Z INFO ActionsRunServer] Establish connection with 100 seconds timeout.
[2024-10-08 07:39:55Z INFO GitHubActionsService] Starting operation Location.GetConnectionData
[2024-10-08 07:39:56Z INFO GitHubActionsService] Finished operation Location.GetConnectionData
[2024-10-08 07:39:56Z INFO GitHubActionsService] Starting operation Location.GetConnectionData
[2024-10-08 07:39:57Z INFO GitHubActionsService] Finished operation Location.GetConnectionData
[2024-10-08 07:39:58Z INFO RSAEncryptedFileKeyManager] Loading RSA key parameters from file C:\Users\kunjm\OneDrive\Desktop\Project\CI-CD Pipeline\actions-runner\actions-runner-win-x64-2.320.0\.credentials_rsaparams
[2024-10-08 07:39:58Z INFO RSAEncryptedFileKeyManager] Loading RSA key parameters from file C:\Users\kunjm\OneDrive\Desktop\Project\CI-CD Pipeline\actions-runner\actions-runner-win-x64-2.320.0\.credentials_rsaparams
[2024-10-08 07:39:59Z INFO GitHubActionsService] AAD Correlation ID for this token request: Unknown
[2024-10-08 07:39:59Z INFO JobDispatcher] Job request 2 for plan ea641c00-01bd-43d6-bde3-064cd3b368ef job e07742bd-189a-5079-918b-43f8b2f94b89 received.
[2024-10-08 07:39:59Z INFO JobDispatcher] Pull OrchestrationId ea641c00-01bd-43d6-bde3-064cd3b368ef.deploy.__default from JWT claims
[2024-10-08 07:39:59Z INFO MessageListener] Received job status event. JobState: Busy
[2024-10-08 07:39:59Z INFO MessageListener] _getMessagesTokenSource is already disposed.
[2024-10-08 07:39:59Z INFO Terminal] WRITE LINE: 2024-10-08 07:39:59Z: Running job: deploy
[2024-10-08 07:39:59Z INFO JobDispatcher] Start renew job request 2 for job e07742bd-189a-5079-918b-43f8b2f94b89.
[2024-10-08 07:40:00Z INFO JobDispatcher] Successfully renew job request 2, job is valid till 10/8/2024 7:49:59 AM
[2024-10-08 07:40:00Z INFO HostContext] Well known directory 'Bin': 'C:\Users\kunjm\OneDrive\Desktop\Project\CI-CD Pipeline\actions-runner\actions-runner-win-x64-2.320.0\bin'
[2024-10-08 07:40:00Z INFO ProcessInvokerWrapper] Starting process:
[2024-10-08 07:40:00Z INFO ProcessInvokerWrapper]   File name: 'C:\Users\kunjm\OneDrive\Desktop\Project\CI-CD Pipeline\actions-runner\actions-runner-win-x64-2.320.0\bin\Runner.Worker.exe'
[2024-10-08 07:40:00Z INFO ProcessInvokerWrapper]   Arguments: 'spawnclient 2304 2336'
[2024-10-08 07:40:00Z INFO ProcessInvokerWrapper]   Working directory: 'C:\Users\kunjm\OneDrive\Desktop\Project\CI-CD Pipeline\actions-runner\actions-runner-win-x64-2.320.0\bin'
[2024-10-08 07:40:00Z INFO ProcessInvokerWrapper]   Require exit code zero: 'False'
[2024-10-08 07:40:00Z INFO ProcessInvokerWrapper]   Encoding web name:  ; code page: ''
[2024-10-08 07:40:00Z INFO ProcessInvokerWrapper]   Force kill process on cancellation: 'True'
[2024-10-08 07:40:00Z INFO ProcessInvokerWrapper]   Redirected STDIN: 'False'
[2024-10-08 07:40:00Z INFO ProcessInvokerWrapper]   Persist current code page: 'False'
[2024-10-08 07:40:00Z INFO ProcessInvokerWrapper]   Keep redirected STDIN open: 'False'
[2024-10-08 07:40:00Z INFO ProcessInvokerWrapper]   High priority process: 'True'
[2024-10-08 07:40:00Z INFO ProcessInvokerWrapper] Process started with process id 34840, waiting for process exit.
[2024-10-08 07:40:00Z INFO JobDispatcher] Send job request message to worker for job e07742bd-189a-5079-918b-43f8b2f94b89.
[2024-10-08 07:40:00Z INFO ProcessChannel] Sending message of length 25040, with hash 'bd360c4ca9d2c29104990d5a23b34afd932784c0ba00ad872800de1f8af89d57'
[2024-10-08 07:40:00Z INFO JobNotification] Entering JobStarted Notification
[2024-10-08 07:40:00Z INFO JobNotification] Entering StartMonitor
[2024-10-08 07:40:01Z INFO MessageListener] BrokerMigration message received. Polling Broker for messages...
[2024-10-08 07:40:52Z INFO MessageListener] BrokerMigration message received. Polling Broker for messages...
[2024-10-08 07:41:00Z INFO JobDispatcher] Successfully renew job request 2, job is valid till 10/8/2024 7:50:59 AM
[2024-10-08 07:41:42Z INFO MessageListener] BrokerMigration message received. Polling Broker for messages...
[2024-10-08 07:42:00Z INFO JobDispatcher] Successfully renew job request 2, job is valid till 10/8/2024 7:51:59 AM
[2024-10-08 07:42:33Z INFO MessageListener] BrokerMigration message received. Polling Broker for messages...
[2024-10-08 07:43:01Z INFO JobDispatcher] Successfully renew job request 2, job is valid till 10/8/2024 7:53:00 AM
[2024-10-08 07:43:23Z INFO MessageListener] BrokerMigration message received. Polling Broker for messages...
[2024-10-08 07:44:01Z INFO JobDispatcher] Successfully renew job request 2, job is valid till 10/8/2024 7:54:00 AM
[2024-10-08 07:44:14Z INFO MessageListener] BrokerMigration message received. Polling Broker for messages...
[2024-10-08 07:45:01Z INFO JobDispatcher] Successfully renew job request 2, job is valid till 10/8/2024 7:55:00 AM
[2024-10-08 07:45:05Z INFO MessageListener] BrokerMigration message received. Polling Broker for messages...
[2024-10-08 07:45:55Z INFO MessageListener] BrokerMigration message received. Polling Broker for messages...
[2024-10-08 07:46:02Z INFO JobDispatcher] Successfully renew job request 2, job is valid till 10/8/2024 7:56:00 AM
[2024-10-08 07:46:19Z INFO ProcessInvokerWrapper] STDOUT/STDERR stream read finished.
[2024-10-08 07:46:19Z INFO ProcessInvokerWrapper] STDOUT/STDERR stream read finished.
[2024-10-08 07:46:19Z INFO ProcessInvokerWrapper] Finished process 34840 with exit code 102, and elapsed time 00:06:18.8664679.
[2024-10-08 07:46:19Z INFO JobDispatcher] Worker finished for job e07742bd-189a-5079-918b-43f8b2f94b89. Code: 102
[2024-10-08 07:46:19Z INFO JobDispatcher] finish job request for job e07742bd-189a-5079-918b-43f8b2f94b89 with result: Failed
[2024-10-08 07:46:19Z INFO Terminal] WRITE LINE: 2024-10-08 07:46:19Z: Job deploy completed with result: Failed
[2024-10-08 07:46:19Z INFO JobDispatcher] Stop renew job request for job e07742bd-189a-5079-918b-43f8b2f94b89.
[2024-10-08 07:46:19Z INFO JobDispatcher] job renew has been cancelled, stop renew job request 2.
[2024-10-08 07:46:19Z INFO JobNotification] Entering JobCompleted Notification
[2024-10-08 07:46:19Z INFO JobNotification] Entering EndMonitor
[2024-10-08 07:46:19Z INFO MessageListener] Received job status event. JobState: Online
[2024-10-08 07:46:46Z INFO MessageListener] BrokerMigration message received. Polling Broker for messages...
[2024-10-08 07:47:30Z INFO Terminal] WRITE LINE: Exiting...
[2024-10-08 07:47:30Z INFO ConfigurationStore] IsServiceConfigured()
[2024-10-08 07:47:30Z INFO ConfigurationStore] IsServiceConfigured: False
[2024-10-08 07:47:30Z INFO HostContext] Runner will be shutdown for UserCancelled
[2024-10-08 07:47:30Z WARN GitHubActionsService] GET request to https://broker.actions.githubusercontent.com/message?sessionId=95d519e4-856b-4f45-b33a-8fdcd9d0fdbc&status=Online&runnerVersion=2.320.0&os=Windows&architecture=X64&disableUpdate=false has been cancelled.
[2024-10-08 07:47:30Z ERR  BrokerServer] Catch exception during request
[2024-10-08 07:47:30Z ERR  BrokerServer] System.Threading.Tasks.TaskCanceledException: The operation was canceled.
 ---> System.IO.IOException: Unable to read data from the transport connection: The I/O operation has been aborted because of either a thread exit or an application request..
 ---> System.Net.Sockets.SocketException (995): The I/O operation has been aborted because of either a thread exit or an application request.
   --- End of inner exception stack trace ---
   at System.Net.Sockets.Socket.AwaitableSocketAsyncEventArgs.ThrowException(SocketError error, CancellationToken cancellationToken)
   at System.Net.Sockets.Socket.AwaitableSocketAsyncEventArgs.System.Threading.Tasks.Sources.IValueTaskSource<System.Int32>.GetResult(Int16 token)
   at System.Net.Security.SslStream.EnsureFullTlsFrameAsync[TIOAdapter](TIOAdapter adapter)
   at System.Net.Security.SslStream.ReadAsyncInternal[TIOAdapter](TIOAdapter adapter, Memory`1 buffer)
   at System.Net.Http.HttpConnection.SendAsyncCore(HttpRequestMessage request, Boolean async, CancellationToken cancellationToken)
   --- End of inner exception stack trace ---
   at System.Net.Http.HttpClient.HandleFailure(Exception e, Boolean telemetryStarted, HttpResponseMessage response, CancellationTokenSource cts, CancellationToken cancellationToken, CancellationTokenSource pendingRequestsCts)
   at System.Net.Http.HttpClient.<SendAsync>g__Core|83_0(HttpRequestMessage request, HttpCompletionOption completionOption, CancellationTokenSource cts, Boolean disposeCts, CancellationTokenSource pendingRequestsCts, CancellationToken originalCancellationToken)
   at Sdk.WebApi.WebApi.RawHttpClientBase.SendAsync(HttpRequestMessage message, HttpCompletionOption completionOption, Object userState, CancellationToken cancellationToken)
   at Sdk.WebApi.WebApi.RawHttpClientBase.SendAsync[T](HttpRequestMessage message, Boolean readErrorBody, Object userState, CancellationToken cancellationToken)
   at Sdk.WebApi.WebApi.RawHttpClientBase.SendAsync[T](HttpMethod method, IEnumerable`1 additionalHeaders, Uri requestUri, HttpContent content, IEnumerable`1 queryParameters, Boolean readErrorBody, Object userState, CancellationToken cancellationToken)
   at GitHub.Actions.RunService.WebApi.BrokerHttpClient.GetRunnerMessageAsync(Nullable`1 sessionId, String runnerVersion, Nullable`1 status, String os, String architecture, Nullable`1 disableUpdate, CancellationToken cancellationToken)
   at GitHub.Runner.Common.BrokerServer.<>c__DisplayClass7_0.<<GetRunnerMessageAsync>b__0>d.MoveNext()
--- End of stack trace from previous location ---
   at GitHub.Runner.Common.RunnerService.RetryRequest[T](Func`1 func, CancellationToken cancellationToken, Int32 maxRetryAttemptsCount, Func`2 shouldRetry)
[2024-10-08 07:47:30Z ERR  BrokerServer] #####################################################
[2024-10-08 07:47:30Z ERR  BrokerServer] System.IO.IOException: Unable to read data from the transport connection: The I/O operation has been aborted because of either a thread exit or an application request..
 ---> System.Net.Sockets.SocketException (995): The I/O operation has been aborted because of either a thread exit or an application request.
   --- End of inner exception stack trace ---
   at System.Net.Sockets.Socket.AwaitableSocketAsyncEventArgs.ThrowException(SocketError error, CancellationToken cancellationToken)
   at System.Net.Sockets.Socket.AwaitableSocketAsyncEventArgs.System.Threading.Tasks.Sources.IValueTaskSource<System.Int32>.GetResult(Int16 token)
   at System.Net.Security.SslStream.EnsureFullTlsFrameAsync[TIOAdapter](TIOAdapter adapter)
   at System.Net.Security.SslStream.ReadAsyncInternal[TIOAdapter](TIOAdapter adapter, Memory`1 buffer)
   at System.Net.Http.HttpConnection.SendAsyncCore(HttpRequestMessage request, Boolean async, CancellationToken cancellationToken)
[2024-10-08 07:47:30Z ERR  BrokerServer] #####################################################
[2024-10-08 07:47:30Z ERR  BrokerServer] System.Net.Sockets.SocketException (995): The I/O operation has been aborted because of either a thread exit or an application request.
[2024-10-08 07:47:30Z WARN BrokerServer] Back off 9.167 seconds before next retry. 4 attempt left.
[2024-10-08 07:47:30Z INFO MessageListener] Get next message has been cancelled.
[2024-10-08 07:47:30Z INFO JobDispatcher] Shutting down JobDispatcher. Make sure all WorkerDispatcher has finished.
[2024-10-08 07:47:30Z INFO JobDispatcher] Ensure WorkerDispatcher for job e07742bd-189a-5079-918b-43f8b2f94b89 run to finish, cancel any running job.
[2024-10-08 07:47:30Z INFO JobDispatcher] Job request e07742bd-189a-5079-918b-43f8b2f94b89 processed succeed.
[2024-10-08 07:47:30Z INFO Runner] Deleting Runner Session...
[2024-10-08 07:47:30Z INFO Listener] Runner execution been cancelled.
