[2024-10-08 08:49:44Z INFO HostContext] No proxy settings were found based on environmental variables (http_proxy/https_proxy/HTTP_PROXY/HTTPS_PROXY)
[2024-10-08 08:49:44Z INFO HostContext] Well known directory 'Bin': 'C:\CI-CD Pipeline\actions-runner\actions-runner-win-x64-2.320.0\bin'
[2024-10-08 08:49:44Z INFO HostContext] Well known directory 'Root': 'C:\CI-CD Pipeline\actions-runner\actions-runner-win-x64-2.320.0'
[2024-10-08 08:49:44Z INFO HostContext] Well known config file 'Credentials': 'C:\CI-CD Pipeline\actions-runner\actions-runner-win-x64-2.320.0\.credentials'
[2024-10-08 08:49:44Z INFO HostContext] Well known directory 'Bin': 'C:\CI-CD Pipeline\actions-runner\actions-runner-win-x64-2.320.0\bin'
[2024-10-08 08:49:44Z INFO HostContext] Well known directory 'Root': 'C:\CI-CD Pipeline\actions-runner\actions-runner-win-x64-2.320.0'
[2024-10-08 08:49:44Z INFO HostContext] Well known config file 'Runner': 'C:\CI-CD Pipeline\actions-runner\actions-runner-win-x64-2.320.0\.runner'
[2024-10-08 08:49:44Z INFO Listener] Runner is built for Windows (X64) - win-x64.
[2024-10-08 08:49:44Z INFO Listener] RuntimeInformation: Microsoft Windows 10.0.22631.
[2024-10-08 08:49:44Z INFO Listener] Version: 2.320.0
[2024-10-08 08:49:44Z INFO Listener] Commit: 78f21670b4a58aff19b5189207f54eb2bee324d1
[2024-10-08 08:49:44Z INFO Listener] Culture: en-US
[2024-10-08 08:49:44Z INFO Listener] UI Culture: en-US
[2024-10-08 08:49:44Z INFO HostContext] Well known directory 'Bin': 'C:\CI-CD Pipeline\actions-runner\actions-runner-win-x64-2.320.0\bin'
[2024-10-08 08:49:44Z INFO HostContext] Well known directory 'Root': 'C:\CI-CD Pipeline\actions-runner\actions-runner-win-x64-2.320.0'
[2024-10-08 08:49:44Z INFO Listener] Validating directory permissions for: 'C:\CI-CD Pipeline\actions-runner\actions-runner-win-x64-2.320.0'
[2024-10-08 08:49:44Z INFO CommandLineParser] Parse
[2024-10-08 08:49:44Z INFO CommandLineParser] Parsing 5 args
[2024-10-08 08:49:44Z INFO CommandLineParser] parsing argument
[2024-10-08 08:49:44Z INFO CommandLineParser] HasArgs: False
[2024-10-08 08:49:44Z INFO CommandLineParser] Adding Command: configure
[2024-10-08 08:49:44Z INFO CommandLineParser] parsing argument
[2024-10-08 08:49:44Z INFO CommandLineParser] HasArgs: True
[2024-10-08 08:49:44Z INFO CommandLineParser] arg: url
[2024-10-08 08:49:44Z INFO CommandLineParser] parsing argument
[2024-10-08 08:49:44Z INFO CommandLineParser] HasArgs: True
[2024-10-08 08:49:44Z INFO CommandLineParser] Adding option 'url': 'https://github.com/Kunj-Mori/MERN_DashBoard'
[2024-10-08 08:49:44Z INFO CommandLineParser] parsing argument
[2024-10-08 08:49:44Z INFO CommandLineParser] HasArgs: True
[2024-10-08 08:49:44Z INFO CommandLineParser] arg: token
[2024-10-08 08:49:44Z INFO CommandLineParser] parsing argument
[2024-10-08 08:49:44Z INFO CommandLineParser] HasArgs: True
[2024-10-08 08:49:44Z INFO CommandLineParser] Adding option 'token': '***'
[2024-10-08 08:49:44Z INFO Listener] Arguments parsed
[2024-10-08 08:49:44Z INFO Runner] ExecuteCommand
[2024-10-08 08:49:44Z INFO ConfigurationStore] currentAssemblyLocation: C:\CI-CD Pipeline\actions-runner\actions-runner-win-x64-2.320.0\bin\Runner.Listener.dll
[2024-10-08 08:49:44Z INFO HostContext] Well known directory 'Bin': 'C:\CI-CD Pipeline\actions-runner\actions-runner-win-x64-2.320.0\bin'
[2024-10-08 08:49:44Z INFO ConfigurationStore] binPath: C:\CI-CD Pipeline\actions-runner\actions-runner-win-x64-2.320.0\bin
[2024-10-08 08:49:44Z INFO HostContext] Well known directory 'Bin': 'C:\CI-CD Pipeline\actions-runner\actions-runner-win-x64-2.320.0\bin'
[2024-10-08 08:49:44Z INFO HostContext] Well known directory 'Root': 'C:\CI-CD Pipeline\actions-runner\actions-runner-win-x64-2.320.0'
[2024-10-08 08:49:44Z INFO ConfigurationStore] RootFolder: C:\CI-CD Pipeline\actions-runner\actions-runner-win-x64-2.320.0
[2024-10-08 08:49:44Z INFO HostContext] Well known directory 'Bin': 'C:\CI-CD Pipeline\actions-runner\actions-runner-win-x64-2.320.0\bin'
[2024-10-08 08:49:44Z INFO HostContext] Well known directory 'Root': 'C:\CI-CD Pipeline\actions-runner\actions-runner-win-x64-2.320.0'
[2024-10-08 08:49:44Z INFO HostContext] Well known config file 'Runner': 'C:\CI-CD Pipeline\actions-runner\actions-runner-win-x64-2.320.0\.runner'
[2024-10-08 08:49:44Z INFO ConfigurationStore] ConfigFilePath: C:\CI-CD Pipeline\actions-runner\actions-runner-win-x64-2.320.0\.runner
[2024-10-08 08:49:44Z INFO HostContext] Well known directory 'Bin': 'C:\CI-CD Pipeline\actions-runner\actions-runner-win-x64-2.320.0\bin'
[2024-10-08 08:49:44Z INFO HostContext] Well known directory 'Root': 'C:\CI-CD Pipeline\actions-runner\actions-runner-win-x64-2.320.0'
[2024-10-08 08:49:44Z INFO HostContext] Well known config file 'Credentials': 'C:\CI-CD Pipeline\actions-runner\actions-runner-win-x64-2.320.0\.credentials'
[2024-10-08 08:49:44Z INFO ConfigurationStore] CredFilePath: C:\CI-CD Pipeline\actions-runner\actions-runner-win-x64-2.320.0\.credentials
[2024-10-08 08:49:44Z INFO HostContext] Well known directory 'Bin': 'C:\CI-CD Pipeline\actions-runner\actions-runner-win-x64-2.320.0\bin'
[2024-10-08 08:49:44Z INFO HostContext] Well known directory 'Root': 'C:\CI-CD Pipeline\actions-runner\actions-runner-win-x64-2.320.0'
[2024-10-08 08:49:44Z INFO HostContext] Well known config file 'MigratedCredentials': 'C:\CI-CD Pipeline\actions-runner\actions-runner-win-x64-2.320.0\.credentials_migrated'
[2024-10-08 08:49:44Z INFO ConfigurationStore] MigratedCredFilePath: C:\CI-CD Pipeline\actions-runner\actions-runner-win-x64-2.320.0\.credentials_migrated
[2024-10-08 08:49:44Z INFO HostContext] Well known directory 'Bin': 'C:\CI-CD Pipeline\actions-runner\actions-runner-win-x64-2.320.0\bin'
[2024-10-08 08:49:44Z INFO HostContext] Well known directory 'Root': 'C:\CI-CD Pipeline\actions-runner\actions-runner-win-x64-2.320.0'
[2024-10-08 08:49:44Z INFO HostContext] Well known config file 'Service': 'C:\CI-CD Pipeline\actions-runner\actions-runner-win-x64-2.320.0\.service'
[2024-10-08 08:49:44Z INFO ConfigurationStore] ServiceConfigFilePath: C:\CI-CD Pipeline\actions-runner\actions-runner-win-x64-2.320.0\.service
[2024-10-08 08:49:44Z INFO CommandSettings] Flag 'help': 'False'
[2024-10-08 08:49:44Z INFO CommandSettings] Flag 'version': 'False'
[2024-10-08 08:49:44Z INFO CommandSettings] Flag 'commit': 'False'
[2024-10-08 08:49:44Z INFO CommandSettings] Flag 'check': 'False'
[2024-10-08 08:49:44Z INFO CommandSettings] Command 'configure': 'True'
[2024-10-08 08:49:44Z INFO Terminal] WRITE LINE: 
[2024-10-08 08:49:44Z INFO Terminal] WRITE LINE: --------------------------------------------------------------------------------
[2024-10-08 08:49:44Z INFO Terminal] WRITE LINE: |        ____ _ _   _   _       _          _        _   _                      |
[2024-10-08 08:49:44Z INFO Terminal] WRITE LINE: |       / ___(_) |_| | | |_   _| |__      / \   ___| |_(_) ___  _ __  ___      |
[2024-10-08 08:49:44Z INFO Terminal] WRITE LINE: |      | |  _| | __| |_| | | | | '_ \    / _ \ / __| __| |/ _ \| '_ \/ __|     |
[2024-10-08 08:49:44Z INFO Terminal] WRITE LINE: |      | |_| | | |_|  _  | |_| | |_) |  / ___ \ (__| |_| | (_) | | | \__ \     |
[2024-10-08 08:49:44Z INFO Terminal] WRITE LINE: |       \____|_|\__|_| |_|\__,_|_.__/  /_/   \_\___|\__|_|\___/|_| |_|___/     |
[2024-10-08 08:49:44Z INFO Terminal] WRITE LINE: |                                                                              |
[2024-10-08 08:49:44Z INFO Terminal] WRITE: |                       
[2024-10-08 08:49:44Z INFO Terminal] WRITE: Self-hosted runner registration
[2024-10-08 08:49:44Z INFO Terminal] WRITE LINE:                         |
[2024-10-08 08:49:44Z INFO Terminal] WRITE LINE: |                                                                              |
[2024-10-08 08:49:44Z INFO Terminal] WRITE LINE: --------------------------------------------------------------------------------
[2024-10-08 08:49:44Z INFO ConfigurationManager] ConfigureAsync
[2024-10-08 08:49:44Z INFO CommandSettings] Flag 'generateServiceConfig': 'False'
[2024-10-08 08:49:44Z INFO ConfigurationStore] IsConfigured()
[2024-10-08 08:49:44Z INFO ConfigurationStore] IsConfigured: False
[2024-10-08 08:49:44Z INFO ConfigurationManager] Is configured: False
[2024-10-08 08:49:44Z INFO CommandSettings] Arg 'url': 'https://github.com/Kunj-Mori/MERN_DashBoard'
[2024-10-08 08:49:44Z INFO CommandSettings] Remove url from Arg dictionary.
[2024-10-08 08:49:44Z INFO CommandSettings] Arg 'token': '***'
[2024-10-08 08:49:44Z INFO CommandSettings] Remove token from Arg dictionary.
[2024-10-08 08:49:46Z INFO ConfigurationManager] Http response code: OK from 'POST https://api.github.com/actions/runner-registration' (C9D8:19352B:649667:6B226A:6704F228)
[2024-10-08 08:49:46Z INFO ConfigurationManager] Using V2 flow: False
[2024-10-08 08:49:46Z INFO ConfigurationManager] cred retrieved via GitHub auth
[2024-10-08 08:49:46Z INFO RunnerServer] EstablishVssConnection
[2024-10-08 08:49:46Z INFO RunnerServer] Establish connection with 100 seconds timeout.
[2024-10-08 08:49:46Z INFO GitHubActionsService] Starting operation Location.GetConnectionData
[2024-10-08 08:49:46Z INFO RunnerServer] EstablishVssConnection
[2024-10-08 08:49:46Z INFO RunnerServer] Establish connection with 60 seconds timeout.
[2024-10-08 08:49:46Z INFO GitHubActionsService] Starting operation Location.GetConnectionData
[2024-10-08 08:49:46Z INFO RunnerServer] EstablishVssConnection
[2024-10-08 08:49:46Z INFO RunnerServer] Establish connection with 60 seconds timeout.
[2024-10-08 08:49:46Z INFO GitHubActionsService] Starting operation Location.GetConnectionData
[2024-10-08 08:49:48Z INFO GitHubActionsService] Finished operation Location.GetConnectionData
[2024-10-08 08:49:48Z INFO GitHubActionsService] Finished operation Location.GetConnectionData
[2024-10-08 08:49:48Z INFO GitHubActionsService] Finished operation Location.GetConnectionData
[2024-10-08 08:49:49Z INFO Terminal] WRITE LINE: 
[2024-10-08 08:49:49Z INFO ConfigurationManager] Test Connection complete.
[2024-10-08 08:49:49Z INFO HostContext] Well known directory 'Bin': 'C:\CI-CD Pipeline\actions-runner\actions-runner-win-x64-2.320.0\bin'
[2024-10-08 08:49:49Z INFO HostContext] Well known directory 'Root': 'C:\CI-CD Pipeline\actions-runner\actions-runner-win-x64-2.320.0'
[2024-10-08 08:49:49Z INFO HostContext] Well known config file 'RSACredentials': 'C:\CI-CD Pipeline\actions-runner\actions-runner-win-x64-2.320.0\.credentials_rsaparams'
[2024-10-08 08:49:49Z INFO RSAEncryptedFileKeyManager] Creating new RSA key using 2048-bit key length
[2024-10-08 08:49:49Z INFO RSAEncryptedFileKeyManager] Successfully saved RSA key parameters to file C:\CI-CD Pipeline\actions-runner\actions-runner-win-x64-2.320.0\.credentials_rsaparams
[2024-10-08 08:49:49Z INFO CommandSettings] Arg 'runnergroup': ''
[2024-10-08 08:49:49Z INFO CommandSettings] Flag 'unattended': 'False'
[2024-10-08 08:49:49Z INFO PromptManager] ReadValue
[2024-10-08 08:49:49Z INFO Terminal] WRITE: Enter the name of the runner group to add this runner to: 
[2024-10-08 08:49:49Z INFO Terminal] WRITE: [press Enter for Default] 
[2024-10-08 08:49:49Z INFO Terminal] READ LINE
[2024-10-08 08:49:50Z INFO Terminal] Read value: ''
[2024-10-08 08:49:50Z INFO PromptManager] Falling back to the default: 'Default'
[2024-10-08 08:49:50Z INFO Terminal] WRITE LINE: 
[2024-10-08 08:49:50Z INFO ConfigurationManager] Found a self-hosted runner group with id 1 and name Default
[2024-10-08 08:49:50Z INFO CommandSettings] Flag 'disableupdate': 'False'
[2024-10-08 08:49:50Z INFO CommandSettings] Flag 'ephemeral': 'False'
[2024-10-08 08:49:50Z INFO CommandSettings] Arg 'name': ''
[2024-10-08 08:49:50Z INFO CommandSettings] Flag 'unattended': 'False'
[2024-10-08 08:49:50Z INFO PromptManager] ReadValue
[2024-10-08 08:49:50Z INFO Terminal] WRITE: Enter the name of runner: 
[2024-10-08 08:49:50Z INFO Terminal] WRITE: [press Enter for KUNJ] 
[2024-10-08 08:49:50Z INFO Terminal] READ LINE
[2024-10-08 08:49:51Z INFO Terminal] Read value: ''
[2024-10-08 08:49:51Z INFO PromptManager] Falling back to the default: 'KUNJ'
[2024-10-08 08:49:51Z INFO Terminal] WRITE LINE: 
[2024-10-08 08:49:51Z INFO CommandSettings] Arg 'labels': ''
[2024-10-08 08:49:51Z INFO CommandSettings] Flag 'unattended': 'False'
[2024-10-08 08:49:51Z INFO PromptManager] ReadValue
[2024-10-08 08:49:51Z INFO Terminal] WRITE: This runner will have the following labels: 'self-hosted', 'Windows', 'X64' 
Enter any additional labels (ex. label-1,label-2): 
[2024-10-08 08:49:51Z INFO Terminal] WRITE: [press Enter to skip] 
[2024-10-08 08:49:51Z INFO Terminal] READ LINE
[2024-10-08 08:49:52Z INFO Terminal] Read value: ''
[2024-10-08 08:49:52Z INFO Terminal] WRITE LINE: 
[2024-10-08 08:49:52Z INFO CommandSettings] Flag 'disableupdate': 'False'
[2024-10-08 08:49:52Z INFO CommandSettings] Flag 'no-default-labels': 'False'
[2024-10-08 08:49:53Z INFO CommandSettings] Flag 'disableupdate': 'False'
[2024-10-08 08:49:53Z INFO CommandSettings] Flag 'ephemeral': 'False'
[2024-10-08 08:49:53Z INFO ConfigurationStore] Saving OAuth credential @ C:\CI-CD Pipeline\actions-runner\actions-runner-win-x64-2.320.0\.credentials
[2024-10-08 08:49:53Z INFO ConfigurationStore] Credentials Saved.
[2024-10-08 08:49:53Z INFO ConfigurationStore] HasCredentials()
[2024-10-08 08:49:53Z INFO ConfigurationStore] stored True
[2024-10-08 08:49:53Z INFO CredentialManager] GetCredentialProvider
[2024-10-08 08:49:53Z INFO CredentialManager] Creating type OAuth
[2024-10-08 08:49:53Z INFO CredentialManager] Creating credential type: OAuth
[2024-10-08 08:49:53Z INFO RSAEncryptedFileKeyManager] Loading RSA key parameters from file C:\CI-CD Pipeline\actions-runner\actions-runner-win-x64-2.320.0\.credentials_rsaparams
[2024-10-08 08:49:53Z INFO RunnerServer] EstablishVssConnection
[2024-10-08 08:49:53Z INFO RunnerServer] Establish connection with 100 seconds timeout.
[2024-10-08 08:49:53Z INFO GitHubActionsService] Starting operation Location.GetConnectionData
[2024-10-08 08:49:53Z INFO RunnerServer] EstablishVssConnection
[2024-10-08 08:49:53Z INFO RunnerServer] Establish connection with 60 seconds timeout.
[2024-10-08 08:49:53Z INFO GitHubActionsService] Starting operation Location.GetConnectionData
[2024-10-08 08:49:53Z INFO RunnerServer] EstablishVssConnection
[2024-10-08 08:49:53Z INFO RunnerServer] Establish connection with 60 seconds timeout.
[2024-10-08 08:49:53Z INFO GitHubActionsService] Starting operation Location.GetConnectionData
[2024-10-08 08:49:54Z INFO GitHubActionsService] Finished operation Location.GetConnectionData
[2024-10-08 08:49:54Z INFO GitHubActionsService] Finished operation Location.GetConnectionData
[2024-10-08 08:49:54Z INFO GitHubActionsService] Finished operation Location.GetConnectionData
[2024-10-08 08:49:55Z INFO RSAEncryptedFileKeyManager] Loading RSA key parameters from file C:\CI-CD Pipeline\actions-runner\actions-runner-win-x64-2.320.0\.credentials_rsaparams
[2024-10-08 08:49:55Z INFO RSAEncryptedFileKeyManager] Loading RSA key parameters from file C:\CI-CD Pipeline\actions-runner\actions-runner-win-x64-2.320.0\.credentials_rsaparams
[2024-10-08 08:49:57Z INFO GitHubActionsService] AAD Correlation ID for this token request: Unknown
[2024-10-08 08:49:57Z WARN GitHubActionsService] Retrieving an AAD auth token took a long time (2.0505355 seconds)
[2024-10-08 08:49:57Z INFO CommandSettings] Arg 'work': ''
[2024-10-08 08:49:57Z INFO CommandSettings] Flag 'unattended': 'False'
[2024-10-08 08:49:57Z INFO PromptManager] ReadValue
[2024-10-08 08:49:57Z INFO Terminal] WRITE: Enter name of work folder: 
[2024-10-08 08:49:57Z INFO Terminal] WRITE: [press Enter for _work] 
[2024-10-08 08:49:57Z INFO Terminal] READ LINE
[2024-10-08 08:49:58Z INFO Terminal] Read value: ''
[2024-10-08 08:49:58Z INFO PromptManager] Falling back to the default: '_work'
[2024-10-08 08:49:58Z INFO ConfigurationStore] Saving runner settings.
[2024-10-08 08:49:58Z INFO ConfigurationStore] Settings Saved.
[2024-10-08 08:49:58Z INFO Terminal] WRITE LINE: 
[2024-10-08 08:49:58Z INFO Terminal] WRITE LINE: 
[2024-10-08 08:49:58Z INFO CommandSettings] Flag 'runasservice': 'False'
[2024-10-08 08:49:58Z INFO CommandSettings] Flag 'unattended': 'False'
[2024-10-08 08:49:58Z INFO PromptManager] ReadValue
[2024-10-08 08:49:58Z INFO Terminal] WRITE: Would you like to run the runner as service? (Y/N) 
[2024-10-08 08:49:58Z INFO Terminal] WRITE: [press Enter for N] 
[2024-10-08 08:49:58Z INFO Terminal] READ LINE
[2024-10-08 08:50:00Z INFO Terminal] Read value: ''
[2024-10-08 08:50:00Z INFO PromptManager] Falling back to the default: 'N'
[2024-10-08 08:50:00Z INFO Listener] Runner execution has finished with return code 0
