[2024-10-08 08:15:45Z INFO HostContext] No proxy settings were found based on environmental variables (http_proxy/https_proxy/HTTP_PROXY/HTTPS_PROXY)
[2024-10-08 08:15:45Z INFO HostContext] Well known directory 'Bin': 'C:\Users\kunjm\OneDrive\Desktop\Project\CI-CD Pipeline\actions-runner\actions-runner-win-x64-2.320.0\bin'
[2024-10-08 08:15:45Z INFO HostContext] Well known directory 'Root': 'C:\Users\kunjm\OneDrive\Desktop\Project\CI-CD Pipeline\actions-runner\actions-runner-win-x64-2.320.0'
[2024-10-08 08:15:45Z INFO HostContext] Well known config file 'Credentials': 'C:\Users\kunjm\OneDrive\Desktop\Project\CI-CD Pipeline\actions-runner\actions-runner-win-x64-2.320.0\.credentials'
[2024-10-08 08:15:45Z INFO HostContext] Well known directory 'Bin': 'C:\Users\kunjm\OneDrive\Desktop\Project\CI-CD Pipeline\actions-runner\actions-runner-win-x64-2.320.0\bin'
[2024-10-08 08:15:45Z INFO HostContext] Well known directory 'Root': 'C:\Users\kunjm\OneDrive\Desktop\Project\CI-CD Pipeline\actions-runner\actions-runner-win-x64-2.320.0'
[2024-10-08 08:15:45Z INFO HostContext] Well known config file 'Runner': 'C:\Users\kunjm\OneDrive\Desktop\Project\CI-CD Pipeline\actions-runner\actions-runner-win-x64-2.320.0\.runner'
[2024-10-08 08:15:45Z INFO Listener] Runner is built for Windows (X64) - win-x64.
[2024-10-08 08:15:45Z INFO Listener] RuntimeInformation: Microsoft Windows 10.0.22631.
[2024-10-08 08:15:45Z INFO Listener] Version: 2.320.0
[2024-10-08 08:15:45Z INFO Listener] Commit: 78f21670b4a58aff19b5189207f54eb2bee324d1
[2024-10-08 08:15:45Z INFO Listener] Culture: en-US
[2024-10-08 08:15:45Z INFO Listener] UI Culture: en-US
[2024-10-08 08:15:45Z INFO HostContext] Well known directory 'Bin': 'C:\Users\kunjm\OneDrive\Desktop\Project\CI-CD Pipeline\actions-runner\actions-runner-win-x64-2.320.0\bin'
[2024-10-08 08:15:45Z INFO HostContext] Well known directory 'Root': 'C:\Users\kunjm\OneDrive\Desktop\Project\CI-CD Pipeline\actions-runner\actions-runner-win-x64-2.320.0'
[2024-10-08 08:15:45Z INFO Listener] Validating directory permissions for: 'C:\Users\kunjm\OneDrive\Desktop\Project\CI-CD Pipeline\actions-runner\actions-runner-win-x64-2.320.0'
[2024-10-08 08:15:45Z INFO CommandLineParser] Parse
[2024-10-08 08:15:45Z INFO CommandLineParser] Parsing 1 args
[2024-10-08 08:15:45Z INFO CommandLineParser] parsing argument
[2024-10-08 08:15:45Z INFO CommandLineParser] HasArgs: False
[2024-10-08 08:15:45Z INFO CommandLineParser] Adding Command: run
[2024-10-08 08:15:45Z INFO Listener] Arguments parsed
[2024-10-08 08:15:45Z INFO Runner] ExecuteCommand
[2024-10-08 08:15:45Z INFO ConfigurationStore] currentAssemblyLocation: C:\Users\kunjm\OneDrive\Desktop\Project\CI-CD Pipeline\actions-runner\actions-runner-win-x64-2.320.0\bin\Runner.Listener.dll
[2024-10-08 08:15:45Z INFO HostContext] Well known directory 'Bin': 'C:\Users\kunjm\OneDrive\Desktop\Project\CI-CD Pipeline\actions-runner\actions-runner-win-x64-2.320.0\bin'
[2024-10-08 08:15:45Z INFO ConfigurationStore] binPath: C:\Users\kunjm\OneDrive\Desktop\Project\CI-CD Pipeline\actions-runner\actions-runner-win-x64-2.320.0\bin
[2024-10-08 08:15:45Z INFO HostContext] Well known directory 'Bin': 'C:\Users\kunjm\OneDrive\Desktop\Project\CI-CD Pipeline\actions-runner\actions-runner-win-x64-2.320.0\bin'
[2024-10-08 08:15:45Z INFO HostContext] Well known directory 'Root': 'C:\Users\kunjm\OneDrive\Desktop\Project\CI-CD Pipeline\actions-runner\actions-runner-win-x64-2.320.0'
[2024-10-08 08:15:45Z INFO ConfigurationStore] RootFolder: C:\Users\kunjm\OneDrive\Desktop\Project\CI-CD Pipeline\actions-runner\actions-runner-win-x64-2.320.0
[2024-10-08 08:15:45Z INFO HostContext] Well known directory 'Bin': 'C:\Users\kunjm\OneDrive\Desktop\Project\CI-CD Pipeline\actions-runner\actions-runner-win-x64-2.320.0\bin'
[2024-10-08 08:15:45Z INFO HostContext] Well known directory 'Root': 'C:\Users\kunjm\OneDrive\Desktop\Project\CI-CD Pipeline\actions-runner\actions-runner-win-x64-2.320.0'
[2024-10-08 08:15:45Z INFO HostContext] Well known config file 'Runner': 'C:\Users\kunjm\OneDrive\Desktop\Project\CI-CD Pipeline\actions-runner\actions-runner-win-x64-2.320.0\.runner'
[2024-10-08 08:15:45Z INFO ConfigurationStore] ConfigFilePath: C:\Users\kunjm\OneDrive\Desktop\Project\CI-CD Pipeline\actions-runner\actions-runner-win-x64-2.320.0\.runner
[2024-10-08 08:15:45Z INFO HostContext] Well known directory 'Bin': 'C:\Users\kunjm\OneDrive\Desktop\Project\CI-CD Pipeline\actions-runner\actions-runner-win-x64-2.320.0\bin'
[2024-10-08 08:15:45Z INFO HostContext] Well known directory 'Root': 'C:\Users\kunjm\OneDrive\Desktop\Project\CI-CD Pipeline\actions-runner\actions-runner-win-x64-2.320.0'
[2024-10-08 08:15:45Z INFO HostContext] Well known config file 'Credentials': 'C:\Users\kunjm\OneDrive\Desktop\Project\CI-CD Pipeline\actions-runner\actions-runner-win-x64-2.320.0\.credentials'
[2024-10-08 08:15:45Z INFO ConfigurationStore] CredFilePath: C:\Users\kunjm\OneDrive\Desktop\Project\CI-CD Pipeline\actions-runner\actions-runner-win-x64-2.320.0\.credentials
[2024-10-08 08:15:45Z INFO HostContext] Well known directory 'Bin': 'C:\Users\kunjm\OneDrive\Desktop\Project\CI-CD Pipeline\actions-runner\actions-runner-win-x64-2.320.0\bin'
[2024-10-08 08:15:45Z INFO HostContext] Well known directory 'Root': 'C:\Users\kunjm\OneDrive\Desktop\Project\CI-CD Pipeline\actions-runner\actions-runner-win-x64-2.320.0'
[2024-10-08 08:15:45Z INFO HostContext] Well known config file 'MigratedCredentials': 'C:\Users\kunjm\OneDrive\Desktop\Project\CI-CD Pipeline\actions-runner\actions-runner-win-x64-2.320.0\.credentials_migrated'
[2024-10-08 08:15:45Z INFO ConfigurationStore] MigratedCredFilePath: C:\Users\kunjm\OneDrive\Desktop\Project\CI-CD Pipeline\actions-runner\actions-runner-win-x64-2.320.0\.credentials_migrated
[2024-10-08 08:15:45Z INFO HostContext] Well known directory 'Bin': 'C:\Users\kunjm\OneDrive\Desktop\Project\CI-CD Pipeline\actions-runner\actions-runner-win-x64-2.320.0\bin'
[2024-10-08 08:15:45Z INFO HostContext] Well known directory 'Root': 'C:\Users\kunjm\OneDrive\Desktop\Project\CI-CD Pipeline\actions-runner\actions-runner-win-x64-2.320.0'
[2024-10-08 08:15:45Z INFO HostContext] Well known config file 'Service': 'C:\Users\kunjm\OneDrive\Desktop\Project\CI-CD Pipeline\actions-runner\actions-runner-win-x64-2.320.0\.service'
[2024-10-08 08:15:45Z INFO ConfigurationStore] ServiceConfigFilePath: C:\Users\kunjm\OneDrive\Desktop\Project\CI-CD Pipeline\actions-runner\actions-runner-win-x64-2.320.0\.service
[2024-10-08 08:15:45Z INFO CommandSettings] Flag 'help': 'False'
[2024-10-08 08:15:45Z INFO CommandSettings] Flag 'version': 'False'
[2024-10-08 08:15:45Z INFO CommandSettings] Flag 'commit': 'False'
[2024-10-08 08:15:45Z INFO CommandSettings] Flag 'check': 'False'
[2024-10-08 08:15:45Z INFO CommandSettings] Command 'configure': 'False'
[2024-10-08 08:15:45Z INFO CommandSettings] Command 'remove': 'False'
[2024-10-08 08:15:45Z INFO CommandSettings] Command 'warmup': 'False'
[2024-10-08 08:15:45Z INFO ConfigurationManager] LoadSettings
[2024-10-08 08:15:45Z INFO ConfigurationStore] IsConfigured()
[2024-10-08 08:15:45Z INFO ConfigurationStore] IsConfigured: True
[2024-10-08 08:15:45Z INFO ConfigurationManager] Is configured: True
[2024-10-08 08:15:45Z INFO ConfigurationStore] Read setting file: 302 chars
[2024-10-08 08:15:45Z INFO ConfigurationManager] Settings Loaded
[2024-10-08 08:15:45Z INFO ConfigurationStore] IsServiceConfigured()
[2024-10-08 08:15:45Z INFO ConfigurationStore] IsServiceConfigured: False
[2024-10-08 08:15:45Z INFO CommandSettings] Command 'run': 'True'
[2024-10-08 08:15:45Z INFO ConfigurationStore] IsConfigured()
[2024-10-08 08:15:45Z INFO ConfigurationStore] IsConfigured: True
[2024-10-08 08:15:45Z INFO ConfigurationManager] Is configured: True
[2024-10-08 08:15:45Z INFO Runner] Could not parse the argument value '' for StartupType. Defaulting to Manual
[2024-10-08 08:15:45Z INFO Runner] Set runner startup type - Manual
[2024-10-08 08:15:45Z INFO CommandSettings] Flag 'once': 'False'
[2024-10-08 08:15:45Z INFO CommandSettings] Flag 'once': 'False'
[2024-10-08 08:15:45Z INFO Runner] RunAsync
[2024-10-08 08:15:45Z INFO ConfigurationManager] LoadSettings
[2024-10-08 08:15:45Z INFO ConfigurationStore] IsConfigured()
[2024-10-08 08:15:45Z INFO ConfigurationStore] IsConfigured: True
[2024-10-08 08:15:45Z INFO ConfigurationManager] Is configured: True
[2024-10-08 08:15:45Z INFO ConfigurationManager] Settings Loaded
[2024-10-08 08:15:45Z INFO MessageListener] {
  "AgentId": 2,
  "AgentName": "KUNJ",
  "PoolId": 1,
  "PoolName": "Default",
  "ServerUrl": "https://pipelinesghubeus3.actions.githubusercontent.com/cMIS5mXhHSWRVrPhTKq1oMYrX5NahzhHpp1yins7Qw9TqExS1R/",
  "GitHubUrl": "https://github.com/Kunj-Mori/MERN-DashBoard",
  "WorkFolder": "_work"
}
[2024-10-08 08:15:45Z INFO MessageListener] Loading Credentials
[2024-10-08 08:15:45Z INFO ConfigurationStore] HasCredentials()
[2024-10-08 08:15:45Z INFO ConfigurationStore] stored True
[2024-10-08 08:15:45Z INFO CredentialManager] GetCredentialProvider
[2024-10-08 08:15:45Z INFO CredentialManager] Creating type OAuth
[2024-10-08 08:15:45Z INFO CredentialManager] Creating credential type: OAuth
[2024-10-08 08:15:45Z INFO HostContext] Well known directory 'Bin': 'C:\Users\kunjm\OneDrive\Desktop\Project\CI-CD Pipeline\actions-runner\actions-runner-win-x64-2.320.0\bin'
[2024-10-08 08:15:45Z INFO HostContext] Well known directory 'Root': 'C:\Users\kunjm\OneDrive\Desktop\Project\CI-CD Pipeline\actions-runner\actions-runner-win-x64-2.320.0'
[2024-10-08 08:15:45Z INFO HostContext] Well known config file 'RSACredentials': 'C:\Users\kunjm\OneDrive\Desktop\Project\CI-CD Pipeline\actions-runner\actions-runner-win-x64-2.320.0\.credentials_rsaparams'
[2024-10-08 08:15:45Z INFO RSAEncryptedFileKeyManager] Loading RSA key parameters from file C:\Users\kunjm\OneDrive\Desktop\Project\CI-CD Pipeline\actions-runner\actions-runner-win-x64-2.320.0\.credentials_rsaparams
[2024-10-08 08:15:45Z INFO MessageListener] Attempt to create session.
[2024-10-08 08:15:45Z INFO MessageListener] Connecting to the Runner Server...
[2024-10-08 08:15:45Z INFO RunnerServer] EstablishVssConnection
[2024-10-08 08:15:45Z INFO RunnerServer] Establish connection with 100 seconds timeout.
[2024-10-08 08:15:45Z INFO GitHubActionsService] Starting operation Location.GetConnectionData
[2024-10-08 08:15:45Z INFO RunnerServer] EstablishVssConnection
[2024-10-08 08:15:45Z INFO RunnerServer] Establish connection with 60 seconds timeout.
[2024-10-08 08:15:45Z INFO GitHubActionsService] Starting operation Location.GetConnectionData
[2024-10-08 08:15:45Z INFO RunnerServer] EstablishVssConnection
[2024-10-08 08:15:45Z INFO RunnerServer] Establish connection with 60 seconds timeout.
[2024-10-08 08:15:45Z INFO GitHubActionsService] Starting operation Location.GetConnectionData
[2024-10-08 08:15:47Z INFO GitHubActionsService] Finished operation Location.GetConnectionData
[2024-10-08 08:15:47Z INFO GitHubActionsService] Finished operation Location.GetConnectionData
[2024-10-08 08:15:47Z INFO GitHubActionsService] Finished operation Location.GetConnectionData
[2024-10-08 08:15:47Z INFO MessageListener] VssConnection created
[2024-10-08 08:15:47Z INFO Terminal] WRITE LINE: 
[2024-10-08 08:15:47Z INFO Terminal] WRITE LINE: 
[2024-10-08 08:15:47Z INFO RSAEncryptedFileKeyManager] Loading RSA key parameters from file C:\Users\kunjm\OneDrive\Desktop\Project\CI-CD Pipeline\actions-runner\actions-runner-win-x64-2.320.0\.credentials_rsaparams
[2024-10-08 08:15:47Z INFO RSAEncryptedFileKeyManager] Loading RSA key parameters from file C:\Users\kunjm\OneDrive\Desktop\Project\CI-CD Pipeline\actions-runner\actions-runner-win-x64-2.320.0\.credentials_rsaparams
[2024-10-08 08:15:48Z INFO GitHubActionsService] AAD Correlation ID for this token request: Unknown
[2024-10-08 08:15:49Z INFO MessageListener] Session created.
[2024-10-08 08:15:49Z INFO Terminal] WRITE LINE: Current runner version: '2.320.0'
[2024-10-08 08:15:49Z INFO Terminal] WRITE LINE: 2024-10-08 08:15:49Z: Listening for Jobs
[2024-10-08 08:15:49Z INFO JobDispatcher] Set runner/worker IPC timeout to 30 seconds.
[2024-10-08 08:15:49Z INFO MessageListener] BrokerMigration message received. Polling Broker for messages...
[2024-10-08 08:15:49Z INFO RSAEncryptedFileKeyManager] Loading RSA key parameters from file C:\Users\kunjm\OneDrive\Desktop\Project\CI-CD Pipeline\actions-runner\actions-runner-win-x64-2.320.0\.credentials_rsaparams
[2024-10-08 08:15:50Z INFO GitHubActionsService] AAD Correlation ID for this token request: Unknown
[2024-10-08 08:16:41Z ERR  GitHubActionsService] GET request to https://pipelinesghubeus3.actions.githubusercontent.com/cMIS5mXhHSWRVrPhTKq1oMYrX5NahzhHpp1yins7Qw9TqExS1R/_apis/distributedtask/pools/1/messages?sessionId=23af60a1-08b1-4b40-9e61-d1976006e5ca&status=Online&runnerVersion=2.320.0&os=Windows&architecture=X64&disableUpdate=false failed. HTTP Status: Forbidden
[2024-10-08 08:16:41Z ERR  MessageListener] Catch exception during get next message.
[2024-10-08 08:16:41Z ERR  MessageListener] GitHub.DistributedTask.WebApi.AccessDeniedException: Access denied. System:ServiceIdentity;DDDDDDDD-DDDD-DDDD-DDDD-DDDDDDDDDDDD needs View permissions to perform the action.
   at GitHub.Services.WebApi.VssHttpClientBase.HandleResponseAsync(HttpResponseMessage response, CancellationToken cancellationToken)
   at GitHub.Services.WebApi.VssHttpClientBase.SendAsync(HttpRequestMessage message, HttpCompletionOption completionOption, Object userState, CancellationToken cancellationToken)
   at GitHub.Services.WebApi.VssHttpClientBase.SendAsync[T](HttpRequestMessage message, Object userState, CancellationToken cancellationToken)
   at GitHub.Services.WebApi.VssHttpClientBase.SendAsync[T](HttpMethod method, IEnumerable`1 additionalHeaders, Guid locationId, Object routeValues, ApiResourceVersion version, HttpContent content, IEnumerable`1 queryParameters, Object userState, CancellationToken cancellationToken)
   at GitHub.Runner.Listener.MessageListener.GetNextMessageAsync(CancellationToken token)
[2024-10-08 08:16:41Z INFO MessageListener] Non-retriable exception: Access denied. System:ServiceIdentity;DDDDDDDD-DDDD-DDDD-DDDD-DDDDDDDDDDDD needs View permissions to perform the action.
[2024-10-08 08:16:41Z INFO JobDispatcher] Shutting down JobDispatcher. Make sure all WorkerDispatcher has finished.
[2024-10-08 08:16:41Z INFO Runner] Deleting Runner Session...
[2024-10-08 08:16:42Z ERR  GitHubActionsService] DELETE request to https://pipelinesghubeus3.actions.githubusercontent.com/cMIS5mXhHSWRVrPhTKq1oMYrX5NahzhHpp1yins7Qw9TqExS1R/_apis/distributedtask/pools/1/sessions/23af60a1-08b1-4b40-9e61-d1976006e5ca failed. HTTP Status: Forbidden
[2024-10-08 08:16:42Z ERR  Terminal] WRITE ERROR: An error occurred: Access denied. System:ServiceIdentity;DDDDDDDD-DDDD-DDDD-DDDD-DDDDDDDDDDDD needs View permissions to perform the action.
[2024-10-08 08:16:42Z ERR  Listener] GitHub.DistributedTask.WebApi.AccessDeniedException: Access denied. System:ServiceIdentity;DDDDDDDD-DDDD-DDDD-DDDD-DDDDDDDDDDDD needs View permissions to perform the action.
   at GitHub.Services.WebApi.VssHttpClientBase.HandleResponseAsync(HttpResponseMessage response, CancellationToken cancellationToken)
   at GitHub.Services.WebApi.VssHttpClientBase.SendAsync(HttpRequestMessage message, HttpCompletionOption completionOption, Object userState, CancellationToken cancellationToken)
   at GitHub.Services.WebApi.VssHttpClientBase.SendAsync(HttpMethod method, Guid locationId, Object routeValues, ApiResourceVersion version, HttpContent content, IEnumerable`1 queryParameters, Object userState, CancellationToken cancellationToken)
   at GitHub.DistributedTask.WebApi.TaskAgentHttpClientBase.DeleteAgentSessionAsync(Int32 poolId, Guid sessionId, Object userState, CancellationToken cancellationToken)
   at GitHub.Runner.Listener.MessageListener.DeleteSessionAsync()
   at GitHub.Runner.Listener.Runner.RunAsync(RunnerSettings settings, Boolean runOnce)
   at GitHub.Runner.Listener.Runner.ExecuteCommand(CommandSettings command)
   at GitHub.Runner.Listener.Program.MainAsync(IHostContext context, String[] args)
