[2024-10-08 07:27:47Z INFO HostContext] No proxy settings were found based on environmental variables (http_proxy/https_proxy/HTTP_PROXY/HTTPS_PROXY)
[2024-10-08 07:27:47Z INFO HostContext] Well known directory 'Bin': 'C:\Users\kunjm\OneDrive\Desktop\Project\CI-CD Pipeline\actions-runner\actions-runner-win-x64-2.320.0\bin'
[2024-10-08 07:27:47Z INFO HostContext] Well known directory 'Root': 'C:\Users\kunjm\OneDrive\Desktop\Project\CI-CD Pipeline\actions-runner\actions-runner-win-x64-2.320.0'
[2024-10-08 07:27:47Z INFO HostContext] Well known config file 'Credentials': 'C:\Users\kunjm\OneDrive\Desktop\Project\CI-CD Pipeline\actions-runner\actions-runner-win-x64-2.320.0\.credentials'
[2024-10-08 07:27:47Z INFO HostContext] Well known directory 'Bin': 'C:\Users\kunjm\OneDrive\Desktop\Project\CI-CD Pipeline\actions-runner\actions-runner-win-x64-2.320.0\bin'
[2024-10-08 07:27:47Z INFO HostContext] Well known directory 'Root': 'C:\Users\kunjm\OneDrive\Desktop\Project\CI-CD Pipeline\actions-runner\actions-runner-win-x64-2.320.0'
[2024-10-08 07:27:47Z INFO HostContext] Well known config file 'Runner': 'C:\Users\kunjm\OneDrive\Desktop\Project\CI-CD Pipeline\actions-runner\actions-runner-win-x64-2.320.0\.runner'
[2024-10-08 07:27:47Z INFO Listener] Runner is built for Windows (X64) - win-x64.
[2024-10-08 07:27:47Z INFO Listener] RuntimeInformation: Microsoft Windows 10.0.22631.
[2024-10-08 07:27:47Z INFO Listener] Version: 2.320.0
[2024-10-08 07:27:47Z INFO Listener] Commit: 78f21670b4a58aff19b5189207f54eb2bee324d1
[2024-10-08 07:27:47Z INFO Listener] Culture: en-US
[2024-10-08 07:27:47Z INFO Listener] UI Culture: en-US
[2024-10-08 07:27:47Z INFO HostContext] Well known directory 'Bin': 'C:\Users\kunjm\OneDrive\Desktop\Project\CI-CD Pipeline\actions-runner\actions-runner-win-x64-2.320.0\bin'
[2024-10-08 07:27:47Z INFO HostContext] Well known directory 'Root': 'C:\Users\kunjm\OneDrive\Desktop\Project\CI-CD Pipeline\actions-runner\actions-runner-win-x64-2.320.0'
[2024-10-08 07:27:47Z INFO Listener] Validating directory permissions for: 'C:\Users\kunjm\OneDrive\Desktop\Project\CI-CD Pipeline\actions-runner\actions-runner-win-x64-2.320.0'
[2024-10-08 07:27:47Z INFO CommandLineParser] Parse
[2024-10-08 07:27:47Z INFO CommandLineParser] Parsing 1 args
[2024-10-08 07:27:47Z INFO CommandLineParser] parsing argument
[2024-10-08 07:27:47Z INFO CommandLineParser] HasArgs: False
[2024-10-08 07:27:47Z INFO CommandLineParser] Adding Command: run
[2024-10-08 07:27:47Z INFO Listener] Arguments parsed
[2024-10-08 07:27:47Z INFO Runner] ExecuteCommand
[2024-10-08 07:27:47Z INFO ConfigurationStore] currentAssemblyLocation: C:\Users\kunjm\OneDrive\Desktop\Project\CI-CD Pipeline\actions-runner\actions-runner-win-x64-2.320.0\bin\Runner.Listener.dll
[2024-10-08 07:27:47Z INFO HostContext] Well known directory 'Bin': 'C:\Users\kunjm\OneDrive\Desktop\Project\CI-CD Pipeline\actions-runner\actions-runner-win-x64-2.320.0\bin'
[2024-10-08 07:27:47Z INFO ConfigurationStore] binPath: C:\Users\kunjm\OneDrive\Desktop\Project\CI-CD Pipeline\actions-runner\actions-runner-win-x64-2.320.0\bin
[2024-10-08 07:27:47Z INFO HostContext] Well known directory 'Bin': 'C:\Users\kunjm\OneDrive\Desktop\Project\CI-CD Pipeline\actions-runner\actions-runner-win-x64-2.320.0\bin'
[2024-10-08 07:27:47Z INFO HostContext] Well known directory 'Root': 'C:\Users\kunjm\OneDrive\Desktop\Project\CI-CD Pipeline\actions-runner\actions-runner-win-x64-2.320.0'
[2024-10-08 07:27:47Z INFO ConfigurationStore] RootFolder: C:\Users\kunjm\OneDrive\Desktop\Project\CI-CD Pipeline\actions-runner\actions-runner-win-x64-2.320.0
[2024-10-08 07:27:47Z INFO HostContext] Well known directory 'Bin': 'C:\Users\kunjm\OneDrive\Desktop\Project\CI-CD Pipeline\actions-runner\actions-runner-win-x64-2.320.0\bin'
[2024-10-08 07:27:47Z INFO HostContext] Well known directory 'Root': 'C:\Users\kunjm\OneDrive\Desktop\Project\CI-CD Pipeline\actions-runner\actions-runner-win-x64-2.320.0'
[2024-10-08 07:27:47Z INFO HostContext] Well known config file 'Runner': 'C:\Users\kunjm\OneDrive\Desktop\Project\CI-CD Pipeline\actions-runner\actions-runner-win-x64-2.320.0\.runner'
[2024-10-08 07:27:47Z INFO ConfigurationStore] ConfigFilePath: C:\Users\kunjm\OneDrive\Desktop\Project\CI-CD Pipeline\actions-runner\actions-runner-win-x64-2.320.0\.runner
[2024-10-08 07:27:47Z INFO HostContext] Well known directory 'Bin': 'C:\Users\kunjm\OneDrive\Desktop\Project\CI-CD Pipeline\actions-runner\actions-runner-win-x64-2.320.0\bin'
[2024-10-08 07:27:47Z INFO HostContext] Well known directory 'Root': 'C:\Users\kunjm\OneDrive\Desktop\Project\CI-CD Pipeline\actions-runner\actions-runner-win-x64-2.320.0'
[2024-10-08 07:27:47Z INFO HostContext] Well known config file 'Credentials': 'C:\Users\kunjm\OneDrive\Desktop\Project\CI-CD Pipeline\actions-runner\actions-runner-win-x64-2.320.0\.credentials'
[2024-10-08 07:27:47Z INFO ConfigurationStore] CredFilePath: C:\Users\kunjm\OneDrive\Desktop\Project\CI-CD Pipeline\actions-runner\actions-runner-win-x64-2.320.0\.credentials
[2024-10-08 07:27:47Z INFO HostContext] Well known directory 'Bin': 'C:\Users\kunjm\OneDrive\Desktop\Project\CI-CD Pipeline\actions-runner\actions-runner-win-x64-2.320.0\bin'
[2024-10-08 07:27:47Z INFO HostContext] Well known directory 'Root': 'C:\Users\kunjm\OneDrive\Desktop\Project\CI-CD Pipeline\actions-runner\actions-runner-win-x64-2.320.0'
[2024-10-08 07:27:47Z INFO HostContext] Well known config file 'MigratedCredentials': 'C:\Users\kunjm\OneDrive\Desktop\Project\CI-CD Pipeline\actions-runner\actions-runner-win-x64-2.320.0\.credentials_migrated'
[2024-10-08 07:27:47Z INFO ConfigurationStore] MigratedCredFilePath: C:\Users\kunjm\OneDrive\Desktop\Project\CI-CD Pipeline\actions-runner\actions-runner-win-x64-2.320.0\.credentials_migrated
[2024-10-08 07:27:47Z INFO HostContext] Well known directory 'Bin': 'C:\Users\kunjm\OneDrive\Desktop\Project\CI-CD Pipeline\actions-runner\actions-runner-win-x64-2.320.0\bin'
[2024-10-08 07:27:47Z INFO HostContext] Well known directory 'Root': 'C:\Users\kunjm\OneDrive\Desktop\Project\CI-CD Pipeline\actions-runner\actions-runner-win-x64-2.320.0'
[2024-10-08 07:27:47Z INFO HostContext] Well known config file 'Service': 'C:\Users\kunjm\OneDrive\Desktop\Project\CI-CD Pipeline\actions-runner\actions-runner-win-x64-2.320.0\.service'
[2024-10-08 07:27:47Z INFO ConfigurationStore] ServiceConfigFilePath: C:\Users\kunjm\OneDrive\Desktop\Project\CI-CD Pipeline\actions-runner\actions-runner-win-x64-2.320.0\.service
[2024-10-08 07:27:47Z INFO CommandSettings] Flag 'help': 'False'
[2024-10-08 07:27:47Z INFO CommandSettings] Flag 'version': 'False'
[2024-10-08 07:27:47Z INFO CommandSettings] Flag 'commit': 'False'
[2024-10-08 07:27:47Z INFO CommandSettings] Flag 'check': 'False'
[2024-10-08 07:27:47Z INFO CommandSettings] Command 'configure': 'False'
[2024-10-08 07:27:47Z INFO CommandSettings] Command 'remove': 'False'
[2024-10-08 07:27:47Z INFO CommandSettings] Command 'warmup': 'False'
[2024-10-08 07:27:47Z INFO ConfigurationManager] LoadSettings
[2024-10-08 07:27:47Z INFO ConfigurationStore] IsConfigured()
[2024-10-08 07:27:47Z INFO ConfigurationStore] IsConfigured: True
[2024-10-08 07:27:47Z INFO ConfigurationManager] Is configured: True
[2024-10-08 07:27:47Z INFO ConfigurationStore] Read setting file: 302 chars
[2024-10-08 07:27:47Z INFO ConfigurationManager] Settings Loaded
[2024-10-08 07:27:47Z INFO ConfigurationStore] IsServiceConfigured()
[2024-10-08 07:27:47Z INFO ConfigurationStore] IsServiceConfigured: False
[2024-10-08 07:27:47Z INFO CommandSettings] Command 'run': 'True'
[2024-10-08 07:27:47Z INFO ConfigurationStore] IsConfigured()
[2024-10-08 07:27:47Z INFO ConfigurationStore] IsConfigured: True
[2024-10-08 07:27:47Z INFO ConfigurationManager] Is configured: True
[2024-10-08 07:27:47Z INFO Runner] Could not parse the argument value '' for StartupType. Defaulting to Manual
[2024-10-08 07:27:47Z INFO Runner] Set runner startup type - Manual
[2024-10-08 07:27:47Z INFO CommandSettings] Flag 'once': 'False'
[2024-10-08 07:27:47Z INFO CommandSettings] Flag 'once': 'False'
[2024-10-08 07:27:47Z INFO Runner] RunAsync
[2024-10-08 07:27:47Z INFO ConfigurationManager] LoadSettings
[2024-10-08 07:27:47Z INFO ConfigurationStore] IsConfigured()
[2024-10-08 07:27:47Z INFO ConfigurationStore] IsConfigured: True
[2024-10-08 07:27:47Z INFO ConfigurationManager] Is configured: True
[2024-10-08 07:27:47Z INFO ConfigurationManager] Settings Loaded
[2024-10-08 07:27:47Z INFO MessageListener] {
  "AgentId": 2,
  "AgentName": "KUNJ",
  "PoolId": 1,
  "PoolName": "Default",
  "ServerUrl": "https://pipelinesghubeus3.actions.githubusercontent.com/cMIS5mXhHSWRVrPhTKq1oMYrX5NahzhHpp1yins7Qw9TqExS1R/",
  "GitHubUrl": "https://github.com/Kunj-Mori/MERN-DashBoard",
  "WorkFolder": "_work"
}
[2024-10-08 07:27:47Z INFO MessageListener] Loading Credentials
[2024-10-08 07:27:47Z INFO ConfigurationStore] HasCredentials()
[2024-10-08 07:27:47Z INFO ConfigurationStore] stored True
[2024-10-08 07:27:47Z INFO CredentialManager] GetCredentialProvider
[2024-10-08 07:27:47Z INFO CredentialManager] Creating type OAuth
[2024-10-08 07:27:47Z INFO CredentialManager] Creating credential type: OAuth
[2024-10-08 07:27:47Z INFO HostContext] Well known directory 'Bin': 'C:\Users\kunjm\OneDrive\Desktop\Project\CI-CD Pipeline\actions-runner\actions-runner-win-x64-2.320.0\bin'
[2024-10-08 07:27:47Z INFO HostContext] Well known directory 'Root': 'C:\Users\kunjm\OneDrive\Desktop\Project\CI-CD Pipeline\actions-runner\actions-runner-win-x64-2.320.0'
[2024-10-08 07:27:47Z INFO HostContext] Well known config file 'RSACredentials': 'C:\Users\kunjm\OneDrive\Desktop\Project\CI-CD Pipeline\actions-runner\actions-runner-win-x64-2.320.0\.credentials_rsaparams'
[2024-10-08 07:27:47Z INFO RSAEncryptedFileKeyManager] Loading RSA key parameters from file C:\Users\kunjm\OneDrive\Desktop\Project\CI-CD Pipeline\actions-runner\actions-runner-win-x64-2.320.0\.credentials_rsaparams
[2024-10-08 07:27:47Z INFO MessageListener] Attempt to create session.
[2024-10-08 07:27:47Z INFO MessageListener] Connecting to the Runner Server...
[2024-10-08 07:27:47Z INFO RunnerServer] EstablishVssConnection
[2024-10-08 07:27:47Z INFO RunnerServer] Establish connection with 100 seconds timeout.
[2024-10-08 07:27:47Z INFO GitHubActionsService] Starting operation Location.GetConnectionData
[2024-10-08 07:27:47Z INFO RunnerServer] EstablishVssConnection
[2024-10-08 07:27:47Z INFO RunnerServer] Establish connection with 60 seconds timeout.
[2024-10-08 07:27:47Z INFO GitHubActionsService] Starting operation Location.GetConnectionData
[2024-10-08 07:27:47Z INFO RunnerServer] EstablishVssConnection
[2024-10-08 07:27:47Z INFO RunnerServer] Establish connection with 60 seconds timeout.
[2024-10-08 07:27:47Z INFO GitHubActionsService] Starting operation Location.GetConnectionData
[2024-10-08 07:27:48Z INFO GitHubActionsService] Finished operation Location.GetConnectionData
[2024-10-08 07:27:48Z INFO GitHubActionsService] Finished operation Location.GetConnectionData
[2024-10-08 07:27:48Z INFO GitHubActionsService] Finished operation Location.GetConnectionData
[2024-10-08 07:27:49Z INFO GitHubActionsService] Starting operation Location.GetConnectionData
[2024-10-08 07:27:49Z INFO GitHubActionsService] Finished operation Location.GetConnectionData
[2024-10-08 07:27:49Z INFO MessageListener] VssConnection created
[2024-10-08 07:27:49Z INFO Terminal] WRITE LINE: 
[2024-10-08 07:27:49Z INFO Terminal] WRITE LINE: 
[2024-10-08 07:27:50Z INFO RSAEncryptedFileKeyManager] Loading RSA key parameters from file C:\Users\kunjm\OneDrive\Desktop\Project\CI-CD Pipeline\actions-runner\actions-runner-win-x64-2.320.0\.credentials_rsaparams
[2024-10-08 07:27:50Z INFO RSAEncryptedFileKeyManager] Loading RSA key parameters from file C:\Users\kunjm\OneDrive\Desktop\Project\CI-CD Pipeline\actions-runner\actions-runner-win-x64-2.320.0\.credentials_rsaparams
[2024-10-08 07:27:51Z INFO GitHubActionsService] AAD Correlation ID for this token request: Unknown
[2024-10-08 07:27:51Z INFO MessageListener] Session created.
[2024-10-08 07:27:51Z INFO Terminal] WRITE LINE: Current runner version: '2.320.0'
[2024-10-08 07:27:51Z INFO Terminal] WRITE LINE: 2024-10-08 07:27:51Z: Listening for Jobs
[2024-10-08 07:27:51Z INFO JobDispatcher] Set runner/worker IPC timeout to 30 seconds.
[2024-10-08 07:27:51Z INFO MessageListener] BrokerMigration message received. Polling Broker for messages...
[2024-10-08 07:27:51Z INFO RSAEncryptedFileKeyManager] Loading RSA key parameters from file C:\Users\kunjm\OneDrive\Desktop\Project\CI-CD Pipeline\actions-runner\actions-runner-win-x64-2.320.0\.credentials_rsaparams
[2024-10-08 07:27:52Z INFO GitHubActionsService] AAD Correlation ID for this token request: Unknown
[2024-10-08 07:27:55Z INFO MessageListener] Message '281999644283320321' received from session 'bccc4c5a-05fc-4aab-8d02-b4008370d2de'.
[2024-10-08 07:27:55Z INFO ConfigurationStore] HasCredentials()
[2024-10-08 07:27:55Z INFO ConfigurationStore] stored True
[2024-10-08 07:27:55Z INFO CredentialManager] GetCredentialProvider
[2024-10-08 07:27:55Z INFO CredentialManager] Creating type OAuth
[2024-10-08 07:27:55Z INFO CredentialManager] Creating credential type: OAuth
[2024-10-08 07:27:55Z INFO RSAEncryptedFileKeyManager] Loading RSA key parameters from file C:\Users\kunjm\OneDrive\Desktop\Project\CI-CD Pipeline\actions-runner\actions-runner-win-x64-2.320.0\.credentials_rsaparams
[2024-10-08 07:27:55Z INFO ActionsRunServer] EstablishVssConnection
[2024-10-08 07:27:55Z INFO ActionsRunServer] Establish connection with 100 seconds timeout.
[2024-10-08 07:27:55Z INFO GitHubActionsService] Starting operation Location.GetConnectionData
[2024-10-08 07:27:55Z INFO GitHubActionsService] Finished operation Location.GetConnectionData
[2024-10-08 07:27:56Z INFO RSAEncryptedFileKeyManager] Loading RSA key parameters from file C:\Users\kunjm\OneDrive\Desktop\Project\CI-CD Pipeline\actions-runner\actions-runner-win-x64-2.320.0\.credentials_rsaparams
[2024-10-08 07:27:56Z INFO RSAEncryptedFileKeyManager] Loading RSA key parameters from file C:\Users\kunjm\OneDrive\Desktop\Project\CI-CD Pipeline\actions-runner\actions-runner-win-x64-2.320.0\.credentials_rsaparams
[2024-10-08 07:27:57Z INFO GitHubActionsService] AAD Correlation ID for this token request: Unknown
[2024-10-08 07:27:57Z INFO JobDispatcher] Job request 1 for plan 21b7b3ea-6a03-4a5a-89f5-946c8fb926d1 job e07742bd-189a-5079-918b-43f8b2f94b89 received.
[2024-10-08 07:27:57Z INFO JobDispatcher] Pull OrchestrationId 21b7b3ea-6a03-4a5a-89f5-946c8fb926d1.deploy.__default from JWT claims
[2024-10-08 07:27:57Z INFO MessageListener] Received job status event. JobState: Busy
[2024-10-08 07:27:57Z INFO MessageListener] _getMessagesTokenSource is already disposed.
[2024-10-08 07:27:57Z INFO Terminal] WRITE LINE: 2024-10-08 07:27:57Z: Running job: deploy
[2024-10-08 07:27:57Z INFO JobDispatcher] Start renew job request 1 for job e07742bd-189a-5079-918b-43f8b2f94b89.
[2024-10-08 07:27:58Z INFO JobDispatcher] Successfully renew job request 1, job is valid till 10/8/2024 7:37:57 AM
[2024-10-08 07:27:58Z INFO HostContext] Well known directory 'Bin': 'C:\Users\kunjm\OneDrive\Desktop\Project\CI-CD Pipeline\actions-runner\actions-runner-win-x64-2.320.0\bin'
[2024-10-08 07:27:58Z INFO ProcessInvokerWrapper] Starting process:
[2024-10-08 07:27:58Z INFO ProcessInvokerWrapper]   File name: 'C:\Users\kunjm\OneDrive\Desktop\Project\CI-CD Pipeline\actions-runner\actions-runner-win-x64-2.320.0\bin\Runner.Worker.exe'
[2024-10-08 07:27:58Z INFO ProcessInvokerWrapper]   Arguments: 'spawnclient 2280 2336'
[2024-10-08 07:27:58Z INFO ProcessInvokerWrapper]   Working directory: 'C:\Users\kunjm\OneDrive\Desktop\Project\CI-CD Pipeline\actions-runner\actions-runner-win-x64-2.320.0\bin'
[2024-10-08 07:27:58Z INFO ProcessInvokerWrapper]   Require exit code zero: 'False'
[2024-10-08 07:27:58Z INFO ProcessInvokerWrapper]   Encoding web name:  ; code page: ''
[2024-10-08 07:27:58Z INFO ProcessInvokerWrapper]   Force kill process on cancellation: 'True'
[2024-10-08 07:27:58Z INFO ProcessInvokerWrapper]   Redirected STDIN: 'False'
[2024-10-08 07:27:58Z INFO ProcessInvokerWrapper]   Persist current code page: 'False'
[2024-10-08 07:27:58Z INFO ProcessInvokerWrapper]   Keep redirected STDIN open: 'False'
[2024-10-08 07:27:58Z INFO ProcessInvokerWrapper]   High priority process: 'True'
[2024-10-08 07:27:59Z INFO ProcessInvokerWrapper] Process started with process id 13880, waiting for process exit.
[2024-10-08 07:27:59Z INFO JobDispatcher] Send job request message to worker for job e07742bd-189a-5079-918b-43f8b2f94b89.
[2024-10-08 07:27:59Z INFO ProcessChannel] Sending message of length 26683, with hash '543ca5c581bfa25fe82e16556d0f5fc951609e19f34d344579daf027188688f6'
[2024-10-08 07:27:59Z INFO MessageListener] BrokerMigration message received. Polling Broker for messages...
[2024-10-08 07:27:59Z INFO JobNotification] Entering JobStarted Notification
[2024-10-08 07:27:59Z INFO JobNotification] Entering StartMonitor
[2024-10-08 07:28:50Z INFO MessageListener] BrokerMigration message received. Polling Broker for messages...
[2024-10-08 07:28:59Z INFO JobDispatcher] Successfully renew job request 1, job is valid till 10/8/2024 7:38:58 AM
[2024-10-08 07:29:40Z INFO MessageListener] BrokerMigration message received. Polling Broker for messages...
[2024-10-08 07:29:59Z INFO JobDispatcher] Successfully renew job request 1, job is valid till 10/8/2024 7:39:58 AM
[2024-10-08 07:30:31Z INFO MessageListener] BrokerMigration message received. Polling Broker for messages...
[2024-10-08 07:31:05Z WARN GitHubActionsService] Attempt 1 of PATCH request to https://pipelinesghubeus3.actions.githubusercontent.com/cMIS5mXhHSWRVrPhTKq1oMYrX5NahzhHpp1yins7Qw9TqExS1R/_apis/distributedtask/pools/1/jobrequests/1?lockToken=00000000-0000-0000-0000-000000000000 failed (Socket Error: ConnectionReset). The operation will be retried in 11.136 seconds.
[2024-10-08 07:31:17Z INFO JobDispatcher] Successfully renew job request 1, job is valid till 10/8/2024 7:41:16 AM
[2024-10-08 07:31:21Z INFO MessageListener] BrokerMigration message received. Polling Broker for messages...
[2024-10-08 07:32:12Z INFO MessageListener] BrokerMigration message received. Polling Broker for messages...
[2024-10-08 07:32:18Z INFO JobDispatcher] Successfully renew job request 1, job is valid till 10/8/2024 7:42:17 AM
[2024-10-08 07:33:03Z INFO MessageListener] BrokerMigration message received. Polling Broker for messages...
[2024-10-08 07:33:18Z INFO JobDispatcher] Successfully renew job request 1, job is valid till 10/8/2024 7:43:17 AM
[2024-10-08 07:33:53Z INFO MessageListener] BrokerMigration message received. Polling Broker for messages...
[2024-10-08 07:34:18Z INFO JobDispatcher] Successfully renew job request 1, job is valid till 10/8/2024 7:44:17 AM
[2024-10-08 07:34:44Z INFO MessageListener] BrokerMigration message received. Polling Broker for messages...
[2024-10-08 07:35:18Z INFO JobDispatcher] Successfully renew job request 1, job is valid till 10/8/2024 7:45:17 AM
[2024-10-08 07:35:34Z INFO MessageListener] BrokerMigration message received. Polling Broker for messages...
[2024-10-08 07:36:19Z INFO JobDispatcher] Successfully renew job request 1, job is valid till 10/8/2024 7:46:18 AM
[2024-10-08 07:36:25Z INFO MessageListener] BrokerMigration message received. Polling Broker for messages...
[2024-10-08 07:37:16Z INFO MessageListener] BrokerMigration message received. Polling Broker for messages...
[2024-10-08 07:37:19Z INFO JobDispatcher] Successfully renew job request 1, job is valid till 10/8/2024 7:47:18 AM
[2024-10-08 07:37:51Z INFO Terminal] WRITE LINE: Exiting...
[2024-10-08 07:37:51Z INFO ConfigurationStore] IsServiceConfigured()
[2024-10-08 07:37:51Z INFO ConfigurationStore] IsServiceConfigured: False
[2024-10-08 07:37:51Z INFO HostContext] Runner will be shutdown for UserCancelled
[2024-10-08 07:37:51Z WARN GitHubActionsService] GET request to https://broker.actions.githubusercontent.com/message?sessionId=bccc4c5a-05fc-4aab-8d02-b4008370d2de&status=Busy&runnerVersion=2.320.0&os=Windows&architecture=X64&disableUpdate=false has been cancelled.
[2024-10-08 07:37:51Z ERR  BrokerServer] Catch exception during request
[2024-10-08 07:37:51Z ERR  BrokerServer] System.Threading.Tasks.TaskCanceledException: The operation was canceled.
 ---> System.IO.IOException: Unable to read data from the transport connection: The I/O operation has been aborted because of either a thread exit or an application request..
 ---> System.Net.Sockets.SocketException (995): The I/O operation has been aborted because of either a thread exit or an application request.
   --- End of inner exception stack trace ---
   at System.Net.Sockets.Socket.AwaitableSocketAsyncEventArgs.ThrowException(SocketError error, CancellationToken cancellationToken)
   at System.Net.Sockets.Socket.AwaitableSocketAsyncEventArgs.System.Threading.Tasks.Sources.IValueTaskSource<System.Int32>.GetResult(Int16 token)
   at System.Net.Security.SslStream.EnsureFullTlsFrameAsync[TIOAdapter](TIOAdapter adapter)
   at System.Net.Security.SslStream.ReadAsyncInternal[TIOAdapter](TIOAdapter adapter, Memory`1 buffer)
   at System.Net.Http.HttpConnection.SendAsyncCore(HttpRequestMessage request, Boolean async, CancellationToken cancellationToken)
   --- End of inner exception stack trace ---
   at System.Net.Http.HttpClient.HandleFailure(Exception e, Boolean telemetryStarted, HttpResponseMessage response, CancellationTokenSource cts, CancellationToken cancellationToken, CancellationTokenSource pendingRequestsCts)
   at System.Net.Http.HttpClient.<SendAsync>g__Core|83_0(HttpRequestMessage request, HttpCompletionOption completionOption, CancellationTokenSource cts, Boolean disposeCts, CancellationTokenSource pendingRequestsCts, CancellationToken originalCancellationToken)
   at Sdk.WebApi.WebApi.RawHttpClientBase.SendAsync(HttpRequestMessage message, HttpCompletionOption completionOption, Object userState, CancellationToken cancellationToken)
   at Sdk.WebApi.WebApi.RawHttpClientBase.SendAsync[T](HttpRequestMessage message, Boolean readErrorBody, Object userState, CancellationToken cancellationToken)
   at Sdk.WebApi.WebApi.RawHttpClientBase.SendAsync[T](HttpMethod method, IEnumerable`1 additionalHeaders, Uri requestUri, HttpContent content, IEnumerable`1 queryParameters, Boolean readErrorBody, Object userState, CancellationToken cancellationToken)
   at GitHub.Actions.RunService.WebApi.BrokerHttpClient.GetRunnerMessageAsync(Nullable`1 sessionId, String runnerVersion, Nullable`1 status, String os, String architecture, Nullable`1 disableUpdate, CancellationToken cancellationToken)
   at GitHub.Runner.Common.BrokerServer.<>c__DisplayClass7_0.<<GetRunnerMessageAsync>b__0>d.MoveNext()
--- End of stack trace from previous location ---
   at GitHub.Runner.Common.RunnerService.RetryRequest[T](Func`1 func, CancellationToken cancellationToken, Int32 maxRetryAttemptsCount, Func`2 shouldRetry)
[2024-10-08 07:37:51Z ERR  BrokerServer] #####################################################
[2024-10-08 07:37:51Z ERR  BrokerServer] System.IO.IOException: Unable to read data from the transport connection: The I/O operation has been aborted because of either a thread exit or an application request..
 ---> System.Net.Sockets.SocketException (995): The I/O operation has been aborted because of either a thread exit or an application request.
   --- End of inner exception stack trace ---
   at System.Net.Sockets.Socket.AwaitableSocketAsyncEventArgs.ThrowException(SocketError error, CancellationToken cancellationToken)
   at System.Net.Sockets.Socket.AwaitableSocketAsyncEventArgs.System.Threading.Tasks.Sources.IValueTaskSource<System.Int32>.GetResult(Int16 token)
   at System.Net.Security.SslStream.EnsureFullTlsFrameAsync[TIOAdapter](TIOAdapter adapter)
   at System.Net.Security.SslStream.ReadAsyncInternal[TIOAdapter](TIOAdapter adapter, Memory`1 buffer)
   at System.Net.Http.HttpConnection.SendAsyncCore(HttpRequestMessage request, Boolean async, CancellationToken cancellationToken)
[2024-10-08 07:37:51Z ERR  BrokerServer] #####################################################
[2024-10-08 07:37:51Z ERR  BrokerServer] System.Net.Sockets.SocketException (995): The I/O operation has been aborted because of either a thread exit or an application request.
[2024-10-08 07:37:51Z WARN BrokerServer] Back off 6.904 seconds before next retry. 4 attempt left.
[2024-10-08 07:37:51Z INFO MessageListener] Get next message has been cancelled.
[2024-10-08 07:37:51Z INFO JobDispatcher] Shutting down JobDispatcher. Make sure all WorkerDispatcher has finished.
[2024-10-08 07:37:51Z INFO JobDispatcher] Ensure WorkerDispatcher for job e07742bd-189a-5079-918b-43f8b2f94b89 run to finish, cancel any running job.
[2024-10-08 07:37:51Z INFO JobDispatcher] Send job cancellation message to worker for job e07742bd-189a-5079-918b-43f8b2f94b89.
[2024-10-08 07:37:51Z INFO ProcessChannel] Sending message of length 0, with hash 'e3b0c44298fc1c149afbf4c8996fb92427ae41e4649b934ca495991b7852b855'
[2024-10-08 07:38:05Z INFO ProcessInvokerWrapper] STDOUT/STDERR stream read finished.
[2024-10-08 07:38:05Z INFO ProcessInvokerWrapper] STDOUT/STDERR stream read finished.
[2024-10-08 07:38:05Z INFO ProcessInvokerWrapper] Finished process 13880 with exit code 102, and elapsed time 00:10:07.0832318.
[2024-10-08 07:38:05Z INFO JobDispatcher] finish job request for job e07742bd-189a-5079-918b-43f8b2f94b89 with result: Canceled
[2024-10-08 07:38:05Z INFO Terminal] WRITE LINE: 2024-10-08 07:38:05Z: Job deploy completed with result: Canceled
[2024-10-08 07:38:05Z INFO JobDispatcher] Stop renew job request for job e07742bd-189a-5079-918b-43f8b2f94b89.
[2024-10-08 07:38:05Z INFO JobDispatcher] job renew has been cancelled, stop renew job request 1.
[2024-10-08 07:38:05Z INFO JobNotification] Entering JobCompleted Notification
[2024-10-08 07:38:05Z INFO JobNotification] Entering EndMonitor
[2024-10-08 07:38:05Z INFO Runner] Deleting Runner Session...
[2024-10-08 07:38:05Z INFO Listener] Runner execution been cancelled.
