[2024-10-08 07:52:58Z INFO HostContext] No proxy settings were found based on environmental variables (http_proxy/https_proxy/HTTP_PROXY/HTTPS_PROXY)
[2024-10-08 07:52:58Z INFO HostContext] Well known directory 'Bin': 'C:\Users\kunjm\OneDrive\Desktop\Project\CI-CD Pipeline\actions-runner\actions-runner-win-x64-2.320.0\bin'
[2024-10-08 07:52:58Z INFO HostContext] Well known directory 'Root': 'C:\Users\kunjm\OneDrive\Desktop\Project\CI-CD Pipeline\actions-runner\actions-runner-win-x64-2.320.0'
[2024-10-08 07:52:58Z INFO HostContext] Well known config file 'Credentials': 'C:\Users\kunjm\OneDrive\Desktop\Project\CI-CD Pipeline\actions-runner\actions-runner-win-x64-2.320.0\.credentials'
[2024-10-08 07:52:58Z INFO HostContext] Well known directory 'Bin': 'C:\Users\kunjm\OneDrive\Desktop\Project\CI-CD Pipeline\actions-runner\actions-runner-win-x64-2.320.0\bin'
[2024-10-08 07:52:58Z INFO HostContext] Well known directory 'Root': 'C:\Users\kunjm\OneDrive\Desktop\Project\CI-CD Pipeline\actions-runner\actions-runner-win-x64-2.320.0'
[2024-10-08 07:52:58Z INFO HostContext] Well known config file 'Runner': 'C:\Users\kunjm\OneDrive\Desktop\Project\CI-CD Pipeline\actions-runner\actions-runner-win-x64-2.320.0\.runner'
[2024-10-08 07:52:58Z INFO Worker] Version: 2.320.0
[2024-10-08 07:52:58Z INFO Worker] Commit: 78f21670b4a58aff19b5189207f54eb2bee324d1
[2024-10-08 07:52:58Z INFO Worker] Culture: en-US
[2024-10-08 07:52:58Z INFO Worker] UI Culture: en-US
[2024-10-08 07:52:58Z INFO Worker] Waiting to receive the job message from the channel.
[2024-10-08 07:52:58Z INFO ProcessChannel] Receiving message of length 26275, with hash '33b661a2e34e397f2fd2a92dee6ecb8b68cf3f5e1d18f965240781abf4e04875'
[2024-10-08 07:52:58Z INFO Worker] Message received.
[2024-10-08 07:52:59Z INFO Worker] Job message:
 {
  "fileTable": [
    ".github/workflows/deploy.yml"
  ],
  "mask": [
    {
      "type": "regex",
      "value": "***"
    },
    {
      "type": "regex",
      "value": "***"
    },
    {
      "type": "regex",
      "value": "***"
    },
    {
      "type": "regex",
      "value": "***"
    },
    {
      "type": "regex",
      "value": "***"
    },
    {
      "type": "regex",
      "value": "***"
    },
    {
      "type": "regex",
      "value": "***"
    },
    {
      "type": "regex",
      "value": "***"
    },
    {
      "type": "regex",
      "value": "***"
    },
    {
      "type": "regex",
      "value": "***"
    },
    {
      "type": "regex",
      "value": "***"
    },
    {
      "type": "regex",
      "value": "***"
    },
    {
      "type": "regex",
      "value": "***"
    },
    {
      "type": "regex",
      "value": "***"
    },
    {
      "type": "regex",
      "value": "***"
    },
    {
      "type": "regex",
      "value": "***"
    },
    {
      "type": "regex",
      "value": "***"
    },
    {
      "type": "regex",
      "value": "***"
    },
    {
      "type": "regex",
      "value": "***"
    }
  ],
  "steps": [
    {
      "type": "action",
      "reference": {
        "type": "repository",
        "name": "actions/checkout",
        "ref": "v2",
        "repositoryType": "GitHub",
        "path": ""
      },
      "displayNameToken": {
        "type": 0,
        "file": 1,
        "line": 15,
        "col": 13,
        "lit": "Checkout code"
      },
      "contextName": "__actions_checkout",
      "condition": "success()",
      "id": "ce4790b2-251e-5077-f66e-a464c6feb979",
      "name": "__actions_checkout"
    },
    {
      "type": "action",
      "reference": {
        "type": "repository",
        "name": "actions/setup-node",
        "ref": "v3",
        "repositoryType": "GitHub",
        "path": ""
      },
      "displayNameToken": {
        "type": 0,
        "file": 1,
        "line": 19,
        "col": 13,
        "lit": "Set up Node.js for client"
      },
      "contextName": "__actions_setup-node",
      "inputs": {
        "type": 2,
        "file": 1,
        "line": 22,
        "col": 9,
        "map": [
          {
            "key": {
              "type": 0,
              "file": 1,
              "line": 22,
              "col": 9,
              "lit": "node-version"
            },
            "value": {
              "type": 0,
              "file": 1,
              "line": 22,
              "col": 23,
              "lit": "14"
            }
          }
        ]
      },
      "condition": "success()",
      "id": "29ba7c0d-aae7-543a-036d-1328474448e9",
      "name": "__actions_setup-node"
    },
    {
      "type": "action",
      "reference": {
        "type": "script"
      },
      "displayNameToken": {
        "type": 0,
        "file": 1,
        "line": 25,
        "col": 13,
        "lit": "Install client dependencies"
      },
      "contextName": "__run",
      "inputs": {
        "type": 2,
        "map": [
          {
            "key": "script",
            "value": {
              "type": 0,
              "file": 1,
              "line": 26,
              "col": 12,
              "lit": "npm install"
            }
          },
          {
            "key": "workingDirectory",
            "value": {
              "type": 0,
              "file": 1,
              "line": 27,
              "col": 26,
              "lit": "C:\\Users\\kunjm\\OneDrive\\Desktop\\Project\\CI-CD Pipeline\\client"
            }
          }
        ]
      },
      "condition": "success()",
      "id": "d7dedd61-f0d4-52a7-2d12-40566bec885c",
      "name": "__run"
    },
    {
      "type": "action",
      "reference": {
        "type": "script"
      },
      "displayNameToken": {
        "type": 0,
        "file": 1,
        "line": 30,
        "col": 13,
        "lit": "Build client"
      },
      "contextName": "__run_2",
      "inputs": {
        "type": 2,
        "map": [
          {
            "key": "script",
            "value": {
              "type": 0,
              "file": 1,
              "line": 31,
              "col": 12,
              "lit": "npm run build"
            }
          },
          {
            "key": "workingDirectory",
            "value": {
              "type": 0,
              "file": 1,
              "line": 32,
              "col": 26,
              "lit": "C:\\Users\\kunjm\\OneDrive\\Desktop\\Project\\CI-CD Pipeline\\client"
            }
          }
        ]
      },
      "condition": "success()",
      "id": "b6da7b27-7b57-5afc-7be1-fd2cca5bc7d5",
      "name": "__run_2"
    },
    {
      "type": "action",
      "reference": {
        "type": "repository",
        "name": "actions/setup-node",
        "ref": "v3",
        "repositoryType": "GitHub",
        "path": ""
      },
      "displayNameToken": {
        "type": 0,
        "file": 1,
        "line": 35,
        "col": 13,
        "lit": "Set up Node.js for server"
      },
      "contextName": "__actions_setup-node_2",
      "inputs": {
        "type": 2,
        "file": 1,
        "line": 38,
        "col": 9,
        "map": [
          {
            "key": {
              "type": 0,
              "file": 1,
              "line": 38,
              "col": 9,
              "lit": "node-version"
            },
            "value": {
              "type": 0,
              "file": 1,
              "line": 38,
              "col": 23,
              "lit": "14"
            }
          }
        ]
      },
      "condition": "success()",
      "id": "f9dc9e3e-d0ad-5cfb-cf84-1e2be2c95f8e",
      "name": "__actions_setup-node_2"
    },
    {
      "type": "action",
      "reference": {
        "type": "script"
      },
      "displayNameToken": {
        "type": 0,
        "file": 1,
        "line": 41,
        "col": 13,
        "lit": "Install server dependencies"
      },
      "contextName": "__run_3",
      "inputs": {
        "type": 2,
        "map": [
          {
            "key": "script",
            "value": {
              "type": 0,
              "file": 1,
              "line": 42,
              "col": 12,
              "lit": "npm install"
            }
          },
          {
            "key": "workingDirectory",
            "value": {
              "type": 0,
              "file": 1,
              "line": 43,
              "col": 26,
              "lit": "C:\\Users\\kunjm\\OneDrive\\Desktop\\Project\\CI-CD Pipeline\\server"
            }
          }
        ]
      },
      "condition": "success()",
      "id": "2e11d75e-7fd1-5c13-7f66-069e3b0f8b7a",
      "name": "__run_3"
    },
    {
      "type": "action",
      "reference": {
        "type": "script"
      },
      "displayNameToken": {
        "type": 0,
        "file": 1,
        "line": 46,
        "col": 13,
        "lit": "Restart the server using PM2"
      },
      "contextName": "__run_4",
      "inputs": {
        "type": 2,
        "map": [
          {
            "key": "script",
            "value": {
              "type": 0,
              "file": 1,
              "line": 47,
              "col": 12,
              "lit": "pm2 stop mern-server || true  # Stop the server if it's already running\npm2 start index.js --name \"mern-server\"  # Restart the server\n"
            }
          },
          {
            "key": "workingDirectory",
            "value": {
              "type": 0,
              "file": 1,
              "line": 50,
              "col": 26,
              "lit": "C:\\Users\\kunjm\\OneDrive\\Desktop\\Project\\CI-CD Pipeline\\server"
            }
          }
        ]
      },
      "condition": "success()",
      "id": "4a0464f2-fcfc-5e9b-7e00-0def40c4bf88",
      "name": "__run_4"
    }
  ],
  "variables": {
    "system.isScheduled": {
      "value": "False"
    },
    "system.servertype": {
      "value": "Hosted"
    },
    "system.culture": {
      "value": ""
    },
    "system.pipelineStartTime": {
      "value": "2024-10-08 07:52:52+00:00"
    },
    "system.runner.lowdiskspacethreshold": {
      "value": "100"
    },
    "DistributedTask.NewActionMetadata": {
      "value": "true"
    },
    "DistributedTask.EnableCompositeActions": {
      "value": "true"
    },
    "DistributedTask.EnhancedAnnotations": {
      "value": "true"
    },
    "DistributedTask.UploadStepSummary": {
      "value": "true"
    },
    "DistributedTask.ForceGithubJavascriptActionsToNode16": {
      "value": "true"
    },
    "DistributedTask.ForceGithubJavascriptActionsToNode20": {
      "value": "true"
    },
    "DistributedTask.AddWarningToNode12Action": {
      "value": "true"
    },
    "DistributedTask.AddWarningToNode16Action": {
      "value": "true"
    },
    "DistributedTask.LogTemplateErrorsAsDebugMessages": {
      "value": "true"
    },
    "DistributedTask.AllowRunnerContainerHooks": {
      "value": "true"
    },
    "DistributedTask.DeprecateStepOutputCommands": {
      "value": "true"
    },
    "DistributedTask.UseWhich2": {
      "value": "true"
    },
    "DistributedTask.DetailUntarFailure": {
      "value": "true"
    },
    "DistributedTask.UseActionArchiveCache": {
      "value": "true"
    },
    "DistributedTask.EnableJobServerQueueTelemetry": {
      "value": "true"
    },
    "DistributedTask.MarkJobAsFailedOnWorkerCrash": {
      "value": "true"
    },
    "Actions.EnableHttpRedirects": {
      "value": "true"
    },
    "system.teamProjectId": {
      "value": "00000000-0000-0000-0000-000000000000"
    },
    "build.buildId": {
      "value": "4"
    },
    "build.containerId": {
      "value": "46838911"
    },
    "system.workflowFilePath": {
      "value": ".github/workflows/deploy.yml"
    },
    "system.phaseDisplayName": {
      "value": "deploy"
    },
    "system.phaseId": {
      "value": "d4a9a205-d52e-57fb-7b17-15a9d984af62"
    },
    "system.phaseName": {
      "value": "deploy"
    },
    "system.phaseAttempt": {
      "value": "1"
    },
    "system.jobIdentifier": {
      "value": "deploy.__default"
    },
    "system.jobAttempt": {
      "value": "1"
    },
    "System.JobPositionInPhase": {
      "value": "1"
    },
    "System.TotalJobsInPhase": {
      "value": "1"
    },
    "system.github.job": {
      "value": "deploy"
    },
    "system.jobDisplayName": {
      "value": "deploy"
    },
    "system.jobId": {
      "value": "e07742bd-189a-5079-918b-43f8b2f94b89"
    },
    "system.jobName": {
      "value": "__default"
    },
    "system.github.token.permissions": {
      "value": "{\"Contents\":\"read\",\"Metadata\":\"read\",\"Packages\":\"read\"}"
    },
    "system.github.token": {
      "value": "***",
      "isSecret": true
    },
    "system.runnerEnvironment": {
      "value": "self-hosted"
    },
    "system.github.results_endpoint": {
      "value": "https://results-receiver.actions.githubusercontent.com/"
    },
    "system.github.results_upload_with_sdk": {
      "value": "True"
    },
    "system.testDotNet8Compatibility": {
      "value": "true"
    },
    "system.dotNet8CompatibilityOutputLength": {
      "value": "200"
    },
    "system.dotNet8CompatibilityOutputPattern": {
      "value": "GLIBCXX"
    },
    "system.dotNet8CompatibilityWarning": {
      "value": "The Actions runner will no longer support your OS version on November 1, 2024. Please upgrade to a supported version. For information, refer https://github.blog/changelog/2024-08-19-notice-of-upcoming-deprecations-and-breaking-changes-in-github-actions-runners/"
    },
    "system.orchestrationId": {
      "value": "b7849fc7-ca54-461c-904b-6d986a5889b8.deploy.__default"
    },
    "system.runnerGroupName": {
      "value": "Default"
    }
  },
  "messageType": "PipelineAgentJobRequest",
  "plan": {
    "scopeIdentifier": "00000000-0000-0000-0000-000000000000",
    "planType": "Actions",
    "version": 41,
    "planId": "b7849fc7-ca54-461c-904b-6d986a5889b8",
    "planGroup": "Actions:00000000-0000-0000-0000-000000000000:1",
    "artifactUri": "vstfs:///Build/Build/4",
    "artifactLocation": null,
    "definition": {
      "_links": {},
      "id": 3,
      "name": "MERN-DashBoard"
    },
    "owner": {
      "_links": {},
      "id": 3,
      "name": "Kunj-Mori"
    }
  },
  "timeline": {
    "id": "b7849fc7-ca54-461c-904b-6d986a5889b8",
    "changeId": 0,
    "location": null
  },
  "jobId": "e07742bd-189a-5079-918b-43f8b2f94b89",
  "jobDisplayName": "deploy",
  "jobName": "__default",
  "requestId": 4,
  "lockedUntil": "0001-01-01T00:00:00",
  "resources": {
    "endpoints": [
      {
        "data": {
          "ServerId": "a69b5a31-3ef1-4e58-879b-356b6fae13d7",
          "ServerName": "cMIS5mXhHSWRVrPhTKq1oMYrX5NahzhHpp1yins7Qw9TqExS1R",
          "CacheServerUrl": "https://acghubeus2.actions.githubusercontent.com/cMIS5mXhHSWRVrPhTKq1oMYrX5NahzhHpp1yins7Qw9TqExS1R/",
          "FeedStreamUrl": "https://results-receiver.actions.githubusercontent.com/_ws/ingest.sock",
          "ResultsServiceUrl": "https://results-receiver.actions.githubusercontent.com/",
          "ConnectivityChecks": "[\"https://acghubeus0.actions.githubusercontent.com/_apis/health\",\"https://results-receiver.actions.githubusercontent.com/health\",\"https://actions-results-receiver-production.githubapp.com/health\",\"https://pipelinesghubeus3.actions.githubusercontent.com/_apis/health\"]"
        },
        "name": "SystemVssConnection",
        "url": "https://pipelinesghubeus3.actions.githubusercontent.com/cMIS5mXhHSWRVrPhTKq1oMYrX5NahzhHpp1yins7Qw9TqExS1R/",
        "authorization": {
          "parameters": {
            "AccessToken": ***
          },
          "scheme": "OAuth"
        },
        "isShared": false,
        "isReady": true
      }
    ]
  },
  "contextData": {
    "github": {
      "t": 2,
      "d": [
        {
          "k": "ref",
          "v": "refs/heads/main"
        },
        {
          "k": "sha",
          "v": "16e27280d2b850f6bcaec65eed423efd9a44aa0d"
        },
        {
          "k": "repository",
          "v": "Kunj-Mori/MERN-DashBoard"
        },
        {
          "k": "repository_owner",
          "v": "Kunj-Mori"
        },
        {
          "k": "repository_owner_id",
          "v": "162354743"
        },
        {
          "k": "repositoryUrl",
          "v": "git://github.com/Kunj-Mori/MERN-DashBoard.git"
        },
        {
          "k": "run_id",
          "v": "11230995178"
        },
        {
          "k": "run_number",
          "v": "4"
        },
        {
          "k": "retention_days",
          "v": "90"
        },
        {
          "k": "run_attempt",
          "v": "1"
        },
        {
          "k": "artifact_cache_size_limit",
          "v": "10"
        },
        {
          "k": "repository_visibility",
          "v": "public"
        },
        {
          "k": "repo-self-hosted-runners-disabled",
          "v": false
        },
        {
          "k": "enterprise-managed-business-id",
          "v": ""
        },
        {
          "k": "repository_id",
          "v": "869363421"
        },
        {
          "k": "actor_id",
          "v": "162354743"
        },
        {
          "k": "actor",
          "v": "Kunj-Mori"
        },
        {
          "k": "triggering_actor",
          "v": "Kunj-Mori"
        },
        {
          "k": "workflow",
          "v": "CI/CD Pipeline for MERN Stack App"
        },
        {
          "k": "head_ref",
          "v": ""
        },
        {
          "k": "base_ref",
          "v": ""
        },
        {
          "k": "event_name",
          "v": "push"
        },
        {
          "k": "event",
          "v": {
            "t": 2,
            "d": [
              {
                "k": "after",
                "v": "16e27280d2b850f6bcaec65eed423efd9a44aa0d"
              },
              {
                "k": "base_ref",
                "v": null
              },
              {
                "k": "before",
                "v": "bc3f84650d3ae23558e0e35cc739d1c899a18ad9"
              },
              {
                "k": "commits",
                "v": {
                  "t": 1,
                  "a": [
                    {
                      "t": 2,
                      "d": [
                        {
                          "k": "author",
                          "v": {
                            "t": 2,
                            "d": [
                              {
                                "k": "email",
                                "v": "162354743+Kunj-Mori@users.noreply.github.com"
                              },
                              {
                                "k": "name",
                                "v": "Kunj Mori"
                              },
                              {
                                "k": "username",
                                "v": "Kunj-Mori"
                              }
                            ]
                          }
                        },
                        {
                          "k": "committer",
                          "v": {
                            "t": 2,
                            "d": [
                              {
                                "k": "email",
                                "v": "noreply@github.com"
                              },
                              {
                                "k": "name",
                                "v": "GitHub"
                              },
                              {
                                "k": "username",
                                "v": "web-flow"
                              }
                            ]
                          }
                        },
                        {
                          "k": "distinct",
                          "v": true
                        },
                        {
                          "k": "id",
                          "v": "16e27280d2b850f6bcaec65eed423efd9a44aa0d"
                        },
                        {
                          "k": "message",
                          "v": "Update deploy.yml"
                        },
                        {
                          "k": "timestamp",
                          "v": "2024-10-08T13:22:49+05:30"
                        },
                        {
                          "k": "tree_id",
                          "v": "162f92d22290bbb4e8e1b5f9dadb7a91576023b7"
                        },
                        {
                          "k": "url",
                          "v": "https://github.com/Kunj-Mori/MERN-DashBoard/commit/16e27280d2b850f6bcaec65eed423efd9a44aa0d"
                        }
                      ]
                    }
                  ]
                }
              },
              {
                "k": "compare",
                "v": "https://github.com/Kunj-Mori/MERN-DashBoard/compare/bc3f84650d3a...16e27280d2b8"
              },
              {
                "k": "created",
                "v": false
              },
              {
                "k": "deleted",
                "v": false
              },
              {
                "k": "forced",
                "v": false
              },
              {
                "k": "head_commit",
                "v": {
                  "t": 2,
                  "d": [
                    {
                      "k": "author",
                      "v": {
                        "t": 2,
                        "d": [
                          {
                            "k": "email",
                            "v": "162354743+Kunj-Mori@users.noreply.github.com"
                          },
                          {
                            "k": "name",
                            "v": "Kunj Mori"
                          },
                          {
                            "k": "username",
                            "v": "Kunj-Mori"
                          }
                        ]
                      }
                    },
                    {
                      "k": "committer",
                      "v": {
                        "t": 2,
                        "d": [
                          {
                            "k": "email",
                            "v": "noreply@github.com"
                          },
                          {
                            "k": "name",
                            "v": "GitHub"
                          },
                          {
                            "k": "username",
                            "v": "web-flow"
                          }
                        ]
                      }
                    },
                    {
                      "k": "distinct",
                      "v": true
                    },
                    {
                      "k": "id",
                      "v": "16e27280d2b850f6bcaec65eed423efd9a44aa0d"
                    },
                    {
                      "k": "message",
                      "v": "Update deploy.yml"
                    },
                    {
                      "k": "timestamp",
                      "v": "2024-10-08T13:22:49+05:30"
                    },
                    {
                      "k": "tree_id",
                      "v": "162f92d22290bbb4e8e1b5f9dadb7a91576023b7"
                    },
                    {
                      "k": "url",
                      "v": "https://github.com/Kunj-Mori/MERN-DashBoard/commit/16e27280d2b850f6bcaec65eed423efd9a44aa0d"
                    }
                  ]
                }
              },
              {
                "k": "pusher",
                "v": {
                  "t": 2,
                  "d": [
                    {
                      "k": "email",
                      "v": "162354743+Kunj-Mori@users.noreply.github.com"
                    },
                    {
                      "k": "name",
                      "v": "Kunj-Mori"
                    }
                  ]
                }
              },
              {
                "k": "ref",
                "v": "refs/heads/main"
              },
              {
                "k": "repository",
                "v": {
                  "t": 2,
                  "d": [
                    {
                      "k": "allow_forking",
                      "v": true
                    },
                    {
                      "k": "archive_url",
                      "v": "https://api.github.com/repos/Kunj-Mori/MERN-DashBoard/{archive_format}{/ref}"
                    },
                    {
                      "k": "archived",
                      "v": false
                    },
                    {
                      "k": "assignees_url",
                      "v": "https://api.github.com/repos/Kunj-Mori/MERN-DashBoard/assignees{/user}"
                    },
                    {
                      "k": "blobs_url",
                      "v": "https://api.github.com/repos/Kunj-Mori/MERN-DashBoard/git/blobs{/sha}"
                    },
                    {
                      "k": "branches_url",
                      "v": "https://api.github.com/repos/Kunj-Mori/MERN-DashBoard/branches{/branch}"
                    },
                    {
                      "k": "clone_url",
                      "v": "https://github.com/Kunj-Mori/MERN-DashBoard.git"
                    },
                    {
                      "k": "collaborators_url",
                      "v": "https://api.github.com/repos/Kunj-Mori/MERN-DashBoard/collaborators{/collaborator}"
                    },
                    {
                      "k": "comments_url",
                      "v": "https://api.github.com/repos/Kunj-Mori/MERN-DashBoard/comments{/number}"
                    },
                    {
                      "k": "commits_url",
                      "v": "https://api.github.com/repos/Kunj-Mori/MERN-DashBoard/commits{/sha}"
                    },
                    {
                      "k": "compare_url",
                      "v": "https://api.github.com/repos/Kunj-Mori/MERN-DashBoard/compare/{base}...{head}"
                    },
                    {
                      "k": "contents_url",
                      "v": "https://api.github.com/repos/Kunj-Mori/MERN-DashBoard/contents/{+path}"
                    },
                    {
                      "k": "contributors_url",
                      "v": "https://api.github.com/repos/Kunj-Mori/MERN-DashBoard/contributors"
                    },
                    {
                      "k": "created_at",
                      "v": 1728371380.0
                    },
                    {
                      "k": "default_branch",
                      "v": "main"
                    },
                    {
                      "k": "deployments_url",
                      "v": "https://api.github.com/repos/Kunj-Mori/MERN-DashBoard/deployments"
                    },
                    {
                      "k": "description",
                      "v": null
                    },
                    {
                      "k": "disabled",
                      "v": false
                    },
                    {
                      "k": "downloads_url",
                      "v": "https://api.github.com/repos/Kunj-Mori/MERN-DashBoard/downloads"
                    },
                    {
                      "k": "events_url",
                      "v": "https://api.github.com/repos/Kunj-Mori/MERN-DashBoard/events"
                    },
                    {
                      "k": "fork",
                      "v": false
                    },
                    {
                      "k": "forks",
                      "v": 0.0
                    },
                    {
                      "k": "forks_count",
                      "v": 0.0
                    },
                    {
                      "k": "forks_url",
                      "v": "https://api.github.com/repos/Kunj-Mori/MERN-DashBoard/forks"
                    },
                    {
                      "k": "full_name",
                      "v": "Kunj-Mori/MERN-DashBoard"
                    },
                    {
                      "k": "git_commits_url",
                      "v": "https://api.github.com/repos/Kunj-Mori/MERN-DashBoard/git/commits{/sha}"
                    },
                    {
                      "k": "git_refs_url",
                      "v": "https://api.github.com/repos/Kunj-Mori/MERN-DashBoard/git/refs{/sha}"
                    },
                    {
                      "k": "git_tags_url",
                      "v": "https://api.github.com/repos/Kunj-Mori/MERN-DashBoard/git/tags{/sha}"
                    },
                    {
                      "k": "git_url",
                      "v": "git://github.com/Kunj-Mori/MERN-DashBoard.git"
                    },
                    {
                      "k": "has_discussions",
                      "v": false
                    },
                    {
                      "k": "has_downloads",
                      "v": true
                    },
                    {
                      "k": "has_issues",
                      "v": true
                    },
                    {
                      "k": "has_pages",
                      "v": false
                    },
                    {
                      "k": "has_projects",
                      "v": true
                    },
                    {
                      "k": "has_wiki",
                      "v": true
                    },
                    {
                      "k": "homepage",
                      "v": null
                    },
                    {
                      "k": "hooks_url",
                      "v": "https://api.github.com/repos/Kunj-Mori/MERN-DashBoard/hooks"
                    },
                    {
                      "k": "html_url",
                      "v": "https://github.com/Kunj-Mori/MERN-DashBoard"
                    },
                    {
                      "k": "id",
                      "v": 869363421.0
                    },
                    {
                      "k": "is_template",
                      "v": false
                    },
                    {
                      "k": "issue_comment_url",
                      "v": "https://api.github.com/repos/Kunj-Mori/MERN-DashBoard/issues/comments{/number}"
                    },
                    {
                      "k": "issue_events_url",
                      "v": "https://api.github.com/repos/Kunj-Mori/MERN-DashBoard/issues/events{/number}"
                    },
                    {
                      "k": "issues_url",
                      "v": "https://api.github.com/repos/Kunj-Mori/MERN-DashBoard/issues{/number}"
                    },
                    {
                      "k": "keys_url",
                      "v": "https://api.github.com/repos/Kunj-Mori/MERN-DashBoard/keys{/key_id}"
                    },
                    {
                      "k": "labels_url",
                      "v": "https://api.github.com/repos/Kunj-Mori/MERN-DashBoard/labels{/name}"
                    },
                    {
                      "k": "language",
                      "v": "TypeScript"
                    },
                    {
                      "k": "languages_url",
                      "v": "https://api.github.com/repos/Kunj-Mori/MERN-DashBoard/languages"
                    },
                    {
                      "k": "license",
                      "v": null
                    },
                    {
                      "k": "master_branch",
                      "v": "main"
                    },
                    {
                      "k": "merges_url",
                      "v": "https://api.github.com/repos/Kunj-Mori/MERN-DashBoard/merges"
                    },
                    {
                      "k": "milestones_url",
                      "v": "https://api.github.com/repos/Kunj-Mori/MERN-DashBoard/milestones{/number}"
                    },
                    {
                      "k": "mirror_url",
                      "v": null
                    },
                    {
                      "k": "name",
                      "v": "MERN-DashBoard"
                    },
                    {
                      "k": "node_id",
                      "v": "R_kgDOM9Fu3Q"
                    },
                    {
                      "k": "notifications_url",
                      "v": "https://api.github.com/repos/Kunj-Mori/MERN-DashBoard/notifications{?since,all,participating}"
                    },
                    {
                      "k": "open_issues",
                      "v": 0.0
                    },
                    {
                      "k": "open_issues_count",
                      "v": 0.0
                    },
                    {
                      "k": "owner",
                      "v": {
                        "t": 2,
                        "d": [
                          {
                            "k": "avatar_url",
                            "v": "https://avatars.githubusercontent.com/u/162354743?v=4"
                          },
                          {
                            "k": "email",
                            "v": "162354743+Kunj-Mori@users.noreply.github.com"
                          },
                          {
                            "k": "events_url",
                            "v": "https://api.github.com/users/Kunj-Mori/events{/privacy}"
                          },
                          {
                            "k": "followers_url",
                            "v": "https://api.github.com/users/Kunj-Mori/followers"
                          },
                          {
                            "k": "following_url",
                            "v": "https://api.github.com/users/Kunj-Mori/following{/other_user}"
                          },
                          {
                            "k": "gists_url",
                            "v": "https://api.github.com/users/Kunj-Mori/gists{/gist_id}"
                          },
                          {
                            "k": "gravatar_id",
                            "v": ""
                          },
                          {
                            "k": "html_url",
                            "v": "https://github.com/Kunj-Mori"
                          },
                          {
                            "k": "id",
                            "v": 162354743.0
                          },
                          {
                            "k": "login",
                            "v": "Kunj-Mori"
                          },
                          {
                            "k": "name",
                            "v": "Kunj-Mori"
                          },
                          {
                            "k": "node_id",
                            "v": "U_kgDOCa1WNw"
                          },
                          {
                            "k": "organizations_url",
                            "v": "https://api.github.com/users/Kunj-Mori/orgs"
                          },
                          {
                            "k": "received_events_url",
                            "v": "https://api.github.com/users/Kunj-Mori/received_events"
                          },
                          {
                            "k": "repos_url",
                            "v": "https://api.github.com/users/Kunj-Mori/repos"
                          },
                          {
                            "k": "site_admin",
                            "v": false
                          },
                          {
                            "k": "starred_url",
                            "v": "https://api.github.com/users/Kunj-Mori/starred{/owner}{/repo}"
                          },
                          {
                            "k": "subscriptions_url",
                            "v": "https://api.github.com/users/Kunj-Mori/subscriptions"
                          },
                          {
                            "k": "type",
                            "v": "User"
                          },
                          {
                            "k": "url",
                            "v": "https://api.github.com/users/Kunj-Mori"
                          }
                        ]
                      }
                    },
                    {
                      "k": "private",
                      "v": false
                    },
                    {
                      "k": "pulls_url",
                      "v": "https://api.github.com/repos/Kunj-Mori/MERN-DashBoard/pulls{/number}"
                    },
                    {
                      "k": "pushed_at",
                      "v": 1728373969.0
                    },
                    {
                      "k": "releases_url",
                      "v": "https://api.github.com/repos/Kunj-Mori/MERN-DashBoard/releases{/id}"
                    },
                    {
                      "k": "size",
                      "v": 0.0
                    },
                    {
                      "k": "ssh_url",
                      "v": "git@github.com:Kunj-Mori/MERN-DashBoard.git"
                    },
                    {
                      "k": "stargazers",
                      "v": 0.0
                    },
                    {
                      "k": "stargazers_count",
                      "v": 0.0
                    },
                    {
                      "k": "stargazers_url",
                      "v": "https://api.github.com/repos/Kunj-Mori/MERN-DashBoard/stargazers"
                    },
                    {
                      "k": "statuses_url",
                      "v": "https://api.github.com/repos/Kunj-Mori/MERN-DashBoard/statuses/{sha}"
                    },
                    {
                      "k": "subscribers_url",
                      "v": "https://api.github.com/repos/Kunj-Mori/MERN-DashBoard/subscribers"
                    },
                    {
                      "k": "subscription_url",
                      "v": "https://api.github.com/repos/Kunj-Mori/MERN-DashBoard/subscription"
                    },
                    {
                      "k": "svn_url",
                      "v": "https://github.com/Kunj-Mori/MERN-DashBoard"
                    },
                    {
                      "k": "tags_url",
                      "v": "https://api.github.com/repos/Kunj-Mori/MERN-DashBoard/tags"
                    },
                    {
                      "k": "teams_url",
                      "v": "https://api.github.com/repos/Kunj-Mori/MERN-DashBoard/teams"
                    },
                    {
                      "k": "topics",
                      "v": {
                        "t": 1
                      }
                    },
                    {
                      "k": "trees_url",
                      "v": "https://api.github.com/repos/Kunj-Mori/MERN-DashBoard/git/trees{/sha}"
                    },
                    {
                      "k": "updated_at",
                      "v": "2024-10-08T07:48:48Z"
                    },
                    {
                      "k": "url",
                      "v": "https://github.com/Kunj-Mori/MERN-DashBoard"
                    },
                    {
                      "k": "visibility",
                      "v": "public"
                    },
                    {
                      "k": "watchers",
                      "v": 0.0
                    },
                    {
                      "k": "watchers_count",
                      "v": 0.0
                    },
                    {
                      "k": "web_commit_signoff_required",
                      "v": false
                    }
                  ]
                }
              },
              {
                "k": "sender",
                "v": {
                  "t": 2,
                  "d": [
                    {
                      "k": "avatar_url",
                      "v": "https://avatars.githubusercontent.com/u/162354743?v=4"
                    },
                    {
                      "k": "events_url",
                      "v": "https://api.github.com/users/Kunj-Mori/events{/privacy}"
                    },
                    {
                      "k": "followers_url",
                      "v": "https://api.github.com/users/Kunj-Mori/followers"
                    },
                    {
                      "k": "following_url",
                      "v": "https://api.github.com/users/Kunj-Mori/following{/other_user}"
                    },
                    {
                      "k": "gists_url",
                      "v": "https://api.github.com/users/Kunj-Mori/gists{/gist_id}"
                    },
                    {
                      "k": "gravatar_id",
                      "v": ""
                    },
                    {
                      "k": "html_url",
                      "v": "https://github.com/Kunj-Mori"
                    },
                    {
                      "k": "id",
                      "v": 162354743.0
                    },
                    {
                      "k": "login",
                      "v": "Kunj-Mori"
                    },
                    {
                      "k": "node_id",
                      "v": "U_kgDOCa1WNw"
                    },
                    {
                      "k": "organizations_url",
                      "v": "https://api.github.com/users/Kunj-Mori/orgs"
                    },
                    {
                      "k": "received_events_url",
                      "v": "https://api.github.com/users/Kunj-Mori/received_events"
                    },
                    {
                      "k": "repos_url",
                      "v": "https://api.github.com/users/Kunj-Mori/repos"
                    },
                    {
                      "k": "site_admin",
                      "v": false
                    },
                    {
                      "k": "starred_url",
                      "v": "https://api.github.com/users/Kunj-Mori/starred{/owner}{/repo}"
                    },
                    {
                      "k": "subscriptions_url",
                      "v": "https://api.github.com/users/Kunj-Mori/subscriptions"
                    },
                    {
                      "k": "type",
                      "v": "User"
                    },
                    {
                      "k": "url",
                      "v": "https://api.github.com/users/Kunj-Mori"
                    }
                  ]
                }
              }
            ]
          }
        },
        {
          "k": "server_url",
          "v": "https://github.com"
        },
        {
          "k": "api_url",
          "v": "https://api.github.com"
        },
        {
          "k": "graphql_url",
          "v": "https://api.github.com/graphql"
        },
        {
          "k": "ref_name",
          "v": "main"
        },
        {
          "k": "ref_protected",
          "v": false
        },
        {
          "k": "ref_type",
          "v": "branch"
        },
        {
          "k": "secret_source",
          "v": "Actions"
        },
        {
          "k": "workflow_ref",
          "v": "Kunj-Mori/MERN-DashBoard/.github/workflows/deploy.yml@refs/heads/main"
        },
        {
          "k": "workflow_sha",
          "v": "16e27280d2b850f6bcaec65eed423efd9a44aa0d"
        }
      ]
    },
    "run-feature-flags": {
      "t": 2,
      "d": [
        {
          "k": "actions_stream_logs_via_results_service",
          "v": true
        },
        {
          "k": "actions_use_results_service",
          "v": true
        },
        {
          "k": "larger_runners_custom_image_generation",
          "v": false
        }
      ]
    },
    "partialrerun": false,
    "needs": {
      "t": 2
    },
    "vars": null,
    "inputs": {
      "t": 2
    },
    "matrix": null,
    "strategy": {
      "t": 2,
      "d": [
        {
          "k": "fail-fast",
          "v": true
        },
        {
          "k": "job-index",
          "v": 0.0
        },
        {
          "k": "job-total",
          "v": 1.0
        },
        {
          "k": "max-parallel",
          "v": 1.0
        }
      ]
    },
    "EndpointsOverride": null
  }
}
[2024-10-08 07:52:59Z INFO JobRunner] Job ID e07742bd-189a-5079-918b-43f8b2f94b89
[2024-10-08 07:52:59Z INFO ConfigurationStore] currentAssemblyLocation: C:\Users\kunjm\OneDrive\Desktop\Project\CI-CD Pipeline\actions-runner\actions-runner-win-x64-2.320.0\bin\Runner.Worker.dll
[2024-10-08 07:52:59Z INFO HostContext] Well known directory 'Bin': 'C:\Users\kunjm\OneDrive\Desktop\Project\CI-CD Pipeline\actions-runner\actions-runner-win-x64-2.320.0\bin'
[2024-10-08 07:52:59Z INFO ConfigurationStore] binPath: C:\Users\kunjm\OneDrive\Desktop\Project\CI-CD Pipeline\actions-runner\actions-runner-win-x64-2.320.0\bin
[2024-10-08 07:52:59Z INFO HostContext] Well known directory 'Bin': 'C:\Users\kunjm\OneDrive\Desktop\Project\CI-CD Pipeline\actions-runner\actions-runner-win-x64-2.320.0\bin'
[2024-10-08 07:52:59Z INFO HostContext] Well known directory 'Root': 'C:\Users\kunjm\OneDrive\Desktop\Project\CI-CD Pipeline\actions-runner\actions-runner-win-x64-2.320.0'
[2024-10-08 07:52:59Z INFO ConfigurationStore] RootFolder: C:\Users\kunjm\OneDrive\Desktop\Project\CI-CD Pipeline\actions-runner\actions-runner-win-x64-2.320.0
[2024-10-08 07:52:59Z INFO HostContext] Well known directory 'Bin': 'C:\Users\kunjm\OneDrive\Desktop\Project\CI-CD Pipeline\actions-runner\actions-runner-win-x64-2.320.0\bin'
[2024-10-08 07:52:59Z INFO HostContext] Well known directory 'Root': 'C:\Users\kunjm\OneDrive\Desktop\Project\CI-CD Pipeline\actions-runner\actions-runner-win-x64-2.320.0'
[2024-10-08 07:52:59Z INFO HostContext] Well known config file 'Runner': 'C:\Users\kunjm\OneDrive\Desktop\Project\CI-CD Pipeline\actions-runner\actions-runner-win-x64-2.320.0\.runner'
[2024-10-08 07:52:59Z INFO ConfigurationStore] ConfigFilePath: C:\Users\kunjm\OneDrive\Desktop\Project\CI-CD Pipeline\actions-runner\actions-runner-win-x64-2.320.0\.runner
[2024-10-08 07:52:59Z INFO HostContext] Well known directory 'Bin': 'C:\Users\kunjm\OneDrive\Desktop\Project\CI-CD Pipeline\actions-runner\actions-runner-win-x64-2.320.0\bin'
[2024-10-08 07:52:59Z INFO HostContext] Well known directory 'Root': 'C:\Users\kunjm\OneDrive\Desktop\Project\CI-CD Pipeline\actions-runner\actions-runner-win-x64-2.320.0'
[2024-10-08 07:52:59Z INFO HostContext] Well known config file 'Credentials': 'C:\Users\kunjm\OneDrive\Desktop\Project\CI-CD Pipeline\actions-runner\actions-runner-win-x64-2.320.0\.credentials'
[2024-10-08 07:52:59Z INFO ConfigurationStore] CredFilePath: C:\Users\kunjm\OneDrive\Desktop\Project\CI-CD Pipeline\actions-runner\actions-runner-win-x64-2.320.0\.credentials
[2024-10-08 07:52:59Z INFO HostContext] Well known directory 'Bin': 'C:\Users\kunjm\OneDrive\Desktop\Project\CI-CD Pipeline\actions-runner\actions-runner-win-x64-2.320.0\bin'
[2024-10-08 07:52:59Z INFO HostContext] Well known directory 'Root': 'C:\Users\kunjm\OneDrive\Desktop\Project\CI-CD Pipeline\actions-runner\actions-runner-win-x64-2.320.0'
[2024-10-08 07:52:59Z INFO HostContext] Well known config file 'MigratedCredentials': 'C:\Users\kunjm\OneDrive\Desktop\Project\CI-CD Pipeline\actions-runner\actions-runner-win-x64-2.320.0\.credentials_migrated'
[2024-10-08 07:52:59Z INFO ConfigurationStore] MigratedCredFilePath: C:\Users\kunjm\OneDrive\Desktop\Project\CI-CD Pipeline\actions-runner\actions-runner-win-x64-2.320.0\.credentials_migrated
[2024-10-08 07:52:59Z INFO HostContext] Well known directory 'Bin': 'C:\Users\kunjm\OneDrive\Desktop\Project\CI-CD Pipeline\actions-runner\actions-runner-win-x64-2.320.0\bin'
[2024-10-08 07:52:59Z INFO HostContext] Well known directory 'Root': 'C:\Users\kunjm\OneDrive\Desktop\Project\CI-CD Pipeline\actions-runner\actions-runner-win-x64-2.320.0'
[2024-10-08 07:52:59Z INFO HostContext] Well known config file 'Service': 'C:\Users\kunjm\OneDrive\Desktop\Project\CI-CD Pipeline\actions-runner\actions-runner-win-x64-2.320.0\.service'
[2024-10-08 07:52:59Z INFO ConfigurationStore] ServiceConfigFilePath: C:\Users\kunjm\OneDrive\Desktop\Project\CI-CD Pipeline\actions-runner\actions-runner-win-x64-2.320.0\.service
[2024-10-08 07:52:59Z INFO ConfigurationStore] Read setting file: 302 chars
[2024-10-08 07:52:59Z INFO JobRunner] Creating job server with URL: https://pipelinesghubeus3.actions.githubusercontent.com/cMIS5mXhHSWRVrPhTKq1oMYrX5NahzhHpp1yins7Qw9TqExS1R/
[2024-10-08 07:52:59Z INFO GitHubActionsService] Starting operation Location.GetConnectionData
[2024-10-08 07:52:59Z INFO Worker] Listening for cancel message from the channel.
[2024-10-08 07:52:59Z INFO Worker] Waiting for the job to complete or for a cancel message from the channel.
[2024-10-08 07:53:00Z INFO GitHubActionsService] Finished operation Location.GetConnectionData
[2024-10-08 07:53:00Z INFO JobServer] Creating websocket client ...wss://results-receiver.actions.githubusercontent.com/_ws/ingest.sock
[2024-10-08 07:53:00Z INFO JobServer] Attempting to start websocket client with delay 00:00:00.
[2024-10-08 07:53:00Z INFO JobServerQueue] Initializing results client
[2024-10-08 07:53:00Z INFO JobServerQueue] Start process web console line queue.
[2024-10-08 07:53:00Z INFO JobServerQueue] Start process file upload queue.
[2024-10-08 07:53:00Z INFO JobServerQueue] Start results file upload queue.
[2024-10-08 07:53:00Z INFO JobServerQueue] Starting results-based upload queue...
[2024-10-08 07:53:00Z INFO JobServerQueue] Start process timeline update queue.
[2024-10-08 07:53:00Z INFO ExecutionContext] Initialize GitHub context
[2024-10-08 07:53:00Z INFO ExecutionContext] Initialize Env context
[2024-10-08 07:53:00Z INFO HostContext] Well known directory 'Bin': 'C:\Users\kunjm\OneDrive\Desktop\Project\CI-CD Pipeline\actions-runner\actions-runner-win-x64-2.320.0\bin'
[2024-10-08 07:53:00Z INFO HostContext] Well known directory 'Root': 'C:\Users\kunjm\OneDrive\Desktop\Project\CI-CD Pipeline\actions-runner\actions-runner-win-x64-2.320.0'
[2024-10-08 07:53:00Z INFO HostContext] Well known directory 'Diag': 'C:\Users\kunjm\OneDrive\Desktop\Project\CI-CD Pipeline\actions-runner\actions-runner-win-x64-2.320.0\_diag'
[2024-10-08 07:53:00Z INFO HostContext] Well known directory 'Bin': 'C:\Users\kunjm\OneDrive\Desktop\Project\CI-CD Pipeline\actions-runner\actions-runner-win-x64-2.320.0\bin'
[2024-10-08 07:53:00Z INFO HostContext] Well known directory 'Root': 'C:\Users\kunjm\OneDrive\Desktop\Project\CI-CD Pipeline\actions-runner\actions-runner-win-x64-2.320.0'
[2024-10-08 07:53:00Z INFO HostContext] Well known directory 'Diag': 'C:\Users\kunjm\OneDrive\Desktop\Project\CI-CD Pipeline\actions-runner\actions-runner-win-x64-2.320.0\_diag'
[2024-10-08 07:53:00Z INFO JobRunner] Starting the job execution context.
[2024-10-08 07:53:00Z INFO HostContext] Well known directory 'Bin': 'C:\Users\kunjm\OneDrive\Desktop\Project\CI-CD Pipeline\actions-runner\actions-runner-win-x64-2.320.0\bin'
[2024-10-08 07:53:00Z INFO HostContext] Well known directory 'Root': 'C:\Users\kunjm\OneDrive\Desktop\Project\CI-CD Pipeline\actions-runner\actions-runner-win-x64-2.320.0'
[2024-10-08 07:53:00Z INFO HostContext] Well known directory 'Work': 'C:\Users\kunjm\OneDrive\Desktop\Project\CI-CD Pipeline\actions-runner\actions-runner-win-x64-2.320.0\_work'
[2024-10-08 07:53:00Z INFO JobRunner] Validating directory permissions for: 'C:\Users\kunjm\OneDrive\Desktop\Project\CI-CD Pipeline\actions-runner\actions-runner-win-x64-2.320.0\_work'
[2024-10-08 07:53:00Z INFO HostContext] Well known directory 'Bin': 'C:\Users\kunjm\OneDrive\Desktop\Project\CI-CD Pipeline\actions-runner\actions-runner-win-x64-2.320.0\bin'
[2024-10-08 07:53:00Z INFO HostContext] Well known directory 'Root': 'C:\Users\kunjm\OneDrive\Desktop\Project\CI-CD Pipeline\actions-runner\actions-runner-win-x64-2.320.0'
[2024-10-08 07:53:00Z INFO HostContext] Well known directory 'Work': 'C:\Users\kunjm\OneDrive\Desktop\Project\CI-CD Pipeline\actions-runner\actions-runner-win-x64-2.320.0\_work'
[2024-10-08 07:53:00Z INFO HostContext] Well known directory 'Tools': 'C:\Users\kunjm\OneDrive\Desktop\Project\CI-CD Pipeline\actions-runner\actions-runner-win-x64-2.320.0\_work\_tool'
[2024-10-08 07:53:00Z INFO HostContext] Well known directory 'Bin': 'C:\Users\kunjm\OneDrive\Desktop\Project\CI-CD Pipeline\actions-runner\actions-runner-win-x64-2.320.0\bin'
[2024-10-08 07:53:00Z INFO HostContext] Well known directory 'Root': 'C:\Users\kunjm\OneDrive\Desktop\Project\CI-CD Pipeline\actions-runner\actions-runner-win-x64-2.320.0'
[2024-10-08 07:53:00Z INFO HostContext] Well known directory 'Work': 'C:\Users\kunjm\OneDrive\Desktop\Project\CI-CD Pipeline\actions-runner\actions-runner-win-x64-2.320.0\_work'
[2024-10-08 07:53:00Z INFO HostContext] Well known directory 'Temp': 'C:\Users\kunjm\OneDrive\Desktop\Project\CI-CD Pipeline\actions-runner\actions-runner-win-x64-2.320.0\_work\_temp'
[2024-10-08 07:53:00Z INFO JobRunner] Getting job extension.
[2024-10-08 07:53:00Z INFO JobRunner] Initialize job. Getting all job steps.
[2024-10-08 07:53:00Z INFO HostContext] Well known directory 'Bin': 'C:\Users\kunjm\OneDrive\Desktop\Project\CI-CD Pipeline\actions-runner\actions-runner-win-x64-2.320.0\bin'
[2024-10-08 07:53:00Z INFO HostContext] Well known directory 'Root': 'C:\Users\kunjm\OneDrive\Desktop\Project\CI-CD Pipeline\actions-runner\actions-runner-win-x64-2.320.0'
[2024-10-08 07:53:00Z INFO HostContext] Well known directory 'Diag': 'C:\Users\kunjm\OneDrive\Desktop\Project\CI-CD Pipeline\actions-runner\actions-runner-win-x64-2.320.0\_diag'
[2024-10-08 07:53:00Z INFO HostContext] Well known directory 'Bin': 'C:\Users\kunjm\OneDrive\Desktop\Project\CI-CD Pipeline\actions-runner\actions-runner-win-x64-2.320.0\bin'
[2024-10-08 07:53:00Z INFO HostContext] Well known directory 'Root': 'C:\Users\kunjm\OneDrive\Desktop\Project\CI-CD Pipeline\actions-runner\actions-runner-win-x64-2.320.0'
[2024-10-08 07:53:00Z INFO HostContext] Well known directory 'Diag': 'C:\Users\kunjm\OneDrive\Desktop\Project\CI-CD Pipeline\actions-runner\actions-runner-win-x64-2.320.0\_diag'
[2024-10-08 07:53:00Z INFO HostContext] Well known directory 'Bin': 'C:\Users\kunjm\OneDrive\Desktop\Project\CI-CD Pipeline\actions-runner\actions-runner-win-x64-2.320.0\bin'
[2024-10-08 07:53:00Z INFO HostContext] Well known directory 'Root': 'C:\Users\kunjm\OneDrive\Desktop\Project\CI-CD Pipeline\actions-runner\actions-runner-win-x64-2.320.0'
[2024-10-08 07:53:00Z INFO HostContext] Well known config file 'Credentials': 'C:\Users\kunjm\OneDrive\Desktop\Project\CI-CD Pipeline\actions-runner\actions-runner-win-x64-2.320.0\.credentials'
[2024-10-08 07:53:00Z INFO HostContext] Well known directory 'Bin': 'C:\Users\kunjm\OneDrive\Desktop\Project\CI-CD Pipeline\actions-runner\actions-runner-win-x64-2.320.0\bin'
[2024-10-08 07:53:00Z INFO HostContext] Well known directory 'Root': 'C:\Users\kunjm\OneDrive\Desktop\Project\CI-CD Pipeline\actions-runner\actions-runner-win-x64-2.320.0'
[2024-10-08 07:53:00Z INFO HostContext] Well known config file 'SetupInfo': 'C:\Users\kunjm\OneDrive\Desktop\Project\CI-CD Pipeline\actions-runner\actions-runner-win-x64-2.320.0\.setup_info'
[2024-10-08 07:53:00Z INFO HostContext] Well known directory 'Bin': 'C:\Users\kunjm\OneDrive\Desktop\Project\CI-CD Pipeline\actions-runner\actions-runner-win-x64-2.320.0\bin'
[2024-10-08 07:53:00Z INFO HostContext] Well known directory 'Root': 'C:\Users\kunjm\OneDrive\Desktop\Project\CI-CD Pipeline\actions-runner\actions-runner-win-x64-2.320.0'
[2024-10-08 07:53:00Z INFO HostContext] Well known directory 'Bin': 'C:\Users\kunjm\OneDrive\Desktop\Project\CI-CD Pipeline\actions-runner\actions-runner-win-x64-2.320.0\bin'
[2024-10-08 07:53:00Z INFO ProcessInvokerWrapper] Starting process:
[2024-10-08 07:53:00Z INFO ProcessInvokerWrapper]   File name: 'C:\Users\kunjm\OneDrive\Desktop\Project\CI-CD Pipeline\actions-runner\actions-runner-win-x64-2.320.0\bin\testDotNet8Compatibility\TestDotNet8Compatibility.exe'
[2024-10-08 07:53:00Z INFO ProcessInvokerWrapper]   Arguments: ''
[2024-10-08 07:53:00Z INFO ProcessInvokerWrapper]   Working directory: 'C:\Users\kunjm\OneDrive\Desktop\Project\CI-CD Pipeline\actions-runner\actions-runner-win-x64-2.320.0'
[2024-10-08 07:53:00Z INFO ProcessInvokerWrapper]   Require exit code zero: 'False'
[2024-10-08 07:53:00Z INFO ProcessInvokerWrapper]   Encoding web name:  ; code page: ''
[2024-10-08 07:53:00Z INFO ProcessInvokerWrapper]   Force kill process on cancellation: 'False'
[2024-10-08 07:53:00Z INFO ProcessInvokerWrapper]   Redirected STDIN: 'False'
[2024-10-08 07:53:00Z INFO ProcessInvokerWrapper]   Persist current code page: 'False'
[2024-10-08 07:53:00Z INFO ProcessInvokerWrapper]   Keep redirected STDIN open: 'False'
[2024-10-08 07:53:00Z INFO ProcessInvokerWrapper]   High priority process: 'False'
[2024-10-08 07:53:00Z INFO ProcessInvokerWrapper] Process started with process id 45232, waiting for process exit.
[2024-10-08 07:53:00Z INFO OSWarningChecker] Hello from .NET 8!
[2024-10-08 07:53:00Z INFO ProcessInvokerWrapper] STDOUT/STDERR stream read finished.
[2024-10-08 07:53:00Z INFO ProcessInvokerWrapper] STDOUT/STDERR stream read finished.
[2024-10-08 07:53:00Z INFO ProcessInvokerWrapper] Finished process 45232 with exit code 0, and elapsed time 00:00:00.0592443.
[2024-10-08 07:53:00Z INFO HostContext] Well known directory 'Bin': 'C:\Users\kunjm\OneDrive\Desktop\Project\CI-CD Pipeline\actions-runner\actions-runner-win-x64-2.320.0\bin'
[2024-10-08 07:53:00Z INFO HostContext] Well known directory 'Root': 'C:\Users\kunjm\OneDrive\Desktop\Project\CI-CD Pipeline\actions-runner\actions-runner-win-x64-2.320.0'
[2024-10-08 07:53:00Z INFO HostContext] Well known directory 'Work': 'C:\Users\kunjm\OneDrive\Desktop\Project\CI-CD Pipeline\actions-runner\actions-runner-win-x64-2.320.0\_work'
[2024-10-08 07:53:00Z INFO PipelineDirectoryManager] Loading tracking config if exists: C:\Users\kunjm\OneDrive\Desktop\Project\CI-CD Pipeline\actions-runner\actions-runner-win-x64-2.320.0\_work\_PipelineMapping\Kunj-Mori/MERN-DashBoard\PipelineFolder.json
[2024-10-08 07:53:00Z INFO PipelineDirectoryManager] Updating job run properties.
[2024-10-08 07:53:00Z INFO HostContext] Well known directory 'Bin': 'C:\Users\kunjm\OneDrive\Desktop\Project\CI-CD Pipeline\actions-runner\actions-runner-win-x64-2.320.0\bin'
[2024-10-08 07:53:00Z INFO HostContext] Well known directory 'Root': 'C:\Users\kunjm\OneDrive\Desktop\Project\CI-CD Pipeline\actions-runner\actions-runner-win-x64-2.320.0'
[2024-10-08 07:53:00Z INFO HostContext] Well known directory 'Work': 'C:\Users\kunjm\OneDrive\Desktop\Project\CI-CD Pipeline\actions-runner\actions-runner-win-x64-2.320.0\_work'
[2024-10-08 07:53:00Z INFO HostContext] Well known directory 'Bin': 'C:\Users\kunjm\OneDrive\Desktop\Project\CI-CD Pipeline\actions-runner\actions-runner-win-x64-2.320.0\bin'
[2024-10-08 07:53:00Z INFO HostContext] Well known directory 'Root': 'C:\Users\kunjm\OneDrive\Desktop\Project\CI-CD Pipeline\actions-runner\actions-runner-win-x64-2.320.0'
[2024-10-08 07:53:00Z INFO HostContext] Well known directory 'Work': 'C:\Users\kunjm\OneDrive\Desktop\Project\CI-CD Pipeline\actions-runner\actions-runner-win-x64-2.320.0\_work'
[2024-10-08 07:53:00Z INFO HostContext] Well known directory 'Bin': 'C:\Users\kunjm\OneDrive\Desktop\Project\CI-CD Pipeline\actions-runner\actions-runner-win-x64-2.320.0\bin'
[2024-10-08 07:53:00Z INFO HostContext] Well known directory 'Root': 'C:\Users\kunjm\OneDrive\Desktop\Project\CI-CD Pipeline\actions-runner\actions-runner-win-x64-2.320.0'
[2024-10-08 07:53:00Z INFO HostContext] Well known directory 'Work': 'C:\Users\kunjm\OneDrive\Desktop\Project\CI-CD Pipeline\actions-runner\actions-runner-win-x64-2.320.0\_work'
[2024-10-08 07:53:00Z INFO JobExtension] Downloading actions
[2024-10-08 07:53:00Z INFO HostContext] Well known directory 'Bin': 'C:\Users\kunjm\OneDrive\Desktop\Project\CI-CD Pipeline\actions-runner\actions-runner-win-x64-2.320.0\bin'
[2024-10-08 07:53:00Z INFO HostContext] Well known directory 'Root': 'C:\Users\kunjm\OneDrive\Desktop\Project\CI-CD Pipeline\actions-runner\actions-runner-win-x64-2.320.0'
[2024-10-08 07:53:00Z INFO HostContext] Well known directory 'Work': 'C:\Users\kunjm\OneDrive\Desktop\Project\CI-CD Pipeline\actions-runner\actions-runner-win-x64-2.320.0\_work'
[2024-10-08 07:53:00Z INFO HostContext] Well known directory 'Actions': 'C:\Users\kunjm\OneDrive\Desktop\Project\CI-CD Pipeline\actions-runner\actions-runner-win-x64-2.320.0\_work\_actions'
[2024-10-08 07:53:01Z INFO HostContext] Well known directory 'Bin': 'C:\Users\kunjm\OneDrive\Desktop\Project\CI-CD Pipeline\actions-runner\actions-runner-win-x64-2.320.0\bin'
[2024-10-08 07:53:01Z INFO HostContext] Well known directory 'Root': 'C:\Users\kunjm\OneDrive\Desktop\Project\CI-CD Pipeline\actions-runner\actions-runner-win-x64-2.320.0'
[2024-10-08 07:53:01Z INFO HostContext] Well known directory 'Work': 'C:\Users\kunjm\OneDrive\Desktop\Project\CI-CD Pipeline\actions-runner\actions-runner-win-x64-2.320.0\_work'
[2024-10-08 07:53:01Z INFO HostContext] Well known directory 'Actions': 'C:\Users\kunjm\OneDrive\Desktop\Project\CI-CD Pipeline\actions-runner\actions-runner-win-x64-2.320.0\_work\_actions'
[2024-10-08 07:53:01Z INFO HostContext] Well known directory 'Bin': 'C:\Users\kunjm\OneDrive\Desktop\Project\CI-CD Pipeline\actions-runner\actions-runner-win-x64-2.320.0\bin'
[2024-10-08 07:53:01Z INFO HostContext] Well known directory 'Root': 'C:\Users\kunjm\OneDrive\Desktop\Project\CI-CD Pipeline\actions-runner\actions-runner-win-x64-2.320.0'
[2024-10-08 07:53:01Z INFO HostContext] Well known directory 'Work': 'C:\Users\kunjm\OneDrive\Desktop\Project\CI-CD Pipeline\actions-runner\actions-runner-win-x64-2.320.0\_work'
[2024-10-08 07:53:01Z INFO HostContext] Well known directory 'Actions': 'C:\Users\kunjm\OneDrive\Desktop\Project\CI-CD Pipeline\actions-runner\actions-runner-win-x64-2.320.0\_work\_actions'
[2024-10-08 07:53:01Z INFO ActionManager] Save archive 'https://api.github.com/repos/actions/checkout/zipball/ee0669bd1cc54295c223e0bb666b733df41de1c5' into C:\Users\kunjm\OneDrive\Desktop\Project\CI-CD Pipeline\actions-runner\actions-runner-win-x64-2.320.0\_work\_actions\_temp_cc82f84d-89cd-4def-b3a2-807005bbb283\e300eb55-99e4-4107-ac04-a044cb0bd1bd.zip.
[2024-10-08 07:53:01Z INFO JobServer] Successfully started websocket client.
[2024-10-08 07:53:01Z INFO JobServerQueue] Try to append 1 batches web console lines for record 'b68c4e50-9e0c-449a-b465-38420bcdb685', success rate: 1/1.
[2024-10-08 07:53:01Z INFO JobServerQueue] Try to append 1 batches web console lines for record 'b68c4e50-9e0c-449a-b465-38420bcdb685', success rate: 1/1.
[2024-10-08 07:53:02Z INFO ProcessChannel] Receiving message of length 0, with hash 'e3b0c44298fc1c149afbf4c8996fb92427ae41e4649b934ca495991b7852b855'
[2024-10-08 07:53:02Z INFO Worker] Cancellation/Shutdown message received.
[2024-10-08 07:53:02Z INFO HostContext] Runner will be shutdown for UserCancelled
[2024-10-08 07:53:02Z INFO JobServerQueue] Try to append 1 batches web console lines for record 'e07742bd-189a-5079-918b-43f8b2f94b89', success rate: 1/1.
[2024-10-08 07:53:02Z INFO JobServerQueue] Job timeline record has been updated for the first time.
[2024-10-08 07:53:02Z INFO ActionManager] Request URL: https://api.github.com/repos/actions/checkout/zipball/ee0669bd1cc54295c223e0bb666b733df41de1c5 X-GitHub-Request-Id: 4786:195986:1BFAB:549AA:6704E4DC Http Status: OK
[2024-10-08 07:53:02Z INFO ActionManager] Action download has been cancelled.
[2024-10-08 07:53:02Z ERR  JobExtension] Caught cancellation exception from JobExtension Initialization: System.Threading.Tasks.TaskCanceledException: A task was canceled.
   at GitHub.Runner.Worker.ActionManager.DownloadRepositoryArchive(IExecutionContext executionContext, String downloadUrl, String downloadAuthToken, String archiveFile)
   at GitHub.Runner.Worker.ActionManager.DownloadRepositoryActionAsync(IExecutionContext executionContext, ActionDownloadInfo downloadInfo)
   at GitHub.Runner.Worker.ActionManager.PrepareActionsRecursiveAsync(IExecutionContext executionContext, PrepareActionsState state, IEnumerable`1 actions, Int32 depth, Guid parentStepId)
   at GitHub.Runner.Worker.ActionManager.PrepareActionsAsync(IExecutionContext executionContext, IEnumerable`1 steps, Guid rootStepId)
   at GitHub.Runner.Worker.JobExtension.InitializeJob(IExecutionContext jobContext, AgentJobRequestMessage message)
[2024-10-08 07:53:02Z INFO ExecutionContext] Publish step telemetry for current step {
  "action": "setup_job",
  "type": "runner",
  "stage": "Pre",
  "stepId": "b68c4e50-9e0c-449a-b465-38420bcdb685",
  "result": "canceled",
  "errorMessages": [
    "A task was canceled."
  ],
  "executionTimeInSeconds": 2,
  "startTime": "2024-10-08T07:53:00.5686571Z",
  "finishTime": "2024-10-08T07:53:02.3634013Z"
}.
[2024-10-08 07:53:02Z ERR  JobRunner] Job is cancelled during initialize.
[2024-10-08 07:53:02Z ERR  JobRunner] Caught exception: System.Threading.Tasks.TaskCanceledException: A task was canceled.
   at GitHub.Runner.Worker.ActionManager.DownloadRepositoryArchive(IExecutionContext executionContext, String downloadUrl, String downloadAuthToken, String archiveFile)
   at GitHub.Runner.Worker.ActionManager.DownloadRepositoryActionAsync(IExecutionContext executionContext, ActionDownloadInfo downloadInfo)
   at GitHub.Runner.Worker.ActionManager.PrepareActionsRecursiveAsync(IExecutionContext executionContext, PrepareActionsState state, IEnumerable`1 actions, Int32 depth, Guid parentStepId)
   at GitHub.Runner.Worker.ActionManager.PrepareActionsAsync(IExecutionContext executionContext, IEnumerable`1 steps, Guid rootStepId)
   at GitHub.Runner.Worker.JobExtension.InitializeJob(IExecutionContext jobContext, AgentJobRequestMessage message)
   at GitHub.Runner.Worker.JobRunner.RunAsync(AgentJobRequestMessage message, CancellationToken jobRequestCancellationToken)
[2024-10-08 07:53:02Z INFO JobRunner] Shutting down the job server queue.
[2024-10-08 07:53:02Z INFO JobServerQueue] Fire signal to shutdown all queues.
[2024-10-08 07:53:02Z INFO JobServerQueue] All queue process task stopped.
[2024-10-08 07:53:02Z INFO JobServerQueue] Try to append 1 batches web console lines for record 'b68c4e50-9e0c-449a-b465-38420bcdb685', success rate: 1/1.
[2024-10-08 07:53:02Z INFO JobServerQueue] Web console line queue drained.
[2024-10-08 07:53:02Z INFO JobServerQueue] Uploading 2 files in one shot.
[2024-10-08 07:53:04Z INFO JobServerQueue] Try to upload 2 log files or attachments, success rate: 2/2.
[2024-10-08 07:53:04Z INFO JobServerQueue] File upload queue drained.
[2024-10-08 07:53:04Z INFO JobServerQueue] Starting results-based upload queue...
[2024-10-08 07:53:04Z INFO JobServerQueue] Uploading 2 file(s) in one shot through results service.
[2024-10-08 07:53:04Z INFO JobServerQueue] Got a step log file to send to results service.
[2024-10-08 07:53:04Z INFO JobServerQueue] Starting upload of step log file to results service ResultsLog, C:\Users\kunjm\OneDrive\Desktop\Project\CI-CD Pipeline\actions-runner\actions-runner-win-x64-2.320.0\_diag\blocks\b7849fc7-ca54-461c-904b-6d986a5889b8_b68c4e50-9e0c-449a-b465-38420bcdb685.1
[2024-10-08 07:53:06Z INFO JobServerQueue] Got a job log file to send to results service.
[2024-10-08 07:53:06Z INFO JobServerQueue] Starting upload of job log file to results service ResultsLog, C:\Users\kunjm\OneDrive\Desktop\Project\CI-CD Pipeline\actions-runner\actions-runner-win-x64-2.320.0\_diag\blocks\b7849fc7-ca54-461c-904b-6d986a5889b8_e07742bd-189a-5079-918b-43f8b2f94b89.1
[2024-10-08 07:53:08Z INFO JobServerQueue] Tried to upload 2 file(s) to results, success rate: 2/2.
[2024-10-08 07:53:08Z INFO JobServerQueue] Results upload queue drained.
[2024-10-08 07:53:10Z INFO JobServerQueue] Timeline update queue drained.
[2024-10-08 07:53:10Z INFO JobServerQueue] Disposing job server ...
[2024-10-08 07:53:10Z INFO JobServerQueue] Disposing results server ...
[2024-10-08 07:53:10Z INFO JobServerQueue] All queue process tasks have been stopped, and all queues are drained.
[2024-10-08 07:53:10Z INFO JobServerQueue] Actions upload time: 1340 ms, Result upload time: 4326 ms
[2024-10-08 07:53:10Z INFO TempDirectoryManager] Cleaning runner temp folder: C:\Users\kunjm\OneDrive\Desktop\Project\CI-CD Pipeline\actions-runner\actions-runner-win-x64-2.320.0\_work\_temp
[2024-10-08 07:53:10Z INFO HostContext] Well known directory 'Bin': 'C:\Users\kunjm\OneDrive\Desktop\Project\CI-CD Pipeline\actions-runner\actions-runner-win-x64-2.320.0\bin'
[2024-10-08 07:53:10Z INFO HostContext] Well known directory 'Root': 'C:\Users\kunjm\OneDrive\Desktop\Project\CI-CD Pipeline\actions-runner\actions-runner-win-x64-2.320.0'
[2024-10-08 07:53:10Z INFO HostContext] Well known directory 'Diag': 'C:\Users\kunjm\OneDrive\Desktop\Project\CI-CD Pipeline\actions-runner\actions-runner-win-x64-2.320.0\_diag'
[2024-10-08 07:53:10Z INFO HostContext] Well known config file 'Telemetry': 'C:\Users\kunjm\OneDrive\Desktop\Project\CI-CD Pipeline\actions-runner\actions-runner-win-x64-2.320.0\_diag\.telemetry'
[2024-10-08 07:53:10Z INFO JobRunner] Raising job completed event
